
main.elf:     file format elf32-avr

Sections:
Idx Name          Size      VMA       LMA       File off  Algn
  0 .data         000000f0  00800100  00001236  000012ca  2**0
                  CONTENTS, ALLOC, LOAD, DATA
  1 .text         00001236  00000000  00000000  00000094  2**1
                  CONTENTS, ALLOC, LOAD, READONLY, CODE
  2 .bss          0000000c  008001f0  008001f0  000013ba  2**0
                  ALLOC
  3 .comment      00000011  00000000  00000000  000013ba  2**0
                  CONTENTS, READONLY
  4 .note.gnu.avr.deviceinfo 00000040  00000000  00000000  000013cc  2**2
                  CONTENTS, READONLY

Disassembly of section .text:

00000000 <__vectors>:
       0:	0c 94 34 00 	jmp	0x68	; 0x68 <__ctors_end>
       4:	0c 94 51 00 	jmp	0xa2	; 0xa2 <__bad_interrupt>
       8:	0c 94 51 00 	jmp	0xa2	; 0xa2 <__bad_interrupt>
       c:	0c 94 51 00 	jmp	0xa2	; 0xa2 <__bad_interrupt>
      10:	0c 94 51 00 	jmp	0xa2	; 0xa2 <__bad_interrupt>
      14:	0c 94 51 00 	jmp	0xa2	; 0xa2 <__bad_interrupt>
      18:	0c 94 51 00 	jmp	0xa2	; 0xa2 <__bad_interrupt>
      1c:	0c 94 51 00 	jmp	0xa2	; 0xa2 <__bad_interrupt>
      20:	0c 94 51 00 	jmp	0xa2	; 0xa2 <__bad_interrupt>
      24:	0c 94 51 00 	jmp	0xa2	; 0xa2 <__bad_interrupt>
      28:	0c 94 51 00 	jmp	0xa2	; 0xa2 <__bad_interrupt>
      2c:	0c 94 51 00 	jmp	0xa2	; 0xa2 <__bad_interrupt>
      30:	0c 94 51 00 	jmp	0xa2	; 0xa2 <__bad_interrupt>
      34:	0c 94 b0 03 	jmp	0x760	; 0x760 <__vector_13>
      38:	0c 94 51 00 	jmp	0xa2	; 0xa2 <__bad_interrupt>
      3c:	0c 94 51 00 	jmp	0xa2	; 0xa2 <__bad_interrupt>
      40:	0c 94 51 00 	jmp	0xa2	; 0xa2 <__bad_interrupt>
      44:	0c 94 51 00 	jmp	0xa2	; 0xa2 <__bad_interrupt>
      48:	0c 94 51 00 	jmp	0xa2	; 0xa2 <__bad_interrupt>
      4c:	0c 94 51 00 	jmp	0xa2	; 0xa2 <__bad_interrupt>
      50:	0c 94 51 00 	jmp	0xa2	; 0xa2 <__bad_interrupt>
      54:	0c 94 51 00 	jmp	0xa2	; 0xa2 <__bad_interrupt>
      58:	0c 94 51 00 	jmp	0xa2	; 0xa2 <__bad_interrupt>
      5c:	0c 94 51 00 	jmp	0xa2	; 0xa2 <__bad_interrupt>
      60:	0c 94 51 00 	jmp	0xa2	; 0xa2 <__bad_interrupt>
      64:	0c 94 51 00 	jmp	0xa2	; 0xa2 <__bad_interrupt>

00000068 <__ctors_end>:
      68:	11 24       	eor	r1, r1
      6a:	1f be       	out	0x3f, r1	; 63
      6c:	cf ef       	ldi	r28, 0xFF	; 255
      6e:	d8 e0       	ldi	r29, 0x08	; 8
      70:	de bf       	out	0x3e, r29	; 62
      72:	cd bf       	out	0x3d, r28	; 61

00000074 <__do_copy_data>:
      74:	11 e0       	ldi	r17, 0x01	; 1
      76:	a0 e0       	ldi	r26, 0x00	; 0
      78:	b1 e0       	ldi	r27, 0x01	; 1
      7a:	e6 e3       	ldi	r30, 0x36	; 54
      7c:	f2 e1       	ldi	r31, 0x12	; 18
      7e:	02 c0       	rjmp	.+4      	; 0x84 <__do_copy_data+0x10>
      80:	05 90       	lpm	r0, Z+
      82:	0d 92       	st	X+, r0
      84:	a0 3f       	cpi	r26, 0xF0	; 240
      86:	b1 07       	cpc	r27, r17
      88:	d9 f7       	brne	.-10     	; 0x80 <__do_copy_data+0xc>

0000008a <__do_clear_bss>:
      8a:	21 e0       	ldi	r18, 0x01	; 1
      8c:	a0 ef       	ldi	r26, 0xF0	; 240
      8e:	b1 e0       	ldi	r27, 0x01	; 1
      90:	01 c0       	rjmp	.+2      	; 0x94 <.do_clear_bss_start>

00000092 <.do_clear_bss_loop>:
      92:	1d 92       	st	X+, r1

00000094 <.do_clear_bss_start>:
      94:	ac 3f       	cpi	r26, 0xFC	; 252
      96:	b2 07       	cpc	r27, r18
      98:	e1 f7       	brne	.-8      	; 0x92 <.do_clear_bss_loop>
      9a:	0e 94 ea 03 	call	0x7d4	; 0x7d4 <main>
      9e:	0c 94 19 09 	jmp	0x1232	; 0x1232 <_exit>

000000a2 <__bad_interrupt>:
      a2:	0c 94 00 00 	jmp	0	; 0x0 <__vectors>

000000a6 <uart_getchar>:
      a6:	80 91 c0 00 	lds	r24, 0x00C0
      aa:	87 ff       	sbrs	r24, 7
      ac:	fc cf       	rjmp	.-8      	; 0xa6 <uart_getchar>
      ae:	80 91 c6 00 	lds	r24, 0x00C6
      b2:	90 e0       	ldi	r25, 0x00	; 0
      b4:	08 95       	ret

000000b6 <uart_putchar>:
      b6:	cf 93       	push	r28
      b8:	c8 2f       	mov	r28, r24
      ba:	8a 30       	cpi	r24, 0x0A	; 10
      bc:	19 f4       	brne	.+6      	; 0xc4 <uart_putchar+0xe>
      be:	8d e0       	ldi	r24, 0x0D	; 13
      c0:	0e 94 5b 00 	call	0xb6	; 0xb6 <uart_putchar>
      c4:	59 98       	cbi	0x0b, 1	; 11
      c6:	8f e9       	ldi	r24, 0x9F	; 159
      c8:	91 e0       	ldi	r25, 0x01	; 1
      ca:	01 97       	sbiw	r24, 0x01	; 1
      cc:	f1 f7       	brne	.-4      	; 0xca <uart_putchar+0x14>
      ce:	00 c0       	rjmp	.+0      	; 0xd0 <uart_putchar+0x1a>
      d0:	00 00       	nop
      d2:	20 e0       	ldi	r18, 0x00	; 0
      d4:	30 e0       	ldi	r19, 0x00	; 0
      d6:	8c 2f       	mov	r24, r28
      d8:	cc 0f       	add	r28, r28
      da:	99 0b       	sbc	r25, r25
      dc:	ac 01       	movw	r20, r24
      de:	02 2e       	mov	r0, r18
      e0:	02 c0       	rjmp	.+4      	; 0xe6 <uart_putchar+0x30>
      e2:	55 95       	asr	r21
      e4:	47 95       	ror	r20
      e6:	0a 94       	dec	r0
      e8:	e2 f7       	brpl	.-8      	; 0xe2 <uart_putchar+0x2c>
      ea:	40 ff       	sbrs	r20, 0
      ec:	02 c0       	rjmp	.+4      	; 0xf2 <uart_putchar+0x3c>
      ee:	59 9a       	sbi	0x0b, 1	; 11
      f0:	01 c0       	rjmp	.+2      	; 0xf4 <uart_putchar+0x3e>
      f2:	59 98       	cbi	0x0b, 1	; 11
      f4:	ef e9       	ldi	r30, 0x9F	; 159
      f6:	f1 e0       	ldi	r31, 0x01	; 1
      f8:	31 97       	sbiw	r30, 0x01	; 1
      fa:	f1 f7       	brne	.-4      	; 0xf8 <uart_putchar+0x42>
      fc:	00 c0       	rjmp	.+0      	; 0xfe <uart_putchar+0x48>
      fe:	00 00       	nop
     100:	2f 5f       	subi	r18, 0xFF	; 255
     102:	3f 4f       	sbci	r19, 0xFF	; 255
     104:	28 30       	cpi	r18, 0x08	; 8
     106:	31 05       	cpc	r19, r1
     108:	49 f7       	brne	.-46     	; 0xdc <uart_putchar+0x26>
     10a:	59 9a       	sbi	0x0b, 1	; 11
     10c:	8f e9       	ldi	r24, 0x9F	; 159
     10e:	91 e0       	ldi	r25, 0x01	; 1
     110:	01 97       	sbiw	r24, 0x01	; 1
     112:	f1 f7       	brne	.-4      	; 0x110 <uart_putchar+0x5a>
     114:	00 c0       	rjmp	.+0      	; 0x116 <uart_putchar+0x60>
     116:	00 00       	nop
     118:	80 e0       	ldi	r24, 0x00	; 0
     11a:	90 e0       	ldi	r25, 0x00	; 0
     11c:	cf 91       	pop	r28
     11e:	08 95       	ret

00000120 <uart_init>:
     120:	87 e6       	ldi	r24, 0x67	; 103
     122:	90 e0       	ldi	r25, 0x00	; 0
     124:	90 93 c5 00 	sts	0x00C5, r25
     128:	80 93 c4 00 	sts	0x00C4, r24
     12c:	51 9a       	sbi	0x0a, 1	; 10
     12e:	e1 ec       	ldi	r30, 0xC1	; 193
     130:	f0 e0       	ldi	r31, 0x00	; 0
     132:	80 81       	ld	r24, Z
     134:	80 61       	ori	r24, 0x10	; 16
     136:	80 83       	st	Z, r24
     138:	e2 ec       	ldi	r30, 0xC2	; 194
     13a:	f0 e0       	ldi	r31, 0x00	; 0
     13c:	80 81       	ld	r24, Z
     13e:	86 60       	ori	r24, 0x06	; 6
     140:	80 83       	st	Z, r24
     142:	80 81       	ld	r24, Z
     144:	87 7f       	andi	r24, 0xF7	; 247
     146:	80 83       	st	Z, r24
     148:	80 81       	ld	r24, Z
     14a:	8f 7c       	andi	r24, 0xCF	; 207
     14c:	80 83       	st	Z, r24
     14e:	60 e0       	ldi	r22, 0x00	; 0
     150:	70 e0       	ldi	r23, 0x00	; 0
     152:	8b e5       	ldi	r24, 0x5B	; 91
     154:	90 e0       	ldi	r25, 0x00	; 0
     156:	0e 94 3e 04 	call	0x87c	; 0x87c <fdevopen>
     15a:	63 e5       	ldi	r22, 0x53	; 83
     15c:	70 e0       	ldi	r23, 0x00	; 0
     15e:	80 e0       	ldi	r24, 0x00	; 0
     160:	90 e0       	ldi	r25, 0x00	; 0
     162:	0e 94 3e 04 	call	0x87c	; 0x87c <fdevopen>
     166:	85 e2       	ldi	r24, 0x25	; 37
     168:	8f 93       	push	r24
     16a:	80 e8       	ldi	r24, 0x80	; 128
     16c:	8f 93       	push	r24
     16e:	86 e0       	ldi	r24, 0x06	; 6
     170:	91 e0       	ldi	r25, 0x01	; 1
     172:	9f 93       	push	r25
     174:	8f 93       	push	r24
     176:	0e 94 ff 04 	call	0x9fe	; 0x9fe <printf>
     17a:	0f 90       	pop	r0
     17c:	0f 90       	pop	r0
     17e:	0f 90       	pop	r0
     180:	0f 90       	pop	r0
     182:	08 95       	ret

00000184 <shiftright>:
     184:	61 50       	subi	r22, 0x01	; 1
     186:	71 09       	sbc	r23, r1
     188:	fc 01       	movw	r30, r24
     18a:	e6 0f       	add	r30, r22
     18c:	f7 1f       	adc	r31, r23
     18e:	df 01       	movw	r26, r30
     190:	12 96       	adiw	r26, 0x02	; 2
     192:	48 0f       	add	r20, r24
     194:	59 1f       	adc	r21, r25
     196:	e4 17       	cp	r30, r20
     198:	f5 07       	cpc	r31, r21
     19a:	20 f0       	brcs	.+8      	; 0x1a4 <shiftright+0x20>
     19c:	80 81       	ld	r24, Z
     19e:	8e 93       	st	-X, r24
     1a0:	31 97       	sbiw	r30, 0x01	; 1
     1a2:	f9 cf       	rjmp	.-14     	; 0x196 <shiftright+0x12>
     1a4:	08 95       	ret

000001a6 <shiftleft>:
     1a6:	fc 01       	movw	r30, r24
     1a8:	e4 0f       	add	r30, r20
     1aa:	f5 1f       	adc	r31, r21
     1ac:	df 01       	movw	r26, r30
     1ae:	11 96       	adiw	r26, 0x01	; 1
     1b0:	61 50       	subi	r22, 0x01	; 1
     1b2:	71 09       	sbc	r23, r1
     1b4:	68 0f       	add	r22, r24
     1b6:	79 1f       	adc	r23, r25
     1b8:	6e 17       	cp	r22, r30
     1ba:	7f 07       	cpc	r23, r31
     1bc:	18 f0       	brcs	.+6      	; 0x1c4 <shiftleft+0x1e>
     1be:	8d 91       	ld	r24, X+
     1c0:	81 93       	st	Z+, r24
     1c2:	fa cf       	rjmp	.-12     	; 0x1b8 <shiftleft+0x12>
     1c4:	08 95       	ret

000001c6 <readline>:
     1c6:	2f 92       	push	r2
     1c8:	3f 92       	push	r3
     1ca:	5f 92       	push	r5
     1cc:	6f 92       	push	r6
     1ce:	7f 92       	push	r7
     1d0:	8f 92       	push	r8
     1d2:	9f 92       	push	r9
     1d4:	af 92       	push	r10
     1d6:	bf 92       	push	r11
     1d8:	cf 92       	push	r12
     1da:	df 92       	push	r13
     1dc:	ef 92       	push	r14
     1de:	ff 92       	push	r15
     1e0:	0f 93       	push	r16
     1e2:	1f 93       	push	r17
     1e4:	cf 93       	push	r28
     1e6:	df 93       	push	r29
     1e8:	cd b7       	in	r28, 0x3d	; 61
     1ea:	de b7       	in	r29, 0x3e	; 62
     1ec:	29 97       	sbiw	r28, 0x09	; 9
     1ee:	0f b6       	in	r0, 0x3f	; 63
     1f0:	f8 94       	cli
     1f2:	de bf       	out	0x3e, r29	; 62
     1f4:	0f be       	out	0x3f, r0	; 63
     1f6:	cd bf       	out	0x3d, r28	; 61
     1f8:	5c 01       	movw	r10, r24
     1fa:	06 2f       	mov	r16, r22
     1fc:	57 2e       	mov	r5, r23
     1fe:	5a 83       	std	Y+2, r21	; 0x02
     200:	49 83       	std	Y+1, r20	; 0x01
     202:	3e 83       	std	Y+6, r19	; 0x06
     204:	2d 83       	std	Y+5, r18	; 0x05
     206:	dc 01       	movw	r26, r24
     208:	1c 92       	st	X, r1
     20a:	7f 93       	push	r23
     20c:	6f 93       	push	r22
     20e:	0e 94 ff 04 	call	0x9fe	; 0x9fe <printf>
     212:	0f 90       	pop	r0
     214:	0f 90       	pop	r0
     216:	c1 2c       	mov	r12, r1
     218:	d1 2c       	mov	r13, r1
     21a:	20 e0       	ldi	r18, 0x00	; 0
     21c:	e1 2c       	mov	r14, r1
     21e:	f1 2c       	mov	r15, r1
     220:	19 86       	std	Y+9, r1	; 0x09
     222:	18 86       	std	Y+8, r1	; 0x08
     224:	73 e2       	ldi	r23, 0x23	; 35
     226:	27 2e       	mov	r2, r23
     228:	71 e0       	ldi	r23, 0x01	; 1
     22a:	37 2e       	mov	r3, r23
     22c:	ea e2       	ldi	r30, 0x2A	; 42
     22e:	8e 2e       	mov	r8, r30
     230:	e1 e0       	ldi	r30, 0x01	; 1
     232:	9e 2e       	mov	r9, r30
     234:	e9 81       	ldd	r30, Y+1	; 0x01
     236:	fa 81       	ldd	r31, Y+2	; 0x02
     238:	31 97       	sbiw	r30, 0x01	; 1
     23a:	fc 83       	std	Y+4, r31	; 0x04
     23c:	eb 83       	std	Y+3, r30	; 0x03
     23e:	8d 81       	ldd	r24, Y+5	; 0x05
     240:	9e 81       	ldd	r25, Y+6	; 0x06
     242:	2f 83       	std	Y+7, r18	; 0x07
     244:	0e 94 89 04 	call	0x912	; 0x912 <fgetc>
     248:	18 2f       	mov	r17, r24
     24a:	2f 81       	ldd	r18, Y+7	; 0x07
     24c:	8b 31       	cpi	r24, 0x1B	; 27
     24e:	21 f4       	brne	.+8      	; 0x258 <readline+0x92>
     250:	cc 24       	eor	r12, r12
     252:	c3 94       	inc	r12
     254:	d1 2c       	mov	r13, r1
     256:	1e c0       	rjmp	.+60     	; 0x294 <readline+0xce>
     258:	8d 35       	cpi	r24, 0x5D	; 93
     25a:	f1 f0       	breq	.+60     	; 0x298 <readline+0xd2>
     25c:	88 34       	cpi	r24, 0x48	; 72
     25e:	11 f1       	breq	.+68     	; 0x2a4 <readline+0xde>
     260:	86 34       	cpi	r24, 0x46	; 70
     262:	09 f4       	brne	.+2      	; 0x266 <readline+0xa0>
     264:	49 c0       	rjmp	.+146    	; 0x2f8 <readline+0x132>
     266:	c1 14       	cp	r12, r1
     268:	d1 04       	cpc	r13, r1
     26a:	09 f4       	brne	.+2      	; 0x26e <readline+0xa8>
     26c:	6f c0       	rjmp	.+222    	; 0x34c <readline+0x186>
     26e:	f1 e0       	ldi	r31, 0x01	; 1
     270:	cf 16       	cp	r12, r31
     272:	d1 04       	cpc	r13, r1
     274:	09 f0       	breq	.+2      	; 0x278 <readline+0xb2>
     276:	3b c2       	rjmp	.+1142   	; 0x6ee <readline+0x528>
     278:	8b 35       	cpi	r24, 0x5B	; 91
     27a:	61 f0       	breq	.+24     	; 0x294 <readline+0xce>
     27c:	84 34       	cpi	r24, 0x44	; 68
     27e:	09 f4       	brne	.+2      	; 0x282 <readline+0xbc>
     280:	93 c1       	rjmp	.+806    	; 0x5a8 <readline+0x3e2>
     282:	83 34       	cpi	r24, 0x43	; 67
     284:	09 f4       	brne	.+2      	; 0x288 <readline+0xc2>
     286:	ae c1       	rjmp	.+860    	; 0x5e4 <readline+0x41e>
     288:	83 33       	cpi	r24, 0x33	; 51
     28a:	09 f0       	breq	.+2      	; 0x28e <readline+0xc8>
     28c:	23 c2       	rjmp	.+1094   	; 0x6d4 <readline+0x50e>
     28e:	52 e0       	ldi	r21, 0x02	; 2
     290:	c5 2e       	mov	r12, r21
     292:	d1 2c       	mov	r13, r1
     294:	21 2f       	mov	r18, r17
     296:	d3 cf       	rjmp	.-90     	; 0x23e <readline+0x78>
     298:	f1 e0       	ldi	r31, 0x01	; 1
     29a:	cf 16       	cp	r12, r31
     29c:	d1 04       	cpc	r13, r1
     29e:	09 f0       	breq	.+2      	; 0x2a2 <readline+0xdc>
     2a0:	22 c2       	rjmp	.+1092   	; 0x6e6 <readline+0x520>
     2a2:	f8 cf       	rjmp	.-16     	; 0x294 <readline+0xce>
     2a4:	21 e0       	ldi	r18, 0x01	; 1
     2a6:	c2 16       	cp	r12, r18
     2a8:	d1 04       	cpc	r13, r1
     2aa:	09 f0       	breq	.+2      	; 0x2ae <readline+0xe8>
     2ac:	1c c2       	rjmp	.+1080   	; 0x6e6 <readline+0x520>
     2ae:	83 e0       	ldi	r24, 0x03	; 3
     2b0:	8f 93       	push	r24
     2b2:	88 ee       	ldi	r24, 0xE8	; 232
     2b4:	8f 93       	push	r24
     2b6:	1f 92       	push	r1
     2b8:	4b e1       	ldi	r20, 0x1B	; 27
     2ba:	d4 2e       	mov	r13, r20
     2bc:	df 92       	push	r13
     2be:	3f 92       	push	r3
     2c0:	2f 92       	push	r2
     2c2:	0e 94 ff 04 	call	0x9fe	; 0x9fe <printf>
     2c6:	a0 2f       	mov	r26, r16
     2c8:	b5 2d       	mov	r27, r5
     2ca:	fd 01       	movw	r30, r26
     2cc:	01 90       	ld	r0, Z+
     2ce:	00 20       	and	r0, r0
     2d0:	e9 f7       	brne	.-6      	; 0x2cc <readline+0x106>
     2d2:	31 97       	sbiw	r30, 0x01	; 1
     2d4:	ea 1b       	sub	r30, r26
     2d6:	fb 0b       	sbc	r31, r27
     2d8:	ff 93       	push	r31
     2da:	ef 93       	push	r30
     2dc:	1f 92       	push	r1
     2de:	df 92       	push	r13
     2e0:	9f 92       	push	r9
     2e2:	8f 92       	push	r8
     2e4:	0e 94 ff 04 	call	0x9fe	; 0x9fe <printf>
     2e8:	0f b6       	in	r0, 0x3f	; 63
     2ea:	f8 94       	cli
     2ec:	de bf       	out	0x3e, r29	; 62
     2ee:	0f be       	out	0x3f, r0	; 63
     2f0:	cd bf       	out	0x3d, r28	; 61
     2f2:	c1 2c       	mov	r12, r1
     2f4:	d1 2c       	mov	r13, r1
     2f6:	55 c1       	rjmp	.+682    	; 0x5a2 <readline+0x3dc>
     2f8:	91 e0       	ldi	r25, 0x01	; 1
     2fa:	c9 16       	cp	r12, r25
     2fc:	d1 04       	cpc	r13, r1
     2fe:	09 f0       	breq	.+2      	; 0x302 <readline+0x13c>
     300:	f2 c1       	rjmp	.+996    	; 0x6e6 <readline+0x520>
     302:	83 e0       	ldi	r24, 0x03	; 3
     304:	8f 93       	push	r24
     306:	88 ee       	ldi	r24, 0xE8	; 232
     308:	8f 93       	push	r24
     30a:	1f 92       	push	r1
     30c:	3b e1       	ldi	r19, 0x1B	; 27
     30e:	d3 2e       	mov	r13, r19
     310:	df 92       	push	r13
     312:	3f 92       	push	r3
     314:	2f 92       	push	r2
     316:	0e 94 ff 04 	call	0x9fe	; 0x9fe <printf>
     31a:	a0 2f       	mov	r26, r16
     31c:	b5 2d       	mov	r27, r5
     31e:	fd 01       	movw	r30, r26
     320:	01 90       	ld	r0, Z+
     322:	00 20       	and	r0, r0
     324:	e9 f7       	brne	.-6      	; 0x320 <readline+0x15a>
     326:	31 97       	sbiw	r30, 0x01	; 1
     328:	ea 1b       	sub	r30, r26
     32a:	fb 0b       	sbc	r31, r27
     32c:	ee 0d       	add	r30, r14
     32e:	ff 1d       	adc	r31, r15
     330:	ff 93       	push	r31
     332:	ef 93       	push	r30
     334:	1f 92       	push	r1
     336:	df 92       	push	r13
     338:	9f 92       	push	r9
     33a:	8f 92       	push	r8
     33c:	0e 94 ff 04 	call	0x9fe	; 0x9fe <printf>
     340:	0f b6       	in	r0, 0x3f	; 63
     342:	f8 94       	cli
     344:	de bf       	out	0x3e, r29	; 62
     346:	0f be       	out	0x3f, r0	; 63
     348:	cd bf       	out	0x3d, r28	; 61
     34a:	33 c0       	rjmp	.+102    	; 0x3b2 <readline+0x1ec>
     34c:	80 32       	cpi	r24, 0x20	; 32
     34e:	0c f4       	brge	.+2      	; 0x352 <readline+0x18c>
     350:	49 c0       	rjmp	.+146    	; 0x3e4 <readline+0x21e>
     352:	8f 37       	cpi	r24, 0x7F	; 127
     354:	09 f4       	brne	.+2      	; 0x358 <readline+0x192>
     356:	a3 c1       	rjmp	.+838    	; 0x69e <readline+0x4d8>
     358:	28 85       	ldd	r18, Y+8	; 0x08
     35a:	39 85       	ldd	r19, Y+9	; 0x09
     35c:	8b 81       	ldd	r24, Y+3	; 0x03
     35e:	9c 81       	ldd	r25, Y+4	; 0x04
     360:	28 17       	cp	r18, r24
     362:	39 07       	cpc	r19, r25
     364:	58 f0       	brcs	.+22     	; 0x37c <readline+0x1b6>
     366:	60 91 f4 01 	lds	r22, 0x01F4
     36a:	70 91 f5 01 	lds	r23, 0x01F5
     36e:	87 e0       	ldi	r24, 0x07	; 7
     370:	90 e0       	ldi	r25, 0x00	; 0
     372:	0e 94 c7 04 	call	0x98e	; 0x98e <fputc>
     376:	c1 2c       	mov	r12, r1
     378:	d1 2c       	mov	r13, r1
     37a:	8c cf       	rjmp	.-232    	; 0x294 <readline+0xce>
     37c:	c8 84       	ldd	r12, Y+8	; 0x08
     37e:	d9 84       	ldd	r13, Y+9	; 0x09
     380:	ca 0c       	add	r12, r10
     382:	db 1c       	adc	r13, r11
     384:	28 85       	ldd	r18, Y+8	; 0x08
     386:	39 85       	ldd	r19, Y+9	; 0x09
     388:	2f 5f       	subi	r18, 0xFF	; 255
     38a:	3f 4f       	sbci	r19, 0xFF	; 255
     38c:	39 01       	movw	r6, r18
     38e:	28 85       	ldd	r18, Y+8	; 0x08
     390:	39 85       	ldd	r19, Y+9	; 0x09
     392:	2e 15       	cp	r18, r14
     394:	3f 05       	cpc	r19, r15
     396:	81 f4       	brne	.+32     	; 0x3b8 <readline+0x1f2>
     398:	d6 01       	movw	r26, r12
     39a:	1c 93       	st	X, r17
     39c:	73 01       	movw	r14, r6
     39e:	f5 01       	movw	r30, r10
     3a0:	e6 0d       	add	r30, r6
     3a2:	f7 1d       	adc	r31, r7
     3a4:	10 82       	st	Z, r1
     3a6:	81 2f       	mov	r24, r17
     3a8:	01 2e       	mov	r0, r17
     3aa:	00 0c       	add	r0, r0
     3ac:	99 0b       	sbc	r25, r25
     3ae:	0e 94 15 05 	call	0xa2a	; 0xa2a <putchar>
     3b2:	f9 86       	std	Y+9, r15	; 0x09
     3b4:	e8 86       	std	Y+8, r14	; 0x08
     3b6:	df cf       	rjmp	.-66     	; 0x376 <readline+0x1b0>
     3b8:	48 85       	ldd	r20, Y+8	; 0x08
     3ba:	59 85       	ldd	r21, Y+9	; 0x09
     3bc:	b7 01       	movw	r22, r14
     3be:	c5 01       	movw	r24, r10
     3c0:	0e 94 c2 00 	call	0x184	; 0x184 <shiftright>
     3c4:	f6 01       	movw	r30, r12
     3c6:	10 83       	st	Z, r17
     3c8:	df 92       	push	r13
     3ca:	cf 92       	push	r12
     3cc:	ab e3       	ldi	r26, 0x3B	; 59
     3ce:	b1 e0       	ldi	r27, 0x01	; 1
     3d0:	bf 93       	push	r27
     3d2:	af 93       	push	r26
     3d4:	0e 94 ff 04 	call	0x9fe	; 0x9fe <printf>
     3d8:	79 86       	std	Y+9, r7	; 0x09
     3da:	68 86       	std	Y+8, r6	; 0x08
     3dc:	ff ef       	ldi	r31, 0xFF	; 255
     3de:	ef 1a       	sub	r14, r31
     3e0:	ff 0a       	sbc	r15, r31
     3e2:	36 c1       	rjmp	.+620    	; 0x650 <readline+0x48a>
     3e4:	88 30       	cpi	r24, 0x08	; 8
     3e6:	09 f0       	breq	.+2      	; 0x3ea <readline+0x224>
     3e8:	63 c0       	rjmp	.+198    	; 0x4b0 <readline+0x2ea>
     3ea:	28 85       	ldd	r18, Y+8	; 0x08
     3ec:	39 85       	ldd	r19, Y+9	; 0x09
     3ee:	23 2b       	or	r18, r19
     3f0:	49 f4       	brne	.+18     	; 0x404 <readline+0x23e>
     3f2:	60 91 f4 01 	lds	r22, 0x01F4
     3f6:	70 91 f5 01 	lds	r23, 0x01F5
     3fa:	87 e0       	ldi	r24, 0x07	; 7
     3fc:	90 e0       	ldi	r25, 0x00	; 0
     3fe:	0e 94 c7 04 	call	0x98e	; 0x98e <fputc>
     402:	48 cf       	rjmp	.-368    	; 0x294 <readline+0xce>
     404:	88 85       	ldd	r24, Y+8	; 0x08
     406:	99 85       	ldd	r25, Y+9	; 0x09
     408:	01 97       	sbiw	r24, 0x01	; 1
     40a:	28 85       	ldd	r18, Y+8	; 0x08
     40c:	39 85       	ldd	r19, Y+9	; 0x09
     40e:	2e 15       	cp	r18, r14
     410:	3f 05       	cpc	r19, r15
     412:	81 f4       	brne	.+32     	; 0x434 <readline+0x26e>
     414:	7c 01       	movw	r14, r24
     416:	f5 01       	movw	r30, r10
     418:	e8 0f       	add	r30, r24
     41a:	f9 1f       	adc	r31, r25
     41c:	10 82       	st	Z, r1
     41e:	a1 e3       	ldi	r26, 0x31	; 49
     420:	b1 e0       	ldi	r27, 0x01	; 1
     422:	bf 93       	push	r27
     424:	af 93       	push	r26
     426:	0e 94 ff 04 	call	0x9fe	; 0x9fe <printf>
     42a:	0f 90       	pop	r0
     42c:	0f 90       	pop	r0
     42e:	f9 86       	std	Y+9, r15	; 0x09
     430:	e8 86       	std	Y+8, r14	; 0x08
     432:	30 cf       	rjmp	.-416    	; 0x294 <readline+0xce>
     434:	99 87       	std	Y+9, r25	; 0x09
     436:	88 87       	std	Y+8, r24	; 0x08
     438:	ac 01       	movw	r20, r24
     43a:	b7 01       	movw	r22, r14
     43c:	c5 01       	movw	r24, r10
     43e:	0e 94 d3 00 	call	0x1a6	; 0x1a6 <shiftleft>
     442:	f1 e0       	ldi	r31, 0x01	; 1
     444:	ef 1a       	sub	r14, r31
     446:	f1 08       	sbc	r15, r1
     448:	f5 01       	movw	r30, r10
     44a:	ee 0d       	add	r30, r14
     44c:	ff 1d       	adc	r31, r15
     44e:	10 82       	st	Z, r1
     450:	88 e0       	ldi	r24, 0x08	; 8
     452:	90 e0       	ldi	r25, 0x00	; 0
     454:	0e 94 15 05 	call	0xa2a	; 0xa2a <putchar>
     458:	88 85       	ldd	r24, Y+8	; 0x08
     45a:	99 85       	ldd	r25, Y+9	; 0x09
     45c:	8a 0d       	add	r24, r10
     45e:	9b 1d       	adc	r25, r11
     460:	9f 93       	push	r25
     462:	8f 93       	push	r24
     464:	a5 e3       	ldi	r26, 0x35	; 53
     466:	b1 e0       	ldi	r27, 0x01	; 1
     468:	bf 93       	push	r27
     46a:	af 93       	push	r26
     46c:	0e 94 ff 04 	call	0x9fe	; 0x9fe <printf>
     470:	83 e0       	ldi	r24, 0x03	; 3
     472:	8f 93       	push	r24
     474:	88 ee       	ldi	r24, 0xE8	; 232
     476:	8f 93       	push	r24
     478:	1f 92       	push	r1
     47a:	2b e1       	ldi	r18, 0x1B	; 27
     47c:	72 2e       	mov	r7, r18
     47e:	7f 92       	push	r7
     480:	3f 92       	push	r3
     482:	2f 92       	push	r2
     484:	0e 94 ff 04 	call	0x9fe	; 0x9fe <printf>
     488:	a0 2f       	mov	r26, r16
     48a:	b5 2d       	mov	r27, r5
     48c:	fd 01       	movw	r30, r26
     48e:	01 90       	ld	r0, Z+
     490:	00 20       	and	r0, r0
     492:	e9 f7       	brne	.-6      	; 0x48e <readline+0x2c8>
     494:	31 97       	sbiw	r30, 0x01	; 1
     496:	ea 1b       	sub	r30, r26
     498:	fb 0b       	sbc	r31, r27
     49a:	28 85       	ldd	r18, Y+8	; 0x08
     49c:	39 85       	ldd	r19, Y+9	; 0x09
     49e:	e2 0f       	add	r30, r18
     4a0:	f3 1f       	adc	r31, r19
     4a2:	ff 93       	push	r31
     4a4:	ef 93       	push	r30
     4a6:	1f 92       	push	r1
     4a8:	7f 92       	push	r7
     4aa:	9f 92       	push	r9
     4ac:	8f 92       	push	r8
     4ae:	43 c0       	rjmp	.+134    	; 0x536 <readline+0x370>
     4b0:	82 31       	cpi	r24, 0x12	; 18
     4b2:	09 f0       	breq	.+2      	; 0x4b6 <readline+0x2f0>
     4b4:	48 c0       	rjmp	.+144    	; 0x546 <readline+0x380>
     4b6:	8d e0       	ldi	r24, 0x0D	; 13
     4b8:	90 e0       	ldi	r25, 0x00	; 0
     4ba:	0e 94 15 05 	call	0xa2a	; 0xa2a <putchar>
     4be:	61 2c       	mov	r6, r1
     4c0:	71 2c       	mov	r7, r1
     4c2:	a9 81       	ldd	r26, Y+1	; 0x01
     4c4:	ba 81       	ldd	r27, Y+2	; 0x02
     4c6:	6a 16       	cp	r6, r26
     4c8:	7b 06       	cpc	r7, r27
     4ca:	41 f0       	breq	.+16     	; 0x4dc <readline+0x316>
     4cc:	80 e2       	ldi	r24, 0x20	; 32
     4ce:	90 e0       	ldi	r25, 0x00	; 0
     4d0:	0e 94 15 05 	call	0xa2a	; 0xa2a <putchar>
     4d4:	9f ef       	ldi	r25, 0xFF	; 255
     4d6:	69 1a       	sub	r6, r25
     4d8:	79 0a       	sbc	r7, r25
     4da:	f3 cf       	rjmp	.-26     	; 0x4c2 <readline+0x2fc>
     4dc:	8d e0       	ldi	r24, 0x0D	; 13
     4de:	90 e0       	ldi	r25, 0x00	; 0
     4e0:	0e 94 15 05 	call	0xa2a	; 0xa2a <putchar>
     4e4:	bf 92       	push	r11
     4e6:	af 92       	push	r10
     4e8:	5f 92       	push	r5
     4ea:	0f 93       	push	r16
     4ec:	a9 e3       	ldi	r26, 0x39	; 57
     4ee:	b1 e0       	ldi	r27, 0x01	; 1
     4f0:	bf 93       	push	r27
     4f2:	af 93       	push	r26
     4f4:	0e 94 ff 04 	call	0x9fe	; 0x9fe <printf>
     4f8:	83 e0       	ldi	r24, 0x03	; 3
     4fa:	8f 93       	push	r24
     4fc:	88 ee       	ldi	r24, 0xE8	; 232
     4fe:	8f 93       	push	r24
     500:	1f 92       	push	r1
     502:	9b e1       	ldi	r25, 0x1B	; 27
     504:	79 2e       	mov	r7, r25
     506:	7f 92       	push	r7
     508:	3f 92       	push	r3
     50a:	2f 92       	push	r2
     50c:	0e 94 ff 04 	call	0x9fe	; 0x9fe <printf>
     510:	a0 2f       	mov	r26, r16
     512:	b5 2d       	mov	r27, r5
     514:	fd 01       	movw	r30, r26
     516:	01 90       	ld	r0, Z+
     518:	00 20       	and	r0, r0
     51a:	e9 f7       	brne	.-6      	; 0x516 <readline+0x350>
     51c:	31 97       	sbiw	r30, 0x01	; 1
     51e:	ea 1b       	sub	r30, r26
     520:	fb 0b       	sbc	r31, r27
     522:	28 85       	ldd	r18, Y+8	; 0x08
     524:	39 85       	ldd	r19, Y+9	; 0x09
     526:	e2 0f       	add	r30, r18
     528:	f3 1f       	adc	r31, r19
     52a:	ff 93       	push	r31
     52c:	ef 93       	push	r30
     52e:	1f 92       	push	r1
     530:	7f 92       	push	r7
     532:	9f 92       	push	r9
     534:	8f 92       	push	r8
     536:	0e 94 ff 04 	call	0x9fe	; 0x9fe <printf>
     53a:	0f b6       	in	r0, 0x3f	; 63
     53c:	f8 94       	cli
     53e:	de bf       	out	0x3e, r29	; 62
     540:	0f be       	out	0x3f, r0	; 63
     542:	cd bf       	out	0x3d, r28	; 61
     544:	a7 ce       	rjmp	.-690    	; 0x294 <readline+0xce>
     546:	83 30       	cpi	r24, 0x03	; 3
     548:	09 f0       	breq	.+2      	; 0x54c <readline+0x386>
     54a:	a9 c0       	rjmp	.+338    	; 0x69e <readline+0x4d8>
     54c:	d5 01       	movw	r26, r10
     54e:	1c 92       	st	X, r1
     550:	8d e0       	ldi	r24, 0x0D	; 13
     552:	90 e0       	ldi	r25, 0x00	; 0
     554:	0e 94 15 05 	call	0xa2a	; 0xa2a <putchar>
     558:	e1 2c       	mov	r14, r1
     55a:	f1 2c       	mov	r15, r1
     55c:	e9 81       	ldd	r30, Y+1	; 0x01
     55e:	fa 81       	ldd	r31, Y+2	; 0x02
     560:	ee 16       	cp	r14, r30
     562:	ff 06       	cpc	r15, r31
     564:	41 f0       	breq	.+16     	; 0x576 <readline+0x3b0>
     566:	80 e2       	ldi	r24, 0x20	; 32
     568:	90 e0       	ldi	r25, 0x00	; 0
     56a:	0e 94 15 05 	call	0xa2a	; 0xa2a <putchar>
     56e:	bf ef       	ldi	r27, 0xFF	; 255
     570:	eb 1a       	sub	r14, r27
     572:	fb 0a       	sbc	r15, r27
     574:	f3 cf       	rjmp	.-26     	; 0x55c <readline+0x396>
     576:	8d e0       	ldi	r24, 0x0D	; 13
     578:	90 e0       	ldi	r25, 0x00	; 0
     57a:	0e 94 15 05 	call	0xa2a	; 0xa2a <putchar>
     57e:	bf 92       	push	r11
     580:	af 92       	push	r10
     582:	5f 92       	push	r5
     584:	0f 93       	push	r16
     586:	a9 e3       	ldi	r26, 0x39	; 57
     588:	b1 e0       	ldi	r27, 0x01	; 1
     58a:	bf 93       	push	r27
     58c:	af 93       	push	r26
     58e:	0e 94 ff 04 	call	0x9fe	; 0x9fe <printf>
     592:	0f 90       	pop	r0
     594:	0f 90       	pop	r0
     596:	0f 90       	pop	r0
     598:	0f 90       	pop	r0
     59a:	0f 90       	pop	r0
     59c:	0f 90       	pop	r0
     59e:	e1 2c       	mov	r14, r1
     5a0:	f1 2c       	mov	r15, r1
     5a2:	19 86       	std	Y+9, r1	; 0x09
     5a4:	18 86       	std	Y+8, r1	; 0x08
     5a6:	76 ce       	rjmp	.-788    	; 0x294 <readline+0xce>
     5a8:	2b 35       	cpi	r18, 0x5B	; 91
     5aa:	09 f0       	breq	.+2      	; 0x5ae <readline+0x3e8>
     5ac:	93 c0       	rjmp	.+294    	; 0x6d4 <readline+0x50e>
     5ae:	28 85       	ldd	r18, Y+8	; 0x08
     5b0:	39 85       	ldd	r19, Y+9	; 0x09
     5b2:	21 15       	cp	r18, r1
     5b4:	31 05       	cpc	r19, r1
     5b6:	09 f4       	brne	.+2      	; 0x5ba <readline+0x3f4>
     5b8:	d6 ce       	rjmp	.-596    	; 0x366 <readline+0x1a0>
     5ba:	21 50       	subi	r18, 0x01	; 1
     5bc:	31 09       	sbc	r19, r1
     5be:	39 87       	std	Y+9, r19	; 0x09
     5c0:	28 87       	std	Y+8, r18	; 0x08
     5c2:	1f 92       	push	r1
     5c4:	81 e0       	ldi	r24, 0x01	; 1
     5c6:	8f 93       	push	r24
     5c8:	1f 92       	push	r1
     5ca:	8b e1       	ldi	r24, 0x1B	; 27
     5cc:	8f 93       	push	r24
     5ce:	3f 92       	push	r3
     5d0:	2f 92       	push	r2
     5d2:	0e 94 ff 04 	call	0x9fe	; 0x9fe <printf>
     5d6:	0f 90       	pop	r0
     5d8:	0f 90       	pop	r0
     5da:	0f 90       	pop	r0
     5dc:	0f 90       	pop	r0
     5de:	0f 90       	pop	r0
     5e0:	0f 90       	pop	r0
     5e2:	c9 ce       	rjmp	.-622    	; 0x376 <readline+0x1b0>
     5e4:	2b 35       	cpi	r18, 0x5B	; 91
     5e6:	09 f0       	breq	.+2      	; 0x5ea <readline+0x424>
     5e8:	75 c0       	rjmp	.+234    	; 0x6d4 <readline+0x50e>
     5ea:	28 85       	ldd	r18, Y+8	; 0x08
     5ec:	39 85       	ldd	r19, Y+9	; 0x09
     5ee:	8b 81       	ldd	r24, Y+3	; 0x03
     5f0:	9c 81       	ldd	r25, Y+4	; 0x04
     5f2:	28 17       	cp	r18, r24
     5f4:	39 07       	cpc	r19, r25
     5f6:	08 f0       	brcs	.+2      	; 0x5fa <readline+0x434>
     5f8:	b6 ce       	rjmp	.-660    	; 0x366 <readline+0x1a0>
     5fa:	2f 5f       	subi	r18, 0xFF	; 255
     5fc:	3f 4f       	sbci	r19, 0xFF	; 255
     5fe:	39 87       	std	Y+9, r19	; 0x09
     600:	28 87       	std	Y+8, r18	; 0x08
     602:	1f 92       	push	r1
     604:	81 e0       	ldi	r24, 0x01	; 1
     606:	8f 93       	push	r24
     608:	1f 92       	push	r1
     60a:	8b e1       	ldi	r24, 0x1B	; 27
     60c:	8f 93       	push	r24
     60e:	9f 92       	push	r9
     610:	8f 92       	push	r8
     612:	df cf       	rjmp	.-66     	; 0x5d2 <readline+0x40c>
     614:	48 85       	ldd	r20, Y+8	; 0x08
     616:	59 85       	ldd	r21, Y+9	; 0x09
     618:	b7 01       	movw	r22, r14
     61a:	c5 01       	movw	r24, r10
     61c:	0e 94 d3 00 	call	0x1a6	; 0x1a6 <shiftleft>
     620:	31 e0       	ldi	r19, 0x01	; 1
     622:	e3 1a       	sub	r14, r19
     624:	f1 08       	sbc	r15, r1
     626:	f5 01       	movw	r30, r10
     628:	ee 0d       	add	r30, r14
     62a:	ff 1d       	adc	r31, r15
     62c:	10 82       	st	Z, r1
     62e:	88 e0       	ldi	r24, 0x08	; 8
     630:	90 e0       	ldi	r25, 0x00	; 0
     632:	0e 94 15 05 	call	0xa2a	; 0xa2a <putchar>
     636:	88 85       	ldd	r24, Y+8	; 0x08
     638:	99 85       	ldd	r25, Y+9	; 0x09
     63a:	01 97       	sbiw	r24, 0x01	; 1
     63c:	8a 0d       	add	r24, r10
     63e:	9b 1d       	adc	r25, r11
     640:	9f 93       	push	r25
     642:	8f 93       	push	r24
     644:	a5 e3       	ldi	r26, 0x35	; 53
     646:	b1 e0       	ldi	r27, 0x01	; 1
     648:	bf 93       	push	r27
     64a:	af 93       	push	r26
     64c:	0e 94 ff 04 	call	0x9fe	; 0x9fe <printf>
     650:	83 e0       	ldi	r24, 0x03	; 3
     652:	8f 93       	push	r24
     654:	88 ee       	ldi	r24, 0xE8	; 232
     656:	8f 93       	push	r24
     658:	1f 92       	push	r1
     65a:	8b e1       	ldi	r24, 0x1B	; 27
     65c:	d8 2e       	mov	r13, r24
     65e:	df 92       	push	r13
     660:	3f 92       	push	r3
     662:	2f 92       	push	r2
     664:	0e 94 ff 04 	call	0x9fe	; 0x9fe <printf>
     668:	a0 2f       	mov	r26, r16
     66a:	b5 2d       	mov	r27, r5
     66c:	fd 01       	movw	r30, r26
     66e:	01 90       	ld	r0, Z+
     670:	00 20       	and	r0, r0
     672:	e9 f7       	brne	.-6      	; 0x66e <readline+0x4a8>
     674:	31 97       	sbiw	r30, 0x01	; 1
     676:	ea 1b       	sub	r30, r26
     678:	fb 0b       	sbc	r31, r27
     67a:	28 85       	ldd	r18, Y+8	; 0x08
     67c:	39 85       	ldd	r19, Y+9	; 0x09
     67e:	e2 0f       	add	r30, r18
     680:	f3 1f       	adc	r31, r19
     682:	ff 93       	push	r31
     684:	ef 93       	push	r30
     686:	1f 92       	push	r1
     688:	df 92       	push	r13
     68a:	9f 92       	push	r9
     68c:	8f 92       	push	r8
     68e:	0e 94 ff 04 	call	0x9fe	; 0x9fe <printf>
     692:	0f b6       	in	r0, 0x3f	; 63
     694:	f8 94       	cli
     696:	de bf       	out	0x3e, r29	; 62
     698:	0f be       	out	0x3f, r0	; 63
     69a:	cd bf       	out	0x3d, r28	; 61
     69c:	6c ce       	rjmp	.-808    	; 0x376 <readline+0x1b0>
     69e:	8a e0       	ldi	r24, 0x0A	; 10
     6a0:	90 e0       	ldi	r25, 0x00	; 0
     6a2:	29 96       	adiw	r28, 0x09	; 9
     6a4:	0f b6       	in	r0, 0x3f	; 63
     6a6:	f8 94       	cli
     6a8:	de bf       	out	0x3e, r29	; 62
     6aa:	0f be       	out	0x3f, r0	; 63
     6ac:	cd bf       	out	0x3d, r28	; 61
     6ae:	df 91       	pop	r29
     6b0:	cf 91       	pop	r28
     6b2:	1f 91       	pop	r17
     6b4:	0f 91       	pop	r16
     6b6:	ff 90       	pop	r15
     6b8:	ef 90       	pop	r14
     6ba:	df 90       	pop	r13
     6bc:	cf 90       	pop	r12
     6be:	bf 90       	pop	r11
     6c0:	af 90       	pop	r10
     6c2:	9f 90       	pop	r9
     6c4:	8f 90       	pop	r8
     6c6:	7f 90       	pop	r7
     6c8:	6f 90       	pop	r6
     6ca:	5f 90       	pop	r5
     6cc:	3f 90       	pop	r3
     6ce:	2f 90       	pop	r2
     6d0:	0c 94 15 05 	jmp	0xa2a	; 0xa2a <putchar>
     6d4:	81 2f       	mov	r24, r17
     6d6:	01 2e       	mov	r0, r17
     6d8:	00 0c       	add	r0, r0
     6da:	99 0b       	sbc	r25, r25
     6dc:	9f 93       	push	r25
     6de:	1f 93       	push	r17
     6e0:	ae e3       	ldi	r26, 0x3E	; 62
     6e2:	b1 e0       	ldi	r27, 0x01	; 1
     6e4:	12 c0       	rjmp	.+36     	; 0x70a <readline+0x544>
     6e6:	c1 14       	cp	r12, r1
     6e8:	d1 04       	cpc	r13, r1
     6ea:	09 f4       	brne	.+2      	; 0x6ee <readline+0x528>
     6ec:	35 ce       	rjmp	.-918    	; 0x358 <readline+0x192>
     6ee:	f2 e0       	ldi	r31, 0x02	; 2
     6f0:	cf 16       	cp	r12, r31
     6f2:	d1 04       	cpc	r13, r1
     6f4:	21 f5       	brne	.+72     	; 0x73e <readline+0x578>
     6f6:	1e 37       	cpi	r17, 0x7E	; 126
     6f8:	89 f0       	breq	.+34     	; 0x71c <readline+0x556>
     6fa:	81 2f       	mov	r24, r17
     6fc:	01 2e       	mov	r0, r17
     6fe:	00 0c       	add	r0, r0
     700:	99 0b       	sbc	r25, r25
     702:	9f 93       	push	r25
     704:	1f 93       	push	r17
     706:	a9 e6       	ldi	r26, 0x69	; 105
     708:	b1 e0       	ldi	r27, 0x01	; 1
     70a:	bf 93       	push	r27
     70c:	af 93       	push	r26
     70e:	0e 94 ff 04 	call	0x9fe	; 0x9fe <printf>
     712:	0f 90       	pop	r0
     714:	0f 90       	pop	r0
     716:	0f 90       	pop	r0
     718:	0f 90       	pop	r0
     71a:	2d ce       	rjmp	.-934    	; 0x376 <readline+0x1b0>
     71c:	28 85       	ldd	r18, Y+8	; 0x08
     71e:	39 85       	ldd	r19, Y+9	; 0x09
     720:	2e 15       	cp	r18, r14
     722:	3f 05       	cpc	r19, r15
     724:	09 f0       	breq	.+2      	; 0x728 <readline+0x562>
     726:	76 cf       	rjmp	.-276    	; 0x614 <readline+0x44e>
     728:	60 91 f4 01 	lds	r22, 0x01F4
     72c:	70 91 f5 01 	lds	r23, 0x01F5
     730:	87 e0       	ldi	r24, 0x07	; 7
     732:	90 e0       	ldi	r25, 0x00	; 0
     734:	0e 94 c7 04 	call	0x98e	; 0x98e <fputc>
     738:	e8 84       	ldd	r14, Y+8	; 0x08
     73a:	f9 84       	ldd	r15, Y+9	; 0x09
     73c:	1c ce       	rjmp	.-968    	; 0x376 <readline+0x1b0>
     73e:	81 2f       	mov	r24, r17
     740:	01 2e       	mov	r0, r17
     742:	00 0c       	add	r0, r0
     744:	99 0b       	sbc	r25, r25
     746:	9f 93       	push	r25
     748:	1f 93       	push	r17
     74a:	a5 e9       	ldi	r26, 0x95	; 149
     74c:	b1 e0       	ldi	r27, 0x01	; 1
     74e:	bf 93       	push	r27
     750:	af 93       	push	r26
     752:	0e 94 ff 04 	call	0x9fe	; 0x9fe <printf>
     756:	0f 90       	pop	r0
     758:	0f 90       	pop	r0
     75a:	0f 90       	pop	r0
     75c:	0f 90       	pop	r0
     75e:	9a cd       	rjmp	.-1228   	; 0x294 <readline+0xce>

00000760 <__vector_13>:
     760:	1f 92       	push	r1
     762:	0f 92       	push	r0
     764:	0f b6       	in	r0, 0x3f	; 63
     766:	0f 92       	push	r0
     768:	11 24       	eor	r1, r1
     76a:	8f 93       	push	r24
     76c:	9f 93       	push	r25
     76e:	80 91 f1 01 	lds	r24, 0x01F1
     772:	88 23       	and	r24, r24
     774:	99 f0       	breq	.+38     	; 0x79c <__vector_13+0x3c>
     776:	80 91 f0 01 	lds	r24, 0x01F0
     77a:	88 23       	and	r24, r24
     77c:	11 f0       	breq	.+4      	; 0x782 <__vector_13+0x22>
     77e:	40 98       	cbi	0x08, 0	; 8
     780:	01 c0       	rjmp	.+2      	; 0x784 <__vector_13+0x24>
     782:	40 9a       	sbi	0x08, 0	; 8
     784:	8d ed       	ldi	r24, 0xDD	; 221
     786:	91 ef       	ldi	r25, 0xF1	; 241
     788:	90 93 85 00 	sts	0x0085, r25
     78c:	80 93 84 00 	sts	0x0084, r24
     790:	90 91 f0 01 	lds	r25, 0x01F0
     794:	81 e0       	ldi	r24, 0x01	; 1
     796:	89 27       	eor	r24, r25
     798:	80 93 f0 01 	sts	0x01F0, r24
     79c:	9f 91       	pop	r25
     79e:	8f 91       	pop	r24
     7a0:	0f 90       	pop	r0
     7a2:	0f be       	out	0x3f, r0	; 63
     7a4:	0f 90       	pop	r0
     7a6:	1f 90       	pop	r1
     7a8:	18 95       	reti

000007aa <init>:
     7aa:	e1 e8       	ldi	r30, 0x81	; 129
     7ac:	f0 e0       	ldi	r31, 0x00	; 0
     7ae:	80 81       	ld	r24, Z
     7b0:	85 60       	ori	r24, 0x05	; 5
     7b2:	80 83       	st	Z, r24
     7b4:	8d ed       	ldi	r24, 0xDD	; 221
     7b6:	91 ef       	ldi	r25, 0xF1	; 241
     7b8:	90 93 85 00 	sts	0x0085, r25
     7bc:	80 93 84 00 	sts	0x0084, r24
     7c0:	ef e6       	ldi	r30, 0x6F	; 111
     7c2:	f0 e0       	ldi	r31, 0x00	; 0
     7c4:	80 81       	ld	r24, Z
     7c6:	81 60       	ori	r24, 0x01	; 1
     7c8:	80 83       	st	Z, r24
     7ca:	38 9a       	sbi	0x07, 0	; 7
     7cc:	10 92 f0 01 	sts	0x01F0, r1
     7d0:	78 94       	sei
     7d2:	08 95       	ret

000007d4 <main>:
     7d4:	cf 93       	push	r28
     7d6:	df 93       	push	r29
     7d8:	cd b7       	in	r28, 0x3d	; 61
     7da:	de b7       	in	r29, 0x3e	; 62
     7dc:	c0 54       	subi	r28, 0x40	; 64
     7de:	d1 09       	sbc	r29, r1
     7e0:	0f b6       	in	r0, 0x3f	; 63
     7e2:	f8 94       	cli
     7e4:	de bf       	out	0x3e, r29	; 62
     7e6:	0f be       	out	0x3f, r0	; 63
     7e8:	cd bf       	out	0x3d, r28	; 61
     7ea:	0e 94 90 00 	call	0x120	; 0x120 <uart_init>
     7ee:	0e 94 d5 03 	call	0x7aa	; 0x7aa <init>
     7f2:	04 eb       	ldi	r16, 0xB4	; 180
     7f4:	11 e0       	ldi	r17, 0x01	; 1
     7f6:	ff 24       	eor	r15, r15
     7f8:	f3 94       	inc	r15
     7fa:	1f 93       	push	r17
     7fc:	0f 93       	push	r16
     7fe:	0e 94 ff 04 	call	0x9fe	; 0x9fe <printf>
     802:	20 91 f2 01 	lds	r18, 0x01F2
     806:	30 91 f3 01 	lds	r19, 0x01F3
     80a:	40 e4       	ldi	r20, 0x40	; 64
     80c:	50 e0       	ldi	r21, 0x00	; 0
     80e:	6a eb       	ldi	r22, 0xBA	; 186
     810:	71 e0       	ldi	r23, 0x01	; 1
     812:	ce 01       	movw	r24, r28
     814:	01 96       	adiw	r24, 0x01	; 1
     816:	0e 94 e3 00 	call	0x1c6	; 0x1c6 <readline>
     81a:	be 01       	movw	r22, r28
     81c:	6f 5f       	subi	r22, 0xFF	; 255
     81e:	7f 4f       	sbci	r23, 0xFF	; 255
     820:	8d eb       	ldi	r24, 0xBD	; 189
     822:	91 e0       	ldi	r25, 0x01	; 1
     824:	0e 94 35 04 	call	0x86a	; 0x86a <strcmp>
     828:	0f 90       	pop	r0
     82a:	0f 90       	pop	r0
     82c:	89 2b       	or	r24, r25
     82e:	39 f4       	brne	.+14     	; 0x83e <main+0x6a>
     830:	80 ec       	ldi	r24, 0xC0	; 192
     832:	91 e0       	ldi	r25, 0x01	; 1
     834:	0e 94 1c 05 	call	0xa38	; 0xa38 <puts>
     838:	f0 92 f1 01 	sts	0x01F1, r15
     83c:	de cf       	rjmp	.-68     	; 0x7fa <main+0x26>
     83e:	be 01       	movw	r22, r28
     840:	6f 5f       	subi	r22, 0xFF	; 255
     842:	7f 4f       	sbci	r23, 0xFF	; 255
     844:	8f ec       	ldi	r24, 0xCF	; 207
     846:	91 e0       	ldi	r25, 0x01	; 1
     848:	0e 94 35 04 	call	0x86a	; 0x86a <strcmp>
     84c:	89 2b       	or	r24, r25
     84e:	41 f4       	brne	.+16     	; 0x860 <main+0x8c>
     850:	83 ed       	ldi	r24, 0xD3	; 211
     852:	91 e0       	ldi	r25, 0x01	; 1
     854:	0e 94 1c 05 	call	0xa38	; 0xa38 <puts>
     858:	10 92 f1 01 	sts	0x01F1, r1
     85c:	40 98       	cbi	0x08, 0	; 8
     85e:	cd cf       	rjmp	.-102    	; 0x7fa <main+0x26>
     860:	83 ee       	ldi	r24, 0xE3	; 227
     862:	91 e0       	ldi	r25, 0x01	; 1
     864:	0e 94 1c 05 	call	0xa38	; 0xa38 <puts>
     868:	c8 cf       	rjmp	.-112    	; 0x7fa <main+0x26>

0000086a <strcmp>:
     86a:	fb 01       	movw	r30, r22
     86c:	dc 01       	movw	r26, r24
     86e:	8d 91       	ld	r24, X+
     870:	01 90       	ld	r0, Z+
     872:	80 19       	sub	r24, r0
     874:	01 10       	cpse	r0, r1
     876:	d9 f3       	breq	.-10     	; 0x86e <strcmp+0x4>
     878:	99 0b       	sbc	r25, r25
     87a:	08 95       	ret

0000087c <fdevopen>:
     87c:	0f 93       	push	r16
     87e:	1f 93       	push	r17
     880:	cf 93       	push	r28
     882:	df 93       	push	r29
     884:	00 97       	sbiw	r24, 0x00	; 0
     886:	31 f4       	brne	.+12     	; 0x894 <fdevopen+0x18>
     888:	61 15       	cp	r22, r1
     88a:	71 05       	cpc	r23, r1
     88c:	19 f4       	brne	.+6      	; 0x894 <fdevopen+0x18>
     88e:	80 e0       	ldi	r24, 0x00	; 0
     890:	90 e0       	ldi	r25, 0x00	; 0
     892:	3a c0       	rjmp	.+116    	; 0x908 <__stack+0x9>
     894:	8b 01       	movw	r16, r22
     896:	ec 01       	movw	r28, r24
     898:	6e e0       	ldi	r22, 0x0E	; 14
     89a:	70 e0       	ldi	r23, 0x00	; 0
     89c:	81 e0       	ldi	r24, 0x01	; 1
     89e:	90 e0       	ldi	r25, 0x00	; 0
     8a0:	0e 94 1e 07 	call	0xe3c	; 0xe3c <calloc>
     8a4:	fc 01       	movw	r30, r24
     8a6:	89 2b       	or	r24, r25
     8a8:	91 f3       	breq	.-28     	; 0x88e <fdevopen+0x12>
     8aa:	80 e8       	ldi	r24, 0x80	; 128
     8ac:	83 83       	std	Z+3, r24	; 0x03
     8ae:	01 15       	cp	r16, r1
     8b0:	11 05       	cpc	r17, r1
     8b2:	71 f0       	breq	.+28     	; 0x8d0 <fdevopen+0x54>
     8b4:	13 87       	std	Z+11, r17	; 0x0b
     8b6:	02 87       	std	Z+10, r16	; 0x0a
     8b8:	81 e8       	ldi	r24, 0x81	; 129
     8ba:	83 83       	std	Z+3, r24	; 0x03
     8bc:	80 91 f2 01 	lds	r24, 0x01F2
     8c0:	90 91 f3 01 	lds	r25, 0x01F3
     8c4:	89 2b       	or	r24, r25
     8c6:	21 f4       	brne	.+8      	; 0x8d0 <fdevopen+0x54>
     8c8:	f0 93 f3 01 	sts	0x01F3, r31
     8cc:	e0 93 f2 01 	sts	0x01F2, r30
     8d0:	20 97       	sbiw	r28, 0x00	; 0
     8d2:	c9 f0       	breq	.+50     	; 0x906 <__stack+0x7>
     8d4:	d1 87       	std	Z+9, r29	; 0x09
     8d6:	c0 87       	std	Z+8, r28	; 0x08
     8d8:	83 81       	ldd	r24, Z+3	; 0x03
     8da:	82 60       	ori	r24, 0x02	; 2
     8dc:	83 83       	std	Z+3, r24	; 0x03
     8de:	80 91 f4 01 	lds	r24, 0x01F4
     8e2:	90 91 f5 01 	lds	r25, 0x01F5
     8e6:	89 2b       	or	r24, r25
     8e8:	71 f4       	brne	.+28     	; 0x906 <__stack+0x7>
     8ea:	f0 93 f5 01 	sts	0x01F5, r31
     8ee:	e0 93 f4 01 	sts	0x01F4, r30
     8f2:	80 91 f6 01 	lds	r24, 0x01F6
     8f6:	90 91 f7 01 	lds	r25, 0x01F7
     8fa:	89 2b       	or	r24, r25
     8fc:	21 f4       	brne	.+8      	; 0x906 <__stack+0x7>
     8fe:	f0 93 f7 01 	sts	0x01F7, r31
     902:	e0 93 f6 01 	sts	0x01F6, r30
     906:	cf 01       	movw	r24, r30
     908:	df 91       	pop	r29
     90a:	cf 91       	pop	r28
     90c:	1f 91       	pop	r17
     90e:	0f 91       	pop	r16
     910:	08 95       	ret

00000912 <fgetc>:
     912:	cf 93       	push	r28
     914:	df 93       	push	r29
     916:	ec 01       	movw	r28, r24
     918:	2b 81       	ldd	r18, Y+3	; 0x03
     91a:	20 ff       	sbrs	r18, 0
     91c:	33 c0       	rjmp	.+102    	; 0x984 <fgetc+0x72>
     91e:	26 ff       	sbrs	r18, 6
     920:	0a c0       	rjmp	.+20     	; 0x936 <fgetc+0x24>
     922:	2f 7b       	andi	r18, 0xBF	; 191
     924:	2b 83       	std	Y+3, r18	; 0x03
     926:	8e 81       	ldd	r24, Y+6	; 0x06
     928:	9f 81       	ldd	r25, Y+7	; 0x07
     92a:	01 96       	adiw	r24, 0x01	; 1
     92c:	9f 83       	std	Y+7, r25	; 0x07
     92e:	8e 83       	std	Y+6, r24	; 0x06
     930:	8a 81       	ldd	r24, Y+2	; 0x02
     932:	90 e0       	ldi	r25, 0x00	; 0
     934:	29 c0       	rjmp	.+82     	; 0x988 <fgetc+0x76>
     936:	22 ff       	sbrs	r18, 2
     938:	0f c0       	rjmp	.+30     	; 0x958 <fgetc+0x46>
     93a:	e8 81       	ld	r30, Y
     93c:	f9 81       	ldd	r31, Y+1	; 0x01
     93e:	80 81       	ld	r24, Z
     940:	08 2e       	mov	r0, r24
     942:	00 0c       	add	r0, r0
     944:	99 0b       	sbc	r25, r25
     946:	00 97       	sbiw	r24, 0x00	; 0
     948:	19 f4       	brne	.+6      	; 0x950 <fgetc+0x3e>
     94a:	20 62       	ori	r18, 0x20	; 32
     94c:	2b 83       	std	Y+3, r18	; 0x03
     94e:	1a c0       	rjmp	.+52     	; 0x984 <fgetc+0x72>
     950:	31 96       	adiw	r30, 0x01	; 1
     952:	f9 83       	std	Y+1, r31	; 0x01
     954:	e8 83       	st	Y, r30
     956:	0e c0       	rjmp	.+28     	; 0x974 <fgetc+0x62>
     958:	ea 85       	ldd	r30, Y+10	; 0x0a
     95a:	fb 85       	ldd	r31, Y+11	; 0x0b
     95c:	09 95       	icall
     95e:	97 ff       	sbrs	r25, 7
     960:	09 c0       	rjmp	.+18     	; 0x974 <fgetc+0x62>
     962:	2b 81       	ldd	r18, Y+3	; 0x03
     964:	01 96       	adiw	r24, 0x01	; 1
     966:	11 f0       	breq	.+4      	; 0x96c <fgetc+0x5a>
     968:	80 e2       	ldi	r24, 0x20	; 32
     96a:	01 c0       	rjmp	.+2      	; 0x96e <fgetc+0x5c>
     96c:	80 e1       	ldi	r24, 0x10	; 16
     96e:	82 2b       	or	r24, r18
     970:	8b 83       	std	Y+3, r24	; 0x03
     972:	08 c0       	rjmp	.+16     	; 0x984 <fgetc+0x72>
     974:	2e 81       	ldd	r18, Y+6	; 0x06
     976:	3f 81       	ldd	r19, Y+7	; 0x07
     978:	2f 5f       	subi	r18, 0xFF	; 255
     97a:	3f 4f       	sbci	r19, 0xFF	; 255
     97c:	3f 83       	std	Y+7, r19	; 0x07
     97e:	2e 83       	std	Y+6, r18	; 0x06
     980:	99 27       	eor	r25, r25
     982:	02 c0       	rjmp	.+4      	; 0x988 <fgetc+0x76>
     984:	8f ef       	ldi	r24, 0xFF	; 255
     986:	9f ef       	ldi	r25, 0xFF	; 255
     988:	df 91       	pop	r29
     98a:	cf 91       	pop	r28
     98c:	08 95       	ret

0000098e <fputc>:
     98e:	0f 93       	push	r16
     990:	1f 93       	push	r17
     992:	cf 93       	push	r28
     994:	df 93       	push	r29
     996:	fb 01       	movw	r30, r22
     998:	23 81       	ldd	r18, Z+3	; 0x03
     99a:	21 fd       	sbrc	r18, 1
     99c:	03 c0       	rjmp	.+6      	; 0x9a4 <fputc+0x16>
     99e:	8f ef       	ldi	r24, 0xFF	; 255
     9a0:	9f ef       	ldi	r25, 0xFF	; 255
     9a2:	28 c0       	rjmp	.+80     	; 0x9f4 <fputc+0x66>
     9a4:	22 ff       	sbrs	r18, 2
     9a6:	16 c0       	rjmp	.+44     	; 0x9d4 <fputc+0x46>
     9a8:	46 81       	ldd	r20, Z+6	; 0x06
     9aa:	57 81       	ldd	r21, Z+7	; 0x07
     9ac:	24 81       	ldd	r18, Z+4	; 0x04
     9ae:	35 81       	ldd	r19, Z+5	; 0x05
     9b0:	42 17       	cp	r20, r18
     9b2:	53 07       	cpc	r21, r19
     9b4:	44 f4       	brge	.+16     	; 0x9c6 <fputc+0x38>
     9b6:	a0 81       	ld	r26, Z
     9b8:	b1 81       	ldd	r27, Z+1	; 0x01
     9ba:	9d 01       	movw	r18, r26
     9bc:	2f 5f       	subi	r18, 0xFF	; 255
     9be:	3f 4f       	sbci	r19, 0xFF	; 255
     9c0:	31 83       	std	Z+1, r19	; 0x01
     9c2:	20 83       	st	Z, r18
     9c4:	8c 93       	st	X, r24
     9c6:	26 81       	ldd	r18, Z+6	; 0x06
     9c8:	37 81       	ldd	r19, Z+7	; 0x07
     9ca:	2f 5f       	subi	r18, 0xFF	; 255
     9cc:	3f 4f       	sbci	r19, 0xFF	; 255
     9ce:	37 83       	std	Z+7, r19	; 0x07
     9d0:	26 83       	std	Z+6, r18	; 0x06
     9d2:	10 c0       	rjmp	.+32     	; 0x9f4 <fputc+0x66>
     9d4:	eb 01       	movw	r28, r22
     9d6:	09 2f       	mov	r16, r25
     9d8:	18 2f       	mov	r17, r24
     9da:	00 84       	ldd	r0, Z+8	; 0x08
     9dc:	f1 85       	ldd	r31, Z+9	; 0x09
     9de:	e0 2d       	mov	r30, r0
     9e0:	09 95       	icall
     9e2:	89 2b       	or	r24, r25
     9e4:	e1 f6       	brne	.-72     	; 0x99e <fputc+0x10>
     9e6:	8e 81       	ldd	r24, Y+6	; 0x06
     9e8:	9f 81       	ldd	r25, Y+7	; 0x07
     9ea:	01 96       	adiw	r24, 0x01	; 1
     9ec:	9f 83       	std	Y+7, r25	; 0x07
     9ee:	8e 83       	std	Y+6, r24	; 0x06
     9f0:	81 2f       	mov	r24, r17
     9f2:	90 2f       	mov	r25, r16
     9f4:	df 91       	pop	r29
     9f6:	cf 91       	pop	r28
     9f8:	1f 91       	pop	r17
     9fa:	0f 91       	pop	r16
     9fc:	08 95       	ret

000009fe <printf>:
     9fe:	a0 e0       	ldi	r26, 0x00	; 0
     a00:	b0 e0       	ldi	r27, 0x00	; 0
     a02:	e5 e0       	ldi	r30, 0x05	; 5
     a04:	f5 e0       	ldi	r31, 0x05	; 5
     a06:	0c 94 f2 08 	jmp	0x11e4	; 0x11e4 <__prologue_saves__+0x20>
     a0a:	ae 01       	movw	r20, r28
     a0c:	4b 5f       	subi	r20, 0xFB	; 251
     a0e:	5f 4f       	sbci	r21, 0xFF	; 255
     a10:	fa 01       	movw	r30, r20
     a12:	61 91       	ld	r22, Z+
     a14:	71 91       	ld	r23, Z+
     a16:	af 01       	movw	r20, r30
     a18:	80 91 f4 01 	lds	r24, 0x01F4
     a1c:	90 91 f5 01 	lds	r25, 0x01F5
     a20:	0e 94 4c 05 	call	0xa98	; 0xa98 <vfprintf>
     a24:	e2 e0       	ldi	r30, 0x02	; 2
     a26:	0c 94 0e 09 	jmp	0x121c	; 0x121c <__epilogue_restores__+0x20>

00000a2a <putchar>:
     a2a:	60 91 f4 01 	lds	r22, 0x01F4
     a2e:	70 91 f5 01 	lds	r23, 0x01F5
     a32:	0e 94 c7 04 	call	0x98e	; 0x98e <fputc>
     a36:	08 95       	ret

00000a38 <puts>:
     a38:	0f 93       	push	r16
     a3a:	1f 93       	push	r17
     a3c:	cf 93       	push	r28
     a3e:	df 93       	push	r29
     a40:	e0 91 f4 01 	lds	r30, 0x01F4
     a44:	f0 91 f5 01 	lds	r31, 0x01F5
     a48:	23 81       	ldd	r18, Z+3	; 0x03
     a4a:	21 ff       	sbrs	r18, 1
     a4c:	1b c0       	rjmp	.+54     	; 0xa84 <puts+0x4c>
     a4e:	8c 01       	movw	r16, r24
     a50:	d0 e0       	ldi	r29, 0x00	; 0
     a52:	c0 e0       	ldi	r28, 0x00	; 0
     a54:	f8 01       	movw	r30, r16
     a56:	81 91       	ld	r24, Z+
     a58:	8f 01       	movw	r16, r30
     a5a:	60 91 f4 01 	lds	r22, 0x01F4
     a5e:	70 91 f5 01 	lds	r23, 0x01F5
     a62:	db 01       	movw	r26, r22
     a64:	18 96       	adiw	r26, 0x08	; 8
     a66:	ed 91       	ld	r30, X+
     a68:	fc 91       	ld	r31, X
     a6a:	19 97       	sbiw	r26, 0x09	; 9
     a6c:	88 23       	and	r24, r24
     a6e:	31 f0       	breq	.+12     	; 0xa7c <puts+0x44>
     a70:	09 95       	icall
     a72:	89 2b       	or	r24, r25
     a74:	79 f3       	breq	.-34     	; 0xa54 <puts+0x1c>
     a76:	df ef       	ldi	r29, 0xFF	; 255
     a78:	cf ef       	ldi	r28, 0xFF	; 255
     a7a:	ec cf       	rjmp	.-40     	; 0xa54 <puts+0x1c>
     a7c:	8a e0       	ldi	r24, 0x0A	; 10
     a7e:	09 95       	icall
     a80:	89 2b       	or	r24, r25
     a82:	19 f0       	breq	.+6      	; 0xa8a <puts+0x52>
     a84:	8f ef       	ldi	r24, 0xFF	; 255
     a86:	9f ef       	ldi	r25, 0xFF	; 255
     a88:	02 c0       	rjmp	.+4      	; 0xa8e <puts+0x56>
     a8a:	8d 2f       	mov	r24, r29
     a8c:	9c 2f       	mov	r25, r28
     a8e:	df 91       	pop	r29
     a90:	cf 91       	pop	r28
     a92:	1f 91       	pop	r17
     a94:	0f 91       	pop	r16
     a96:	08 95       	ret

00000a98 <vfprintf>:
     a98:	ac e0       	ldi	r26, 0x0C	; 12
     a9a:	b0 e0       	ldi	r27, 0x00	; 0
     a9c:	e2 e5       	ldi	r30, 0x52	; 82
     a9e:	f5 e0       	ldi	r31, 0x05	; 5
     aa0:	0c 94 e2 08 	jmp	0x11c4	; 0x11c4 <__prologue_saves__>
     aa4:	7c 01       	movw	r14, r24
     aa6:	6b 01       	movw	r12, r22
     aa8:	8a 01       	movw	r16, r20
     aaa:	fc 01       	movw	r30, r24
     aac:	17 82       	std	Z+7, r1	; 0x07
     aae:	16 82       	std	Z+6, r1	; 0x06
     ab0:	83 81       	ldd	r24, Z+3	; 0x03
     ab2:	81 ff       	sbrs	r24, 1
     ab4:	bd c1       	rjmp	.+890    	; 0xe30 <vfprintf+0x398>
     ab6:	ce 01       	movw	r24, r28
     ab8:	01 96       	adiw	r24, 0x01	; 1
     aba:	4c 01       	movw	r8, r24
     abc:	f7 01       	movw	r30, r14
     abe:	93 81       	ldd	r25, Z+3	; 0x03
     ac0:	f6 01       	movw	r30, r12
     ac2:	93 fd       	sbrc	r25, 3
     ac4:	85 91       	lpm	r24, Z+
     ac6:	93 ff       	sbrs	r25, 3
     ac8:	81 91       	ld	r24, Z+
     aca:	6f 01       	movw	r12, r30
     acc:	88 23       	and	r24, r24
     ace:	09 f4       	brne	.+2      	; 0xad2 <vfprintf+0x3a>
     ad0:	ab c1       	rjmp	.+854    	; 0xe28 <vfprintf+0x390>
     ad2:	85 32       	cpi	r24, 0x25	; 37
     ad4:	39 f4       	brne	.+14     	; 0xae4 <vfprintf+0x4c>
     ad6:	93 fd       	sbrc	r25, 3
     ad8:	85 91       	lpm	r24, Z+
     ada:	93 ff       	sbrs	r25, 3
     adc:	81 91       	ld	r24, Z+
     ade:	6f 01       	movw	r12, r30
     ae0:	85 32       	cpi	r24, 0x25	; 37
     ae2:	29 f4       	brne	.+10     	; 0xaee <vfprintf+0x56>
     ae4:	b7 01       	movw	r22, r14
     ae6:	90 e0       	ldi	r25, 0x00	; 0
     ae8:	0e 94 c7 04 	call	0x98e	; 0x98e <fputc>
     aec:	e7 cf       	rjmp	.-50     	; 0xabc <vfprintf+0x24>
     aee:	51 2c       	mov	r5, r1
     af0:	31 2c       	mov	r3, r1
     af2:	20 e0       	ldi	r18, 0x00	; 0
     af4:	20 32       	cpi	r18, 0x20	; 32
     af6:	a0 f4       	brcc	.+40     	; 0xb20 <vfprintf+0x88>
     af8:	8b 32       	cpi	r24, 0x2B	; 43
     afa:	69 f0       	breq	.+26     	; 0xb16 <vfprintf+0x7e>
     afc:	30 f4       	brcc	.+12     	; 0xb0a <vfprintf+0x72>
     afe:	80 32       	cpi	r24, 0x20	; 32
     b00:	59 f0       	breq	.+22     	; 0xb18 <vfprintf+0x80>
     b02:	83 32       	cpi	r24, 0x23	; 35
     b04:	69 f4       	brne	.+26     	; 0xb20 <vfprintf+0x88>
     b06:	20 61       	ori	r18, 0x10	; 16
     b08:	2c c0       	rjmp	.+88     	; 0xb62 <vfprintf+0xca>
     b0a:	8d 32       	cpi	r24, 0x2D	; 45
     b0c:	39 f0       	breq	.+14     	; 0xb1c <vfprintf+0x84>
     b0e:	80 33       	cpi	r24, 0x30	; 48
     b10:	39 f4       	brne	.+14     	; 0xb20 <vfprintf+0x88>
     b12:	21 60       	ori	r18, 0x01	; 1
     b14:	26 c0       	rjmp	.+76     	; 0xb62 <vfprintf+0xca>
     b16:	22 60       	ori	r18, 0x02	; 2
     b18:	24 60       	ori	r18, 0x04	; 4
     b1a:	23 c0       	rjmp	.+70     	; 0xb62 <vfprintf+0xca>
     b1c:	28 60       	ori	r18, 0x08	; 8
     b1e:	21 c0       	rjmp	.+66     	; 0xb62 <vfprintf+0xca>
     b20:	27 fd       	sbrc	r18, 7
     b22:	27 c0       	rjmp	.+78     	; 0xb72 <vfprintf+0xda>
     b24:	30 ed       	ldi	r19, 0xD0	; 208
     b26:	38 0f       	add	r19, r24
     b28:	3a 30       	cpi	r19, 0x0A	; 10
     b2a:	78 f4       	brcc	.+30     	; 0xb4a <vfprintf+0xb2>
     b2c:	26 ff       	sbrs	r18, 6
     b2e:	06 c0       	rjmp	.+12     	; 0xb3c <vfprintf+0xa4>
     b30:	fa e0       	ldi	r31, 0x0A	; 10
     b32:	5f 9e       	mul	r5, r31
     b34:	30 0d       	add	r19, r0
     b36:	11 24       	eor	r1, r1
     b38:	53 2e       	mov	r5, r19
     b3a:	13 c0       	rjmp	.+38     	; 0xb62 <vfprintf+0xca>
     b3c:	8a e0       	ldi	r24, 0x0A	; 10
     b3e:	38 9e       	mul	r3, r24
     b40:	30 0d       	add	r19, r0
     b42:	11 24       	eor	r1, r1
     b44:	33 2e       	mov	r3, r19
     b46:	20 62       	ori	r18, 0x20	; 32
     b48:	0c c0       	rjmp	.+24     	; 0xb62 <vfprintf+0xca>
     b4a:	8e 32       	cpi	r24, 0x2E	; 46
     b4c:	21 f4       	brne	.+8      	; 0xb56 <vfprintf+0xbe>
     b4e:	26 fd       	sbrc	r18, 6
     b50:	6b c1       	rjmp	.+726    	; 0xe28 <vfprintf+0x390>
     b52:	20 64       	ori	r18, 0x40	; 64
     b54:	06 c0       	rjmp	.+12     	; 0xb62 <vfprintf+0xca>
     b56:	8c 36       	cpi	r24, 0x6C	; 108
     b58:	11 f4       	brne	.+4      	; 0xb5e <vfprintf+0xc6>
     b5a:	20 68       	ori	r18, 0x80	; 128
     b5c:	02 c0       	rjmp	.+4      	; 0xb62 <vfprintf+0xca>
     b5e:	88 36       	cpi	r24, 0x68	; 104
     b60:	41 f4       	brne	.+16     	; 0xb72 <vfprintf+0xda>
     b62:	f6 01       	movw	r30, r12
     b64:	93 fd       	sbrc	r25, 3
     b66:	85 91       	lpm	r24, Z+
     b68:	93 ff       	sbrs	r25, 3
     b6a:	81 91       	ld	r24, Z+
     b6c:	6f 01       	movw	r12, r30
     b6e:	81 11       	cpse	r24, r1
     b70:	c1 cf       	rjmp	.-126    	; 0xaf4 <vfprintf+0x5c>
     b72:	98 2f       	mov	r25, r24
     b74:	9f 7d       	andi	r25, 0xDF	; 223
     b76:	95 54       	subi	r25, 0x45	; 69
     b78:	93 30       	cpi	r25, 0x03	; 3
     b7a:	28 f4       	brcc	.+10     	; 0xb86 <vfprintf+0xee>
     b7c:	0c 5f       	subi	r16, 0xFC	; 252
     b7e:	1f 4f       	sbci	r17, 0xFF	; 255
     b80:	ff e3       	ldi	r31, 0x3F	; 63
     b82:	f9 83       	std	Y+1, r31	; 0x01
     b84:	0d c0       	rjmp	.+26     	; 0xba0 <vfprintf+0x108>
     b86:	83 36       	cpi	r24, 0x63	; 99
     b88:	31 f0       	breq	.+12     	; 0xb96 <vfprintf+0xfe>
     b8a:	83 37       	cpi	r24, 0x73	; 115
     b8c:	71 f0       	breq	.+28     	; 0xbaa <vfprintf+0x112>
     b8e:	83 35       	cpi	r24, 0x53	; 83
     b90:	09 f0       	breq	.+2      	; 0xb94 <vfprintf+0xfc>
     b92:	5b c0       	rjmp	.+182    	; 0xc4a <vfprintf+0x1b2>
     b94:	22 c0       	rjmp	.+68     	; 0xbda <vfprintf+0x142>
     b96:	f8 01       	movw	r30, r16
     b98:	80 81       	ld	r24, Z
     b9a:	89 83       	std	Y+1, r24	; 0x01
     b9c:	0e 5f       	subi	r16, 0xFE	; 254
     b9e:	1f 4f       	sbci	r17, 0xFF	; 255
     ba0:	44 24       	eor	r4, r4
     ba2:	43 94       	inc	r4
     ba4:	51 2c       	mov	r5, r1
     ba6:	54 01       	movw	r10, r8
     ba8:	15 c0       	rjmp	.+42     	; 0xbd4 <vfprintf+0x13c>
     baa:	38 01       	movw	r6, r16
     bac:	f2 e0       	ldi	r31, 0x02	; 2
     bae:	6f 0e       	add	r6, r31
     bb0:	71 1c       	adc	r7, r1
     bb2:	f8 01       	movw	r30, r16
     bb4:	a0 80       	ld	r10, Z
     bb6:	b1 80       	ldd	r11, Z+1	; 0x01
     bb8:	26 ff       	sbrs	r18, 6
     bba:	03 c0       	rjmp	.+6      	; 0xbc2 <vfprintf+0x12a>
     bbc:	65 2d       	mov	r22, r5
     bbe:	70 e0       	ldi	r23, 0x00	; 0
     bc0:	02 c0       	rjmp	.+4      	; 0xbc6 <vfprintf+0x12e>
     bc2:	6f ef       	ldi	r22, 0xFF	; 255
     bc4:	7f ef       	ldi	r23, 0xFF	; 255
     bc6:	c5 01       	movw	r24, r10
     bc8:	2c 87       	std	Y+12, r18	; 0x0c
     bca:	0e 94 79 08 	call	0x10f2	; 0x10f2 <strnlen>
     bce:	2c 01       	movw	r4, r24
     bd0:	83 01       	movw	r16, r6
     bd2:	2c 85       	ldd	r18, Y+12	; 0x0c
     bd4:	2f 77       	andi	r18, 0x7F	; 127
     bd6:	22 2e       	mov	r2, r18
     bd8:	17 c0       	rjmp	.+46     	; 0xc08 <vfprintf+0x170>
     bda:	38 01       	movw	r6, r16
     bdc:	f2 e0       	ldi	r31, 0x02	; 2
     bde:	6f 0e       	add	r6, r31
     be0:	71 1c       	adc	r7, r1
     be2:	f8 01       	movw	r30, r16
     be4:	a0 80       	ld	r10, Z
     be6:	b1 80       	ldd	r11, Z+1	; 0x01
     be8:	26 ff       	sbrs	r18, 6
     bea:	03 c0       	rjmp	.+6      	; 0xbf2 <vfprintf+0x15a>
     bec:	65 2d       	mov	r22, r5
     bee:	70 e0       	ldi	r23, 0x00	; 0
     bf0:	02 c0       	rjmp	.+4      	; 0xbf6 <vfprintf+0x15e>
     bf2:	6f ef       	ldi	r22, 0xFF	; 255
     bf4:	7f ef       	ldi	r23, 0xFF	; 255
     bf6:	c5 01       	movw	r24, r10
     bf8:	2c 87       	std	Y+12, r18	; 0x0c
     bfa:	0e 94 67 08 	call	0x10ce	; 0x10ce <strnlen_P>
     bfe:	2c 01       	movw	r4, r24
     c00:	2c 85       	ldd	r18, Y+12	; 0x0c
     c02:	20 68       	ori	r18, 0x80	; 128
     c04:	22 2e       	mov	r2, r18
     c06:	83 01       	movw	r16, r6
     c08:	23 fc       	sbrc	r2, 3
     c0a:	1b c0       	rjmp	.+54     	; 0xc42 <vfprintf+0x1aa>
     c0c:	83 2d       	mov	r24, r3
     c0e:	90 e0       	ldi	r25, 0x00	; 0
     c10:	48 16       	cp	r4, r24
     c12:	59 06       	cpc	r5, r25
     c14:	b0 f4       	brcc	.+44     	; 0xc42 <vfprintf+0x1aa>
     c16:	b7 01       	movw	r22, r14
     c18:	80 e2       	ldi	r24, 0x20	; 32
     c1a:	90 e0       	ldi	r25, 0x00	; 0
     c1c:	0e 94 c7 04 	call	0x98e	; 0x98e <fputc>
     c20:	3a 94       	dec	r3
     c22:	f4 cf       	rjmp	.-24     	; 0xc0c <vfprintf+0x174>
     c24:	f5 01       	movw	r30, r10
     c26:	27 fc       	sbrc	r2, 7
     c28:	85 91       	lpm	r24, Z+
     c2a:	27 fe       	sbrs	r2, 7
     c2c:	81 91       	ld	r24, Z+
     c2e:	5f 01       	movw	r10, r30
     c30:	b7 01       	movw	r22, r14
     c32:	90 e0       	ldi	r25, 0x00	; 0
     c34:	0e 94 c7 04 	call	0x98e	; 0x98e <fputc>
     c38:	31 10       	cpse	r3, r1
     c3a:	3a 94       	dec	r3
     c3c:	f1 e0       	ldi	r31, 0x01	; 1
     c3e:	4f 1a       	sub	r4, r31
     c40:	51 08       	sbc	r5, r1
     c42:	41 14       	cp	r4, r1
     c44:	51 04       	cpc	r5, r1
     c46:	71 f7       	brne	.-36     	; 0xc24 <vfprintf+0x18c>
     c48:	e5 c0       	rjmp	.+458    	; 0xe14 <vfprintf+0x37c>
     c4a:	84 36       	cpi	r24, 0x64	; 100
     c4c:	11 f0       	breq	.+4      	; 0xc52 <vfprintf+0x1ba>
     c4e:	89 36       	cpi	r24, 0x69	; 105
     c50:	39 f5       	brne	.+78     	; 0xca0 <vfprintf+0x208>
     c52:	f8 01       	movw	r30, r16
     c54:	27 ff       	sbrs	r18, 7
     c56:	07 c0       	rjmp	.+14     	; 0xc66 <vfprintf+0x1ce>
     c58:	60 81       	ld	r22, Z
     c5a:	71 81       	ldd	r23, Z+1	; 0x01
     c5c:	82 81       	ldd	r24, Z+2	; 0x02
     c5e:	93 81       	ldd	r25, Z+3	; 0x03
     c60:	0c 5f       	subi	r16, 0xFC	; 252
     c62:	1f 4f       	sbci	r17, 0xFF	; 255
     c64:	08 c0       	rjmp	.+16     	; 0xc76 <vfprintf+0x1de>
     c66:	60 81       	ld	r22, Z
     c68:	71 81       	ldd	r23, Z+1	; 0x01
     c6a:	07 2e       	mov	r0, r23
     c6c:	00 0c       	add	r0, r0
     c6e:	88 0b       	sbc	r24, r24
     c70:	99 0b       	sbc	r25, r25
     c72:	0e 5f       	subi	r16, 0xFE	; 254
     c74:	1f 4f       	sbci	r17, 0xFF	; 255
     c76:	2f 76       	andi	r18, 0x6F	; 111
     c78:	72 2e       	mov	r7, r18
     c7a:	97 ff       	sbrs	r25, 7
     c7c:	09 c0       	rjmp	.+18     	; 0xc90 <vfprintf+0x1f8>
     c7e:	90 95       	com	r25
     c80:	80 95       	com	r24
     c82:	70 95       	com	r23
     c84:	61 95       	neg	r22
     c86:	7f 4f       	sbci	r23, 0xFF	; 255
     c88:	8f 4f       	sbci	r24, 0xFF	; 255
     c8a:	9f 4f       	sbci	r25, 0xFF	; 255
     c8c:	20 68       	ori	r18, 0x80	; 128
     c8e:	72 2e       	mov	r7, r18
     c90:	2a e0       	ldi	r18, 0x0A	; 10
     c92:	30 e0       	ldi	r19, 0x00	; 0
     c94:	a4 01       	movw	r20, r8
     c96:	0e 94 84 08 	call	0x1108	; 0x1108 <__ultoa_invert>
     c9a:	a8 2e       	mov	r10, r24
     c9c:	a8 18       	sub	r10, r8
     c9e:	44 c0       	rjmp	.+136    	; 0xd28 <vfprintf+0x290>
     ca0:	85 37       	cpi	r24, 0x75	; 117
     ca2:	29 f4       	brne	.+10     	; 0xcae <vfprintf+0x216>
     ca4:	2f 7e       	andi	r18, 0xEF	; 239
     ca6:	b2 2e       	mov	r11, r18
     ca8:	2a e0       	ldi	r18, 0x0A	; 10
     caa:	30 e0       	ldi	r19, 0x00	; 0
     cac:	25 c0       	rjmp	.+74     	; 0xcf8 <vfprintf+0x260>
     cae:	f2 2f       	mov	r31, r18
     cb0:	f9 7f       	andi	r31, 0xF9	; 249
     cb2:	bf 2e       	mov	r11, r31
     cb4:	8f 36       	cpi	r24, 0x6F	; 111
     cb6:	c1 f0       	breq	.+48     	; 0xce8 <vfprintf+0x250>
     cb8:	18 f4       	brcc	.+6      	; 0xcc0 <vfprintf+0x228>
     cba:	88 35       	cpi	r24, 0x58	; 88
     cbc:	79 f0       	breq	.+30     	; 0xcdc <vfprintf+0x244>
     cbe:	b4 c0       	rjmp	.+360    	; 0xe28 <vfprintf+0x390>
     cc0:	80 37       	cpi	r24, 0x70	; 112
     cc2:	19 f0       	breq	.+6      	; 0xcca <vfprintf+0x232>
     cc4:	88 37       	cpi	r24, 0x78	; 120
     cc6:	21 f0       	breq	.+8      	; 0xcd0 <vfprintf+0x238>
     cc8:	af c0       	rjmp	.+350    	; 0xe28 <vfprintf+0x390>
     cca:	2f 2f       	mov	r18, r31
     ccc:	20 61       	ori	r18, 0x10	; 16
     cce:	b2 2e       	mov	r11, r18
     cd0:	b4 fe       	sbrs	r11, 4
     cd2:	0d c0       	rjmp	.+26     	; 0xcee <vfprintf+0x256>
     cd4:	8b 2d       	mov	r24, r11
     cd6:	84 60       	ori	r24, 0x04	; 4
     cd8:	b8 2e       	mov	r11, r24
     cda:	09 c0       	rjmp	.+18     	; 0xcee <vfprintf+0x256>
     cdc:	24 ff       	sbrs	r18, 4
     cde:	0a c0       	rjmp	.+20     	; 0xcf4 <vfprintf+0x25c>
     ce0:	9f 2f       	mov	r25, r31
     ce2:	96 60       	ori	r25, 0x06	; 6
     ce4:	b9 2e       	mov	r11, r25
     ce6:	06 c0       	rjmp	.+12     	; 0xcf4 <vfprintf+0x25c>
     ce8:	28 e0       	ldi	r18, 0x08	; 8
     cea:	30 e0       	ldi	r19, 0x00	; 0
     cec:	05 c0       	rjmp	.+10     	; 0xcf8 <vfprintf+0x260>
     cee:	20 e1       	ldi	r18, 0x10	; 16
     cf0:	30 e0       	ldi	r19, 0x00	; 0
     cf2:	02 c0       	rjmp	.+4      	; 0xcf8 <vfprintf+0x260>
     cf4:	20 e1       	ldi	r18, 0x10	; 16
     cf6:	32 e0       	ldi	r19, 0x02	; 2
     cf8:	f8 01       	movw	r30, r16
     cfa:	b7 fe       	sbrs	r11, 7
     cfc:	07 c0       	rjmp	.+14     	; 0xd0c <vfprintf+0x274>
     cfe:	60 81       	ld	r22, Z
     d00:	71 81       	ldd	r23, Z+1	; 0x01
     d02:	82 81       	ldd	r24, Z+2	; 0x02
     d04:	93 81       	ldd	r25, Z+3	; 0x03
     d06:	0c 5f       	subi	r16, 0xFC	; 252
     d08:	1f 4f       	sbci	r17, 0xFF	; 255
     d0a:	06 c0       	rjmp	.+12     	; 0xd18 <vfprintf+0x280>
     d0c:	60 81       	ld	r22, Z
     d0e:	71 81       	ldd	r23, Z+1	; 0x01
     d10:	80 e0       	ldi	r24, 0x00	; 0
     d12:	90 e0       	ldi	r25, 0x00	; 0
     d14:	0e 5f       	subi	r16, 0xFE	; 254
     d16:	1f 4f       	sbci	r17, 0xFF	; 255
     d18:	a4 01       	movw	r20, r8
     d1a:	0e 94 84 08 	call	0x1108	; 0x1108 <__ultoa_invert>
     d1e:	a8 2e       	mov	r10, r24
     d20:	a8 18       	sub	r10, r8
     d22:	fb 2d       	mov	r31, r11
     d24:	ff 77       	andi	r31, 0x7F	; 127
     d26:	7f 2e       	mov	r7, r31
     d28:	76 fe       	sbrs	r7, 6
     d2a:	0b c0       	rjmp	.+22     	; 0xd42 <vfprintf+0x2aa>
     d2c:	37 2d       	mov	r19, r7
     d2e:	3e 7f       	andi	r19, 0xFE	; 254
     d30:	a5 14       	cp	r10, r5
     d32:	50 f4       	brcc	.+20     	; 0xd48 <vfprintf+0x2b0>
     d34:	74 fe       	sbrs	r7, 4
     d36:	0a c0       	rjmp	.+20     	; 0xd4c <vfprintf+0x2b4>
     d38:	72 fc       	sbrc	r7, 2
     d3a:	08 c0       	rjmp	.+16     	; 0xd4c <vfprintf+0x2b4>
     d3c:	37 2d       	mov	r19, r7
     d3e:	3e 7e       	andi	r19, 0xEE	; 238
     d40:	05 c0       	rjmp	.+10     	; 0xd4c <vfprintf+0x2b4>
     d42:	ba 2c       	mov	r11, r10
     d44:	37 2d       	mov	r19, r7
     d46:	03 c0       	rjmp	.+6      	; 0xd4e <vfprintf+0x2b6>
     d48:	ba 2c       	mov	r11, r10
     d4a:	01 c0       	rjmp	.+2      	; 0xd4e <vfprintf+0x2b6>
     d4c:	b5 2c       	mov	r11, r5
     d4e:	34 ff       	sbrs	r19, 4
     d50:	0d c0       	rjmp	.+26     	; 0xd6c <vfprintf+0x2d4>
     d52:	fe 01       	movw	r30, r28
     d54:	ea 0d       	add	r30, r10
     d56:	f1 1d       	adc	r31, r1
     d58:	80 81       	ld	r24, Z
     d5a:	80 33       	cpi	r24, 0x30	; 48
     d5c:	11 f4       	brne	.+4      	; 0xd62 <vfprintf+0x2ca>
     d5e:	39 7e       	andi	r19, 0xE9	; 233
     d60:	09 c0       	rjmp	.+18     	; 0xd74 <vfprintf+0x2dc>
     d62:	32 ff       	sbrs	r19, 2
     d64:	06 c0       	rjmp	.+12     	; 0xd72 <vfprintf+0x2da>
     d66:	b3 94       	inc	r11
     d68:	b3 94       	inc	r11
     d6a:	04 c0       	rjmp	.+8      	; 0xd74 <vfprintf+0x2dc>
     d6c:	83 2f       	mov	r24, r19
     d6e:	86 78       	andi	r24, 0x86	; 134
     d70:	09 f0       	breq	.+2      	; 0xd74 <vfprintf+0x2dc>
     d72:	b3 94       	inc	r11
     d74:	33 fd       	sbrc	r19, 3
     d76:	13 c0       	rjmp	.+38     	; 0xd9e <vfprintf+0x306>
     d78:	30 ff       	sbrs	r19, 0
     d7a:	06 c0       	rjmp	.+12     	; 0xd88 <vfprintf+0x2f0>
     d7c:	5a 2c       	mov	r5, r10
     d7e:	b3 14       	cp	r11, r3
     d80:	18 f4       	brcc	.+6      	; 0xd88 <vfprintf+0x2f0>
     d82:	53 0c       	add	r5, r3
     d84:	5b 18       	sub	r5, r11
     d86:	b3 2c       	mov	r11, r3
     d88:	b3 14       	cp	r11, r3
     d8a:	68 f4       	brcc	.+26     	; 0xda6 <vfprintf+0x30e>
     d8c:	b7 01       	movw	r22, r14
     d8e:	80 e2       	ldi	r24, 0x20	; 32
     d90:	90 e0       	ldi	r25, 0x00	; 0
     d92:	3c 87       	std	Y+12, r19	; 0x0c
     d94:	0e 94 c7 04 	call	0x98e	; 0x98e <fputc>
     d98:	b3 94       	inc	r11
     d9a:	3c 85       	ldd	r19, Y+12	; 0x0c
     d9c:	f5 cf       	rjmp	.-22     	; 0xd88 <vfprintf+0x2f0>
     d9e:	b3 14       	cp	r11, r3
     da0:	10 f4       	brcc	.+4      	; 0xda6 <vfprintf+0x30e>
     da2:	3b 18       	sub	r3, r11
     da4:	01 c0       	rjmp	.+2      	; 0xda8 <vfprintf+0x310>
     da6:	31 2c       	mov	r3, r1
     da8:	34 ff       	sbrs	r19, 4
     daa:	12 c0       	rjmp	.+36     	; 0xdd0 <vfprintf+0x338>
     dac:	b7 01       	movw	r22, r14
     dae:	80 e3       	ldi	r24, 0x30	; 48
     db0:	90 e0       	ldi	r25, 0x00	; 0
     db2:	3c 87       	std	Y+12, r19	; 0x0c
     db4:	0e 94 c7 04 	call	0x98e	; 0x98e <fputc>
     db8:	3c 85       	ldd	r19, Y+12	; 0x0c
     dba:	32 ff       	sbrs	r19, 2
     dbc:	17 c0       	rjmp	.+46     	; 0xdec <vfprintf+0x354>
     dbe:	31 fd       	sbrc	r19, 1
     dc0:	03 c0       	rjmp	.+6      	; 0xdc8 <vfprintf+0x330>
     dc2:	88 e7       	ldi	r24, 0x78	; 120
     dc4:	90 e0       	ldi	r25, 0x00	; 0
     dc6:	02 c0       	rjmp	.+4      	; 0xdcc <vfprintf+0x334>
     dc8:	88 e5       	ldi	r24, 0x58	; 88
     dca:	90 e0       	ldi	r25, 0x00	; 0
     dcc:	b7 01       	movw	r22, r14
     dce:	0c c0       	rjmp	.+24     	; 0xde8 <vfprintf+0x350>
     dd0:	83 2f       	mov	r24, r19
     dd2:	86 78       	andi	r24, 0x86	; 134
     dd4:	59 f0       	breq	.+22     	; 0xdec <vfprintf+0x354>
     dd6:	31 ff       	sbrs	r19, 1
     dd8:	02 c0       	rjmp	.+4      	; 0xdde <vfprintf+0x346>
     dda:	8b e2       	ldi	r24, 0x2B	; 43
     ddc:	01 c0       	rjmp	.+2      	; 0xde0 <vfprintf+0x348>
     dde:	80 e2       	ldi	r24, 0x20	; 32
     de0:	37 fd       	sbrc	r19, 7
     de2:	8d e2       	ldi	r24, 0x2D	; 45
     de4:	b7 01       	movw	r22, r14
     de6:	90 e0       	ldi	r25, 0x00	; 0
     de8:	0e 94 c7 04 	call	0x98e	; 0x98e <fputc>
     dec:	a5 14       	cp	r10, r5
     dee:	38 f4       	brcc	.+14     	; 0xdfe <vfprintf+0x366>
     df0:	b7 01       	movw	r22, r14
     df2:	80 e3       	ldi	r24, 0x30	; 48
     df4:	90 e0       	ldi	r25, 0x00	; 0
     df6:	0e 94 c7 04 	call	0x98e	; 0x98e <fputc>
     dfa:	5a 94       	dec	r5
     dfc:	f7 cf       	rjmp	.-18     	; 0xdec <vfprintf+0x354>
     dfe:	aa 94       	dec	r10
     e00:	f4 01       	movw	r30, r8
     e02:	ea 0d       	add	r30, r10
     e04:	f1 1d       	adc	r31, r1
     e06:	80 81       	ld	r24, Z
     e08:	b7 01       	movw	r22, r14
     e0a:	90 e0       	ldi	r25, 0x00	; 0
     e0c:	0e 94 c7 04 	call	0x98e	; 0x98e <fputc>
     e10:	a1 10       	cpse	r10, r1
     e12:	f5 cf       	rjmp	.-22     	; 0xdfe <vfprintf+0x366>
     e14:	33 20       	and	r3, r3
     e16:	09 f4       	brne	.+2      	; 0xe1a <vfprintf+0x382>
     e18:	51 ce       	rjmp	.-862    	; 0xabc <vfprintf+0x24>
     e1a:	b7 01       	movw	r22, r14
     e1c:	80 e2       	ldi	r24, 0x20	; 32
     e1e:	90 e0       	ldi	r25, 0x00	; 0
     e20:	0e 94 c7 04 	call	0x98e	; 0x98e <fputc>
     e24:	3a 94       	dec	r3
     e26:	f6 cf       	rjmp	.-20     	; 0xe14 <vfprintf+0x37c>
     e28:	f7 01       	movw	r30, r14
     e2a:	86 81       	ldd	r24, Z+6	; 0x06
     e2c:	97 81       	ldd	r25, Z+7	; 0x07
     e2e:	02 c0       	rjmp	.+4      	; 0xe34 <vfprintf+0x39c>
     e30:	8f ef       	ldi	r24, 0xFF	; 255
     e32:	9f ef       	ldi	r25, 0xFF	; 255
     e34:	2c 96       	adiw	r28, 0x0c	; 12
     e36:	e2 e1       	ldi	r30, 0x12	; 18
     e38:	0c 94 fe 08 	jmp	0x11fc	; 0x11fc <__epilogue_restores__>

00000e3c <calloc>:
     e3c:	0f 93       	push	r16
     e3e:	1f 93       	push	r17
     e40:	cf 93       	push	r28
     e42:	df 93       	push	r29
     e44:	86 9f       	mul	r24, r22
     e46:	80 01       	movw	r16, r0
     e48:	87 9f       	mul	r24, r23
     e4a:	10 0d       	add	r17, r0
     e4c:	96 9f       	mul	r25, r22
     e4e:	10 0d       	add	r17, r0
     e50:	11 24       	eor	r1, r1
     e52:	c8 01       	movw	r24, r16
     e54:	0e 94 3a 07 	call	0xe74	; 0xe74 <malloc>
     e58:	ec 01       	movw	r28, r24
     e5a:	00 97       	sbiw	r24, 0x00	; 0
     e5c:	29 f0       	breq	.+10     	; 0xe68 <calloc+0x2c>
     e5e:	a8 01       	movw	r20, r16
     e60:	60 e0       	ldi	r22, 0x00	; 0
     e62:	70 e0       	ldi	r23, 0x00	; 0
     e64:	0e 94 72 08 	call	0x10e4	; 0x10e4 <memset>
     e68:	ce 01       	movw	r24, r28
     e6a:	df 91       	pop	r29
     e6c:	cf 91       	pop	r28
     e6e:	1f 91       	pop	r17
     e70:	0f 91       	pop	r16
     e72:	08 95       	ret

00000e74 <malloc>:
     e74:	cf 93       	push	r28
     e76:	df 93       	push	r29
     e78:	82 30       	cpi	r24, 0x02	; 2
     e7a:	91 05       	cpc	r25, r1
     e7c:	10 f4       	brcc	.+4      	; 0xe82 <malloc+0xe>
     e7e:	82 e0       	ldi	r24, 0x02	; 2
     e80:	90 e0       	ldi	r25, 0x00	; 0
     e82:	e0 91 fa 01 	lds	r30, 0x01FA
     e86:	f0 91 fb 01 	lds	r31, 0x01FB
     e8a:	20 e0       	ldi	r18, 0x00	; 0
     e8c:	30 e0       	ldi	r19, 0x00	; 0
     e8e:	c0 e0       	ldi	r28, 0x00	; 0
     e90:	d0 e0       	ldi	r29, 0x00	; 0
     e92:	30 97       	sbiw	r30, 0x00	; 0
     e94:	11 f1       	breq	.+68     	; 0xeda <malloc+0x66>
     e96:	40 81       	ld	r20, Z
     e98:	51 81       	ldd	r21, Z+1	; 0x01
     e9a:	48 17       	cp	r20, r24
     e9c:	59 07       	cpc	r21, r25
     e9e:	c0 f0       	brcs	.+48     	; 0xed0 <malloc+0x5c>
     ea0:	48 17       	cp	r20, r24
     ea2:	59 07       	cpc	r21, r25
     ea4:	61 f4       	brne	.+24     	; 0xebe <malloc+0x4a>
     ea6:	82 81       	ldd	r24, Z+2	; 0x02
     ea8:	93 81       	ldd	r25, Z+3	; 0x03
     eaa:	20 97       	sbiw	r28, 0x00	; 0
     eac:	19 f0       	breq	.+6      	; 0xeb4 <malloc+0x40>
     eae:	9b 83       	std	Y+3, r25	; 0x03
     eb0:	8a 83       	std	Y+2, r24	; 0x02
     eb2:	2b c0       	rjmp	.+86     	; 0xf0a <malloc+0x96>
     eb4:	90 93 fb 01 	sts	0x01FB, r25
     eb8:	80 93 fa 01 	sts	0x01FA, r24
     ebc:	26 c0       	rjmp	.+76     	; 0xf0a <malloc+0x96>
     ebe:	21 15       	cp	r18, r1
     ec0:	31 05       	cpc	r19, r1
     ec2:	19 f0       	breq	.+6      	; 0xeca <malloc+0x56>
     ec4:	42 17       	cp	r20, r18
     ec6:	53 07       	cpc	r21, r19
     ec8:	18 f4       	brcc	.+6      	; 0xed0 <malloc+0x5c>
     eca:	9a 01       	movw	r18, r20
     ecc:	be 01       	movw	r22, r28
     ece:	df 01       	movw	r26, r30
     ed0:	ef 01       	movw	r28, r30
     ed2:	02 80       	ldd	r0, Z+2	; 0x02
     ed4:	f3 81       	ldd	r31, Z+3	; 0x03
     ed6:	e0 2d       	mov	r30, r0
     ed8:	dc cf       	rjmp	.-72     	; 0xe92 <malloc+0x1e>
     eda:	21 15       	cp	r18, r1
     edc:	31 05       	cpc	r19, r1
     ede:	09 f1       	breq	.+66     	; 0xf22 <malloc+0xae>
     ee0:	28 1b       	sub	r18, r24
     ee2:	39 0b       	sbc	r19, r25
     ee4:	24 30       	cpi	r18, 0x04	; 4
     ee6:	31 05       	cpc	r19, r1
     ee8:	90 f4       	brcc	.+36     	; 0xf0e <malloc+0x9a>
     eea:	12 96       	adiw	r26, 0x02	; 2
     eec:	8d 91       	ld	r24, X+
     eee:	9c 91       	ld	r25, X
     ef0:	13 97       	sbiw	r26, 0x03	; 3
     ef2:	61 15       	cp	r22, r1
     ef4:	71 05       	cpc	r23, r1
     ef6:	21 f0       	breq	.+8      	; 0xf00 <malloc+0x8c>
     ef8:	fb 01       	movw	r30, r22
     efa:	93 83       	std	Z+3, r25	; 0x03
     efc:	82 83       	std	Z+2, r24	; 0x02
     efe:	04 c0       	rjmp	.+8      	; 0xf08 <malloc+0x94>
     f00:	90 93 fb 01 	sts	0x01FB, r25
     f04:	80 93 fa 01 	sts	0x01FA, r24
     f08:	fd 01       	movw	r30, r26
     f0a:	32 96       	adiw	r30, 0x02	; 2
     f0c:	44 c0       	rjmp	.+136    	; 0xf96 <malloc+0x122>
     f0e:	fd 01       	movw	r30, r26
     f10:	e2 0f       	add	r30, r18
     f12:	f3 1f       	adc	r31, r19
     f14:	81 93       	st	Z+, r24
     f16:	91 93       	st	Z+, r25
     f18:	22 50       	subi	r18, 0x02	; 2
     f1a:	31 09       	sbc	r19, r1
     f1c:	2d 93       	st	X+, r18
     f1e:	3c 93       	st	X, r19
     f20:	3a c0       	rjmp	.+116    	; 0xf96 <malloc+0x122>
     f22:	20 91 f8 01 	lds	r18, 0x01F8
     f26:	30 91 f9 01 	lds	r19, 0x01F9
     f2a:	23 2b       	or	r18, r19
     f2c:	41 f4       	brne	.+16     	; 0xf3e <malloc+0xca>
     f2e:	20 91 02 01 	lds	r18, 0x0102
     f32:	30 91 03 01 	lds	r19, 0x0103
     f36:	30 93 f9 01 	sts	0x01F9, r19
     f3a:	20 93 f8 01 	sts	0x01F8, r18
     f3e:	20 91 00 01 	lds	r18, 0x0100
     f42:	30 91 01 01 	lds	r19, 0x0101
     f46:	21 15       	cp	r18, r1
     f48:	31 05       	cpc	r19, r1
     f4a:	41 f4       	brne	.+16     	; 0xf5c <malloc+0xe8>
     f4c:	2d b7       	in	r18, 0x3d	; 61
     f4e:	3e b7       	in	r19, 0x3e	; 62
     f50:	40 91 04 01 	lds	r20, 0x0104
     f54:	50 91 05 01 	lds	r21, 0x0105
     f58:	24 1b       	sub	r18, r20
     f5a:	35 0b       	sbc	r19, r21
     f5c:	e0 91 f8 01 	lds	r30, 0x01F8
     f60:	f0 91 f9 01 	lds	r31, 0x01F9
     f64:	e2 17       	cp	r30, r18
     f66:	f3 07       	cpc	r31, r19
     f68:	a0 f4       	brcc	.+40     	; 0xf92 <malloc+0x11e>
     f6a:	2e 1b       	sub	r18, r30
     f6c:	3f 0b       	sbc	r19, r31
     f6e:	28 17       	cp	r18, r24
     f70:	39 07       	cpc	r19, r25
     f72:	78 f0       	brcs	.+30     	; 0xf92 <malloc+0x11e>
     f74:	ac 01       	movw	r20, r24
     f76:	4e 5f       	subi	r20, 0xFE	; 254
     f78:	5f 4f       	sbci	r21, 0xFF	; 255
     f7a:	24 17       	cp	r18, r20
     f7c:	35 07       	cpc	r19, r21
     f7e:	48 f0       	brcs	.+18     	; 0xf92 <malloc+0x11e>
     f80:	4e 0f       	add	r20, r30
     f82:	5f 1f       	adc	r21, r31
     f84:	50 93 f9 01 	sts	0x01F9, r21
     f88:	40 93 f8 01 	sts	0x01F8, r20
     f8c:	81 93       	st	Z+, r24
     f8e:	91 93       	st	Z+, r25
     f90:	02 c0       	rjmp	.+4      	; 0xf96 <malloc+0x122>
     f92:	e0 e0       	ldi	r30, 0x00	; 0
     f94:	f0 e0       	ldi	r31, 0x00	; 0
     f96:	cf 01       	movw	r24, r30
     f98:	df 91       	pop	r29
     f9a:	cf 91       	pop	r28
     f9c:	08 95       	ret

00000f9e <free>:
     f9e:	0f 93       	push	r16
     fa0:	1f 93       	push	r17
     fa2:	cf 93       	push	r28
     fa4:	df 93       	push	r29
     fa6:	00 97       	sbiw	r24, 0x00	; 0
     fa8:	09 f4       	brne	.+2      	; 0xfac <free+0xe>
     faa:	8c c0       	rjmp	.+280    	; 0x10c4 <free+0x126>
     fac:	fc 01       	movw	r30, r24
     fae:	32 97       	sbiw	r30, 0x02	; 2
     fb0:	13 82       	std	Z+3, r1	; 0x03
     fb2:	12 82       	std	Z+2, r1	; 0x02
     fb4:	00 91 fa 01 	lds	r16, 0x01FA
     fb8:	10 91 fb 01 	lds	r17, 0x01FB
     fbc:	01 15       	cp	r16, r1
     fbe:	11 05       	cpc	r17, r1
     fc0:	81 f4       	brne	.+32     	; 0xfe2 <free+0x44>
     fc2:	20 81       	ld	r18, Z
     fc4:	31 81       	ldd	r19, Z+1	; 0x01
     fc6:	82 0f       	add	r24, r18
     fc8:	93 1f       	adc	r25, r19
     fca:	20 91 f8 01 	lds	r18, 0x01F8
     fce:	30 91 f9 01 	lds	r19, 0x01F9
     fd2:	28 17       	cp	r18, r24
     fd4:	39 07       	cpc	r19, r25
     fd6:	79 f5       	brne	.+94     	; 0x1036 <free+0x98>
     fd8:	f0 93 f9 01 	sts	0x01F9, r31
     fdc:	e0 93 f8 01 	sts	0x01F8, r30
     fe0:	71 c0       	rjmp	.+226    	; 0x10c4 <free+0x126>
     fe2:	d8 01       	movw	r26, r16
     fe4:	40 e0       	ldi	r20, 0x00	; 0
     fe6:	50 e0       	ldi	r21, 0x00	; 0
     fe8:	ae 17       	cp	r26, r30
     fea:	bf 07       	cpc	r27, r31
     fec:	50 f4       	brcc	.+20     	; 0x1002 <free+0x64>
     fee:	12 96       	adiw	r26, 0x02	; 2
     ff0:	2d 91       	ld	r18, X+
     ff2:	3c 91       	ld	r19, X
     ff4:	13 97       	sbiw	r26, 0x03	; 3
     ff6:	ad 01       	movw	r20, r26
     ff8:	21 15       	cp	r18, r1
     ffa:	31 05       	cpc	r19, r1
     ffc:	09 f1       	breq	.+66     	; 0x1040 <free+0xa2>
     ffe:	d9 01       	movw	r26, r18
    1000:	f3 cf       	rjmp	.-26     	; 0xfe8 <free+0x4a>
    1002:	9d 01       	movw	r18, r26
    1004:	da 01       	movw	r26, r20
    1006:	33 83       	std	Z+3, r19	; 0x03
    1008:	22 83       	std	Z+2, r18	; 0x02
    100a:	60 81       	ld	r22, Z
    100c:	71 81       	ldd	r23, Z+1	; 0x01
    100e:	86 0f       	add	r24, r22
    1010:	97 1f       	adc	r25, r23
    1012:	82 17       	cp	r24, r18
    1014:	93 07       	cpc	r25, r19
    1016:	69 f4       	brne	.+26     	; 0x1032 <free+0x94>
    1018:	ec 01       	movw	r28, r24
    101a:	28 81       	ld	r18, Y
    101c:	39 81       	ldd	r19, Y+1	; 0x01
    101e:	26 0f       	add	r18, r22
    1020:	37 1f       	adc	r19, r23
    1022:	2e 5f       	subi	r18, 0xFE	; 254
    1024:	3f 4f       	sbci	r19, 0xFF	; 255
    1026:	31 83       	std	Z+1, r19	; 0x01
    1028:	20 83       	st	Z, r18
    102a:	8a 81       	ldd	r24, Y+2	; 0x02
    102c:	9b 81       	ldd	r25, Y+3	; 0x03
    102e:	93 83       	std	Z+3, r25	; 0x03
    1030:	82 83       	std	Z+2, r24	; 0x02
    1032:	45 2b       	or	r20, r21
    1034:	29 f4       	brne	.+10     	; 0x1040 <free+0xa2>
    1036:	f0 93 fb 01 	sts	0x01FB, r31
    103a:	e0 93 fa 01 	sts	0x01FA, r30
    103e:	42 c0       	rjmp	.+132    	; 0x10c4 <free+0x126>
    1040:	13 96       	adiw	r26, 0x03	; 3
    1042:	fc 93       	st	X, r31
    1044:	ee 93       	st	-X, r30
    1046:	12 97       	sbiw	r26, 0x02	; 2
    1048:	ed 01       	movw	r28, r26
    104a:	49 91       	ld	r20, Y+
    104c:	59 91       	ld	r21, Y+
    104e:	9e 01       	movw	r18, r28
    1050:	24 0f       	add	r18, r20
    1052:	35 1f       	adc	r19, r21
    1054:	e2 17       	cp	r30, r18
    1056:	f3 07       	cpc	r31, r19
    1058:	71 f4       	brne	.+28     	; 0x1076 <free+0xd8>
    105a:	80 81       	ld	r24, Z
    105c:	91 81       	ldd	r25, Z+1	; 0x01
    105e:	84 0f       	add	r24, r20
    1060:	95 1f       	adc	r25, r21
    1062:	02 96       	adiw	r24, 0x02	; 2
    1064:	11 96       	adiw	r26, 0x01	; 1
    1066:	9c 93       	st	X, r25
    1068:	8e 93       	st	-X, r24
    106a:	82 81       	ldd	r24, Z+2	; 0x02
    106c:	93 81       	ldd	r25, Z+3	; 0x03
    106e:	13 96       	adiw	r26, 0x03	; 3
    1070:	9c 93       	st	X, r25
    1072:	8e 93       	st	-X, r24
    1074:	12 97       	sbiw	r26, 0x02	; 2
    1076:	e0 e0       	ldi	r30, 0x00	; 0
    1078:	f0 e0       	ldi	r31, 0x00	; 0
    107a:	d8 01       	movw	r26, r16
    107c:	12 96       	adiw	r26, 0x02	; 2
    107e:	8d 91       	ld	r24, X+
    1080:	9c 91       	ld	r25, X
    1082:	13 97       	sbiw	r26, 0x03	; 3
    1084:	00 97       	sbiw	r24, 0x00	; 0
    1086:	19 f0       	breq	.+6      	; 0x108e <free+0xf0>
    1088:	f8 01       	movw	r30, r16
    108a:	8c 01       	movw	r16, r24
    108c:	f6 cf       	rjmp	.-20     	; 0x107a <free+0xdc>
    108e:	8d 91       	ld	r24, X+
    1090:	9c 91       	ld	r25, X
    1092:	98 01       	movw	r18, r16
    1094:	2e 5f       	subi	r18, 0xFE	; 254
    1096:	3f 4f       	sbci	r19, 0xFF	; 255
    1098:	82 0f       	add	r24, r18
    109a:	93 1f       	adc	r25, r19
    109c:	20 91 f8 01 	lds	r18, 0x01F8
    10a0:	30 91 f9 01 	lds	r19, 0x01F9
    10a4:	28 17       	cp	r18, r24
    10a6:	39 07       	cpc	r19, r25
    10a8:	69 f4       	brne	.+26     	; 0x10c4 <free+0x126>
    10aa:	30 97       	sbiw	r30, 0x00	; 0
    10ac:	29 f4       	brne	.+10     	; 0x10b8 <free+0x11a>
    10ae:	10 92 fb 01 	sts	0x01FB, r1
    10b2:	10 92 fa 01 	sts	0x01FA, r1
    10b6:	02 c0       	rjmp	.+4      	; 0x10bc <free+0x11e>
    10b8:	13 82       	std	Z+3, r1	; 0x03
    10ba:	12 82       	std	Z+2, r1	; 0x02
    10bc:	10 93 f9 01 	sts	0x01F9, r17
    10c0:	00 93 f8 01 	sts	0x01F8, r16
    10c4:	df 91       	pop	r29
    10c6:	cf 91       	pop	r28
    10c8:	1f 91       	pop	r17
    10ca:	0f 91       	pop	r16
    10cc:	08 95       	ret

000010ce <strnlen_P>:
    10ce:	fc 01       	movw	r30, r24
    10d0:	05 90       	lpm	r0, Z+
    10d2:	61 50       	subi	r22, 0x01	; 1
    10d4:	70 40       	sbci	r23, 0x00	; 0
    10d6:	01 10       	cpse	r0, r1
    10d8:	d8 f7       	brcc	.-10     	; 0x10d0 <strnlen_P+0x2>
    10da:	80 95       	com	r24
    10dc:	90 95       	com	r25
    10de:	8e 0f       	add	r24, r30
    10e0:	9f 1f       	adc	r25, r31
    10e2:	08 95       	ret

000010e4 <memset>:
    10e4:	dc 01       	movw	r26, r24
    10e6:	01 c0       	rjmp	.+2      	; 0x10ea <memset+0x6>
    10e8:	6d 93       	st	X+, r22
    10ea:	41 50       	subi	r20, 0x01	; 1
    10ec:	50 40       	sbci	r21, 0x00	; 0
    10ee:	e0 f7       	brcc	.-8      	; 0x10e8 <memset+0x4>
    10f0:	08 95       	ret

000010f2 <strnlen>:
    10f2:	fc 01       	movw	r30, r24
    10f4:	61 50       	subi	r22, 0x01	; 1
    10f6:	70 40       	sbci	r23, 0x00	; 0
    10f8:	01 90       	ld	r0, Z+
    10fa:	01 10       	cpse	r0, r1
    10fc:	d8 f7       	brcc	.-10     	; 0x10f4 <strnlen+0x2>
    10fe:	80 95       	com	r24
    1100:	90 95       	com	r25
    1102:	8e 0f       	add	r24, r30
    1104:	9f 1f       	adc	r25, r31
    1106:	08 95       	ret

00001108 <__ultoa_invert>:
    1108:	fa 01       	movw	r30, r20
    110a:	aa 27       	eor	r26, r26
    110c:	28 30       	cpi	r18, 0x08	; 8
    110e:	51 f1       	breq	.+84     	; 0x1164 <__ultoa_invert+0x5c>
    1110:	20 31       	cpi	r18, 0x10	; 16
    1112:	81 f1       	breq	.+96     	; 0x1174 <__ultoa_invert+0x6c>
    1114:	e8 94       	clt
    1116:	6f 93       	push	r22
    1118:	6e 7f       	andi	r22, 0xFE	; 254
    111a:	6e 5f       	subi	r22, 0xFE	; 254
    111c:	7f 4f       	sbci	r23, 0xFF	; 255
    111e:	8f 4f       	sbci	r24, 0xFF	; 255
    1120:	9f 4f       	sbci	r25, 0xFF	; 255
    1122:	af 4f       	sbci	r26, 0xFF	; 255
    1124:	b1 e0       	ldi	r27, 0x01	; 1
    1126:	3e d0       	rcall	.+124    	; 0x11a4 <__ultoa_invert+0x9c>
    1128:	b4 e0       	ldi	r27, 0x04	; 4
    112a:	3c d0       	rcall	.+120    	; 0x11a4 <__ultoa_invert+0x9c>
    112c:	67 0f       	add	r22, r23
    112e:	78 1f       	adc	r23, r24
    1130:	89 1f       	adc	r24, r25
    1132:	9a 1f       	adc	r25, r26
    1134:	a1 1d       	adc	r26, r1
    1136:	68 0f       	add	r22, r24
    1138:	79 1f       	adc	r23, r25
    113a:	8a 1f       	adc	r24, r26
    113c:	91 1d       	adc	r25, r1
    113e:	a1 1d       	adc	r26, r1
    1140:	6a 0f       	add	r22, r26
    1142:	71 1d       	adc	r23, r1
    1144:	81 1d       	adc	r24, r1
    1146:	91 1d       	adc	r25, r1
    1148:	a1 1d       	adc	r26, r1
    114a:	20 d0       	rcall	.+64     	; 0x118c <__ultoa_invert+0x84>
    114c:	09 f4       	brne	.+2      	; 0x1150 <__ultoa_invert+0x48>
    114e:	68 94       	set
    1150:	3f 91       	pop	r19
    1152:	2a e0       	ldi	r18, 0x0A	; 10
    1154:	26 9f       	mul	r18, r22
    1156:	11 24       	eor	r1, r1
    1158:	30 19       	sub	r19, r0
    115a:	30 5d       	subi	r19, 0xD0	; 208
    115c:	31 93       	st	Z+, r19
    115e:	de f6       	brtc	.-74     	; 0x1116 <__ultoa_invert+0xe>
    1160:	cf 01       	movw	r24, r30
    1162:	08 95       	ret
    1164:	46 2f       	mov	r20, r22
    1166:	47 70       	andi	r20, 0x07	; 7
    1168:	40 5d       	subi	r20, 0xD0	; 208
    116a:	41 93       	st	Z+, r20
    116c:	b3 e0       	ldi	r27, 0x03	; 3
    116e:	0f d0       	rcall	.+30     	; 0x118e <__ultoa_invert+0x86>
    1170:	c9 f7       	brne	.-14     	; 0x1164 <__ultoa_invert+0x5c>
    1172:	f6 cf       	rjmp	.-20     	; 0x1160 <__ultoa_invert+0x58>
    1174:	46 2f       	mov	r20, r22
    1176:	4f 70       	andi	r20, 0x0F	; 15
    1178:	40 5d       	subi	r20, 0xD0	; 208
    117a:	4a 33       	cpi	r20, 0x3A	; 58
    117c:	18 f0       	brcs	.+6      	; 0x1184 <__ultoa_invert+0x7c>
    117e:	49 5d       	subi	r20, 0xD9	; 217
    1180:	31 fd       	sbrc	r19, 1
    1182:	40 52       	subi	r20, 0x20	; 32
    1184:	41 93       	st	Z+, r20
    1186:	02 d0       	rcall	.+4      	; 0x118c <__ultoa_invert+0x84>
    1188:	a9 f7       	brne	.-22     	; 0x1174 <__ultoa_invert+0x6c>
    118a:	ea cf       	rjmp	.-44     	; 0x1160 <__ultoa_invert+0x58>
    118c:	b4 e0       	ldi	r27, 0x04	; 4
    118e:	a6 95       	lsr	r26
    1190:	97 95       	ror	r25
    1192:	87 95       	ror	r24
    1194:	77 95       	ror	r23
    1196:	67 95       	ror	r22
    1198:	ba 95       	dec	r27
    119a:	c9 f7       	brne	.-14     	; 0x118e <__ultoa_invert+0x86>
    119c:	00 97       	sbiw	r24, 0x00	; 0
    119e:	61 05       	cpc	r22, r1
    11a0:	71 05       	cpc	r23, r1
    11a2:	08 95       	ret
    11a4:	9b 01       	movw	r18, r22
    11a6:	ac 01       	movw	r20, r24
    11a8:	0a 2e       	mov	r0, r26
    11aa:	06 94       	lsr	r0
    11ac:	57 95       	ror	r21
    11ae:	47 95       	ror	r20
    11b0:	37 95       	ror	r19
    11b2:	27 95       	ror	r18
    11b4:	ba 95       	dec	r27
    11b6:	c9 f7       	brne	.-14     	; 0x11aa <__ultoa_invert+0xa2>
    11b8:	62 0f       	add	r22, r18
    11ba:	73 1f       	adc	r23, r19
    11bc:	84 1f       	adc	r24, r20
    11be:	95 1f       	adc	r25, r21
    11c0:	a0 1d       	adc	r26, r0
    11c2:	08 95       	ret

000011c4 <__prologue_saves__>:
    11c4:	2f 92       	push	r2
    11c6:	3f 92       	push	r3
    11c8:	4f 92       	push	r4
    11ca:	5f 92       	push	r5
    11cc:	6f 92       	push	r6
    11ce:	7f 92       	push	r7
    11d0:	8f 92       	push	r8
    11d2:	9f 92       	push	r9
    11d4:	af 92       	push	r10
    11d6:	bf 92       	push	r11
    11d8:	cf 92       	push	r12
    11da:	df 92       	push	r13
    11dc:	ef 92       	push	r14
    11de:	ff 92       	push	r15
    11e0:	0f 93       	push	r16
    11e2:	1f 93       	push	r17
    11e4:	cf 93       	push	r28
    11e6:	df 93       	push	r29
    11e8:	cd b7       	in	r28, 0x3d	; 61
    11ea:	de b7       	in	r29, 0x3e	; 62
    11ec:	ca 1b       	sub	r28, r26
    11ee:	db 0b       	sbc	r29, r27
    11f0:	0f b6       	in	r0, 0x3f	; 63
    11f2:	f8 94       	cli
    11f4:	de bf       	out	0x3e, r29	; 62
    11f6:	0f be       	out	0x3f, r0	; 63
    11f8:	cd bf       	out	0x3d, r28	; 61
    11fa:	09 94       	ijmp

000011fc <__epilogue_restores__>:
    11fc:	2a 88       	ldd	r2, Y+18	; 0x12
    11fe:	39 88       	ldd	r3, Y+17	; 0x11
    1200:	48 88       	ldd	r4, Y+16	; 0x10
    1202:	5f 84       	ldd	r5, Y+15	; 0x0f
    1204:	6e 84       	ldd	r6, Y+14	; 0x0e
    1206:	7d 84       	ldd	r7, Y+13	; 0x0d
    1208:	8c 84       	ldd	r8, Y+12	; 0x0c
    120a:	9b 84       	ldd	r9, Y+11	; 0x0b
    120c:	aa 84       	ldd	r10, Y+10	; 0x0a
    120e:	b9 84       	ldd	r11, Y+9	; 0x09
    1210:	c8 84       	ldd	r12, Y+8	; 0x08
    1212:	df 80       	ldd	r13, Y+7	; 0x07
    1214:	ee 80       	ldd	r14, Y+6	; 0x06
    1216:	fd 80       	ldd	r15, Y+5	; 0x05
    1218:	0c 81       	ldd	r16, Y+4	; 0x04
    121a:	1b 81       	ldd	r17, Y+3	; 0x03
    121c:	aa 81       	ldd	r26, Y+2	; 0x02
    121e:	b9 81       	ldd	r27, Y+1	; 0x01
    1220:	ce 0f       	add	r28, r30
    1222:	d1 1d       	adc	r29, r1
    1224:	0f b6       	in	r0, 0x3f	; 63
    1226:	f8 94       	cli
    1228:	de bf       	out	0x3e, r29	; 62
    122a:	0f be       	out	0x3f, r0	; 63
    122c:	cd bf       	out	0x3d, r28	; 61
    122e:	ed 01       	movw	r28, r26
    1230:	08 95       	ret

00001232 <_exit>:
    1232:	f8 94       	cli

00001234 <__stop_program>:
    1234:	ff cf       	rjmp	.-2      	; 0x1234 <__stop_program>
