
main.elf:     file format elf32-avr

Sections:
Idx Name          Size      VMA       LMA       File off  Algn
  0 .data         00000006  00800100  00000ab4  00000b48  2**0
                  CONTENTS, ALLOC, LOAD, DATA
  1 .text         00000ab4  00000000  00000000  00000094  2**1
                  CONTENTS, ALLOC, LOAD, READONLY, CODE
  2 .bss          0000004c  00800106  00800106  00000b4e  2**0
                  ALLOC
  3 .comment      00000011  00000000  00000000  00000b4e  2**0
                  CONTENTS, READONLY
  4 .note.gnu.avr.deviceinfo 00000040  00000000  00000000  00000b60  2**2
                  CONTENTS, READONLY

Disassembly of section .text:

00000000 <__vectors>:
   0:	0c 94 34 00 	jmp	0x68	; 0x68 <__ctors_end>
   4:	0c 94 51 00 	jmp	0xa2	; 0xa2 <__bad_interrupt>
   8:	0c 94 51 00 	jmp	0xa2	; 0xa2 <__bad_interrupt>
   c:	0c 94 51 00 	jmp	0xa2	; 0xa2 <__bad_interrupt>
  10:	0c 94 51 00 	jmp	0xa2	; 0xa2 <__bad_interrupt>
  14:	0c 94 51 00 	jmp	0xa2	; 0xa2 <__bad_interrupt>
  18:	0c 94 51 00 	jmp	0xa2	; 0xa2 <__bad_interrupt>
  1c:	0c 94 51 00 	jmp	0xa2	; 0xa2 <__bad_interrupt>
  20:	0c 94 51 00 	jmp	0xa2	; 0xa2 <__bad_interrupt>
  24:	0c 94 51 00 	jmp	0xa2	; 0xa2 <__bad_interrupt>
  28:	0c 94 51 00 	jmp	0xa2	; 0xa2 <__bad_interrupt>
  2c:	0c 94 51 00 	jmp	0xa2	; 0xa2 <__bad_interrupt>
  30:	0c 94 51 00 	jmp	0xa2	; 0xa2 <__bad_interrupt>
  34:	0c 94 51 00 	jmp	0xa2	; 0xa2 <__bad_interrupt>
  38:	0c 94 51 00 	jmp	0xa2	; 0xa2 <__bad_interrupt>
  3c:	0c 94 51 00 	jmp	0xa2	; 0xa2 <__bad_interrupt>
  40:	0c 94 51 00 	jmp	0xa2	; 0xa2 <__bad_interrupt>
  44:	0c 94 51 00 	jmp	0xa2	; 0xa2 <__bad_interrupt>
  48:	0c 94 70 00 	jmp	0xe0	; 0xe0 <__vector_18>
  4c:	0c 94 51 00 	jmp	0xa2	; 0xa2 <__bad_interrupt>
  50:	0c 94 51 00 	jmp	0xa2	; 0xa2 <__bad_interrupt>
  54:	0c 94 51 00 	jmp	0xa2	; 0xa2 <__bad_interrupt>
  58:	0c 94 51 00 	jmp	0xa2	; 0xa2 <__bad_interrupt>
  5c:	0c 94 51 00 	jmp	0xa2	; 0xa2 <__bad_interrupt>
  60:	0c 94 51 00 	jmp	0xa2	; 0xa2 <__bad_interrupt>
  64:	0c 94 51 00 	jmp	0xa2	; 0xa2 <__bad_interrupt>

00000068 <__ctors_end>:
  68:	11 24       	eor	r1, r1
  6a:	1f be       	out	0x3f, r1	; 63
  6c:	cf ef       	ldi	r28, 0xFF	; 255
  6e:	d8 e0       	ldi	r29, 0x08	; 8
  70:	de bf       	out	0x3e, r29	; 62
  72:	cd bf       	out	0x3d, r28	; 61

00000074 <__do_clear_bss>:
  74:	21 e0       	ldi	r18, 0x01	; 1
  76:	a6 e0       	ldi	r26, 0x06	; 6
  78:	b1 e0       	ldi	r27, 0x01	; 1
  7a:	01 c0       	rjmp	.+2      	; 0x7e <.do_clear_bss_start>

0000007c <.do_clear_bss_loop>:
  7c:	1d 92       	st	X+, r1

0000007e <.do_clear_bss_start>:
  7e:	a2 35       	cpi	r26, 0x52	; 82
  80:	b2 07       	cpc	r27, r18
  82:	e1 f7       	brne	.-8      	; 0x7c <.do_clear_bss_loop>

00000084 <__do_copy_data>:
  84:	11 e0       	ldi	r17, 0x01	; 1
  86:	a0 e0       	ldi	r26, 0x00	; 0
  88:	b1 e0       	ldi	r27, 0x01	; 1
  8a:	e4 eb       	ldi	r30, 0xB4	; 180
  8c:	fa e0       	ldi	r31, 0x0A	; 10
  8e:	02 c0       	rjmp	.+4      	; 0x94 <__do_copy_data+0x10>
  90:	05 90       	lpm	r0, Z+
  92:	0d 92       	st	X+, r0
  94:	a6 30       	cpi	r26, 0x06	; 6
  96:	b1 07       	cpc	r27, r17
  98:	d9 f7       	brne	.-10     	; 0x90 <__do_copy_data+0xc>
  9a:	0e 94 e4 00 	call	0x1c8	; 0x1c8 <main>
  9e:	0c 94 58 05 	jmp	0xab0	; 0xab0 <_exit>

000000a2 <__bad_interrupt>:
  a2:	0c 94 00 00 	jmp	0	; 0x0 <__vectors>

000000a6 <uart_putchar>:
  a6:	cf 93       	push	r28
  a8:	c8 2f       	mov	r28, r24
  aa:	80 91 c0 00 	lds	r24, 0x00C0
  ae:	85 ff       	sbrs	r24, 5
  b0:	fc cf       	rjmp	.-8      	; 0xaa <uart_putchar+0x4>
  b2:	ca 30       	cpi	r28, 0x0A	; 10
  b4:	19 f4       	brne	.+6      	; 0xbc <uart_putchar+0x16>
  b6:	8d e0       	ldi	r24, 0x0D	; 13
  b8:	0e 94 53 00 	call	0xa6	; 0xa6 <uart_putchar>
  bc:	80 91 c0 00 	lds	r24, 0x00C0
  c0:	85 ff       	sbrs	r24, 5
  c2:	fc cf       	rjmp	.-8      	; 0xbc <uart_putchar+0x16>
  c4:	c0 93 c6 00 	sts	0x00C6, r28
  c8:	80 e0       	ldi	r24, 0x00	; 0
  ca:	90 e0       	ldi	r25, 0x00	; 0
  cc:	cf 91       	pop	r28
  ce:	08 95       	ret

000000d0 <uart_getchar>:
  d0:	80 91 c0 00 	lds	r24, 0x00C0
  d4:	87 ff       	sbrs	r24, 7
  d6:	fc cf       	rjmp	.-8      	; 0xd0 <uart_getchar>
  d8:	80 91 c6 00 	lds	r24, 0x00C6
  dc:	90 e0       	ldi	r25, 0x00	; 0
  de:	08 95       	ret

000000e0 <__vector_18>:
  e0:	1f 92       	push	r1
  e2:	0f 92       	push	r0
  e4:	0f b6       	in	r0, 0x3f	; 63
  e6:	0f 92       	push	r0
  e8:	11 24       	eor	r1, r1
  ea:	2f 93       	push	r18
  ec:	8f 93       	push	r24
  ee:	9f 93       	push	r25
  f0:	ef 93       	push	r30
  f2:	ff 93       	push	r31
  f4:	80 91 06 01 	lds	r24, 0x0106
  f8:	90 e0       	ldi	r25, 0x00	; 0
  fa:	20 91 c6 00 	lds	r18, 0x00C6
  fe:	fc 01       	movw	r30, r24
 100:	e9 5f       	subi	r30, 0xF9	; 249
 102:	fe 4f       	sbci	r31, 0xFE	; 254
 104:	20 83       	st	Z, r18
 106:	10 92 48 01 	sts	0x0148, r1
 10a:	01 96       	adiw	r24, 0x01	; 1
 10c:	8f 73       	andi	r24, 0x3F	; 63
 10e:	99 27       	eor	r25, r25
 110:	80 93 06 01 	sts	0x0106, r24
 114:	ff 91       	pop	r31
 116:	ef 91       	pop	r30
 118:	9f 91       	pop	r25
 11a:	8f 91       	pop	r24
 11c:	2f 91       	pop	r18
 11e:	0f 90       	pop	r0
 120:	0f be       	out	0x3f, r0	; 63
 122:	0f 90       	pop	r0
 124:	1f 90       	pop	r1
 126:	18 95       	reti

00000128 <uart_init>:
 128:	80 e1       	ldi	r24, 0x10	; 16
 12a:	90 e0       	ldi	r25, 0x00	; 0
 12c:	90 93 c5 00 	sts	0x00C5, r25
 130:	80 93 c4 00 	sts	0x00C4, r24
 134:	80 91 c1 00 	lds	r24, 0x00C1
 138:	88 60       	ori	r24, 0x08	; 8
 13a:	80 93 c1 00 	sts	0x00C1, r24
 13e:	80 91 c1 00 	lds	r24, 0x00C1
 142:	80 61       	ori	r24, 0x10	; 16
 144:	80 93 c1 00 	sts	0x00C1, r24
 148:	80 91 c2 00 	lds	r24, 0x00C2
 14c:	86 60       	ori	r24, 0x06	; 6
 14e:	80 93 c2 00 	sts	0x00C2, r24
 152:	80 91 c2 00 	lds	r24, 0x00C2
 156:	87 7f       	andi	r24, 0xF7	; 247
 158:	80 93 c2 00 	sts	0x00C2, r24
 15c:	80 91 c2 00 	lds	r24, 0x00C2
 160:	8f 7c       	andi	r24, 0xCF	; 207
 162:	80 93 c2 00 	sts	0x00C2, r24
 166:	80 91 c1 00 	lds	r24, 0x00C1
 16a:	80 68       	ori	r24, 0x80	; 128
 16c:	80 93 c1 00 	sts	0x00C1, r24
 170:	60 e0       	ldi	r22, 0x00	; 0
 172:	70 e0       	ldi	r23, 0x00	; 0
 174:	83 e5       	ldi	r24, 0x53	; 83
 176:	90 e0       	ldi	r25, 0x00	; 0
 178:	0e 94 f2 00 	call	0x1e4	; 0x1e4 <fdevopen>
 17c:	68 e6       	ldi	r22, 0x68	; 104
 17e:	70 e0       	ldi	r23, 0x00	; 0
 180:	80 e0       	ldi	r24, 0x00	; 0
 182:	90 e0       	ldi	r25, 0x00	; 0
 184:	0e 94 f2 00 	call	0x1e4	; 0x1e4 <fdevopen>
 188:	e7 e0       	ldi	r30, 0x07	; 7
 18a:	f1 e0       	ldi	r31, 0x01	; 1
 18c:	80 e2       	ldi	r24, 0x20	; 32
 18e:	81 93       	st	Z+, r24
 190:	91 e0       	ldi	r25, 0x01	; 1
 192:	e7 34       	cpi	r30, 0x47	; 71
 194:	f9 07       	cpc	r31, r25
 196:	d9 f7       	brne	.-10     	; 0x18e <uart_init+0x66>
 198:	10 92 06 01 	sts	0x0106, r1
 19c:	78 94       	sei
 19e:	08 95       	ret

000001a0 <spi_transfer>:
 1a0:	2a 98       	cbi	0x05, 2	; 5
 1a2:	80 68       	ori	r24, 0x80	; 128
 1a4:	8e bd       	out	0x2e, r24	; 46
 1a6:	0d b4       	in	r0, 0x2d	; 45
 1a8:	07 fe       	sbrs	r0, 7
 1aa:	fd cf       	rjmp	.-6      	; 0x1a6 <spi_transfer+0x6>
 1ac:	8f ef       	ldi	r24, 0xFF	; 255
 1ae:	8e bd       	out	0x2e, r24	; 46
 1b0:	0d b4       	in	r0, 0x2d	; 45
 1b2:	07 fe       	sbrs	r0, 7
 1b4:	fd cf       	rjmp	.-6      	; 0x1b0 <spi_transfer+0x10>
 1b6:	8e b5       	in	r24, 0x2e	; 46
 1b8:	2a 9a       	sbi	0x05, 2	; 5
 1ba:	08 95       	ret

000001bc <init>:
 1bc:	83 e5       	ldi	r24, 0x53	; 83
 1be:	8c bd       	out	0x2c, r24	; 44
 1c0:	8c e2       	ldi	r24, 0x2C	; 44
 1c2:	84 b9       	out	0x04, r24	; 4
 1c4:	2a 9a       	sbi	0x05, 2	; 5
 1c6:	08 95       	ret

000001c8 <main>:
 1c8:	0e 94 de 00 	call	0x1bc	; 0x1bc <init>
 1cc:	0e 94 94 00 	call	0x128	; 0x128 <uart_init>
 1d0:	82 e0       	ldi	r24, 0x02	; 2
 1d2:	0e 94 d0 00 	call	0x1a0	; 0x1a0 <spi_transfer>
 1d6:	1f 92       	push	r1
 1d8:	8f 93       	push	r24
 1da:	0e 94 3d 01 	call	0x27a	; 0x27a <printf>
 1de:	0f 90       	pop	r0
 1e0:	0f 90       	pop	r0
 1e2:	f6 cf       	rjmp	.-20     	; 0x1d0 <main+0x8>

000001e4 <fdevopen>:
 1e4:	0f 93       	push	r16
 1e6:	1f 93       	push	r17
 1e8:	cf 93       	push	r28
 1ea:	df 93       	push	r29
 1ec:	00 97       	sbiw	r24, 0x00	; 0
 1ee:	31 f4       	brne	.+12     	; 0x1fc <fdevopen+0x18>
 1f0:	61 15       	cp	r22, r1
 1f2:	71 05       	cpc	r23, r1
 1f4:	19 f4       	brne	.+6      	; 0x1fc <fdevopen+0x18>
 1f6:	80 e0       	ldi	r24, 0x00	; 0
 1f8:	90 e0       	ldi	r25, 0x00	; 0
 1fa:	3a c0       	rjmp	.+116    	; 0x270 <fdevopen+0x8c>
 1fc:	8b 01       	movw	r16, r22
 1fe:	ec 01       	movw	r28, r24
 200:	6e e0       	ldi	r22, 0x0E	; 14
 202:	70 e0       	ldi	r23, 0x00	; 0
 204:	81 e0       	ldi	r24, 0x01	; 1
 206:	90 e0       	ldi	r25, 0x00	; 0
 208:	0e 94 25 03 	call	0x64a	; 0x64a <calloc>
 20c:	fc 01       	movw	r30, r24
 20e:	89 2b       	or	r24, r25
 210:	91 f3       	breq	.-28     	; 0x1f6 <fdevopen+0x12>
 212:	80 e8       	ldi	r24, 0x80	; 128
 214:	83 83       	std	Z+3, r24	; 0x03
 216:	01 15       	cp	r16, r1
 218:	11 05       	cpc	r17, r1
 21a:	71 f0       	breq	.+28     	; 0x238 <fdevopen+0x54>
 21c:	13 87       	std	Z+11, r17	; 0x0b
 21e:	02 87       	std	Z+10, r16	; 0x0a
 220:	81 e8       	ldi	r24, 0x81	; 129
 222:	83 83       	std	Z+3, r24	; 0x03
 224:	80 91 48 01 	lds	r24, 0x0148
 228:	90 91 49 01 	lds	r25, 0x0149
 22c:	89 2b       	or	r24, r25
 22e:	21 f4       	brne	.+8      	; 0x238 <fdevopen+0x54>
 230:	f0 93 49 01 	sts	0x0149, r31
 234:	e0 93 48 01 	sts	0x0148, r30
 238:	20 97       	sbiw	r28, 0x00	; 0
 23a:	c9 f0       	breq	.+50     	; 0x26e <fdevopen+0x8a>
 23c:	d1 87       	std	Z+9, r29	; 0x09
 23e:	c0 87       	std	Z+8, r28	; 0x08
 240:	83 81       	ldd	r24, Z+3	; 0x03
 242:	82 60       	ori	r24, 0x02	; 2
 244:	83 83       	std	Z+3, r24	; 0x03
 246:	80 91 4a 01 	lds	r24, 0x014A
 24a:	90 91 4b 01 	lds	r25, 0x014B
 24e:	89 2b       	or	r24, r25
 250:	71 f4       	brne	.+28     	; 0x26e <fdevopen+0x8a>
 252:	f0 93 4b 01 	sts	0x014B, r31
 256:	e0 93 4a 01 	sts	0x014A, r30
 25a:	80 91 4c 01 	lds	r24, 0x014C
 25e:	90 91 4d 01 	lds	r25, 0x014D
 262:	89 2b       	or	r24, r25
 264:	21 f4       	brne	.+8      	; 0x26e <fdevopen+0x8a>
 266:	f0 93 4d 01 	sts	0x014D, r31
 26a:	e0 93 4c 01 	sts	0x014C, r30
 26e:	cf 01       	movw	r24, r30
 270:	df 91       	pop	r29
 272:	cf 91       	pop	r28
 274:	1f 91       	pop	r17
 276:	0f 91       	pop	r16
 278:	08 95       	ret

0000027a <printf>:
 27a:	a0 e0       	ldi	r26, 0x00	; 0
 27c:	b0 e0       	ldi	r27, 0x00	; 0
 27e:	e3 e4       	ldi	r30, 0x43	; 67
 280:	f1 e0       	ldi	r31, 0x01	; 1
 282:	0c 94 31 05 	jmp	0xa62	; 0xa62 <__prologue_saves__+0x20>
 286:	ae 01       	movw	r20, r28
 288:	4b 5f       	subi	r20, 0xFB	; 251
 28a:	5f 4f       	sbci	r21, 0xFF	; 255
 28c:	fa 01       	movw	r30, r20
 28e:	61 91       	ld	r22, Z+
 290:	71 91       	ld	r23, Z+
 292:	af 01       	movw	r20, r30
 294:	80 91 4a 01 	lds	r24, 0x014A
 298:	90 91 4b 01 	lds	r25, 0x014B
 29c:	0e 94 53 01 	call	0x2a6	; 0x2a6 <vfprintf>
 2a0:	e2 e0       	ldi	r30, 0x02	; 2
 2a2:	0c 94 4d 05 	jmp	0xa9a	; 0xa9a <__epilogue_restores__+0x20>

000002a6 <vfprintf>:
 2a6:	ac e0       	ldi	r26, 0x0C	; 12
 2a8:	b0 e0       	ldi	r27, 0x00	; 0
 2aa:	e9 e5       	ldi	r30, 0x59	; 89
 2ac:	f1 e0       	ldi	r31, 0x01	; 1
 2ae:	0c 94 21 05 	jmp	0xa42	; 0xa42 <__prologue_saves__>
 2b2:	7c 01       	movw	r14, r24
 2b4:	6b 01       	movw	r12, r22
 2b6:	8a 01       	movw	r16, r20
 2b8:	fc 01       	movw	r30, r24
 2ba:	17 82       	std	Z+7, r1	; 0x07
 2bc:	16 82       	std	Z+6, r1	; 0x06
 2be:	83 81       	ldd	r24, Z+3	; 0x03
 2c0:	81 ff       	sbrs	r24, 1
 2c2:	bd c1       	rjmp	.+890    	; 0x63e <vfprintf+0x398>
 2c4:	ce 01       	movw	r24, r28
 2c6:	01 96       	adiw	r24, 0x01	; 1
 2c8:	4c 01       	movw	r8, r24
 2ca:	f7 01       	movw	r30, r14
 2cc:	93 81       	ldd	r25, Z+3	; 0x03
 2ce:	f6 01       	movw	r30, r12
 2d0:	93 fd       	sbrc	r25, 3
 2d2:	85 91       	lpm	r24, Z+
 2d4:	93 ff       	sbrs	r25, 3
 2d6:	81 91       	ld	r24, Z+
 2d8:	6f 01       	movw	r12, r30
 2da:	88 23       	and	r24, r24
 2dc:	09 f4       	brne	.+2      	; 0x2e0 <vfprintf+0x3a>
 2de:	ab c1       	rjmp	.+854    	; 0x636 <vfprintf+0x390>
 2e0:	85 32       	cpi	r24, 0x25	; 37
 2e2:	39 f4       	brne	.+14     	; 0x2f2 <vfprintf+0x4c>
 2e4:	93 fd       	sbrc	r25, 3
 2e6:	85 91       	lpm	r24, Z+
 2e8:	93 ff       	sbrs	r25, 3
 2ea:	81 91       	ld	r24, Z+
 2ec:	6f 01       	movw	r12, r30
 2ee:	85 32       	cpi	r24, 0x25	; 37
 2f0:	29 f4       	brne	.+10     	; 0x2fc <vfprintf+0x56>
 2f2:	b7 01       	movw	r22, r14
 2f4:	90 e0       	ldi	r25, 0x00	; 0
 2f6:	0e 94 8b 04 	call	0x916	; 0x916 <fputc>
 2fa:	e7 cf       	rjmp	.-50     	; 0x2ca <vfprintf+0x24>
 2fc:	51 2c       	mov	r5, r1
 2fe:	31 2c       	mov	r3, r1
 300:	20 e0       	ldi	r18, 0x00	; 0
 302:	20 32       	cpi	r18, 0x20	; 32
 304:	a0 f4       	brcc	.+40     	; 0x32e <vfprintf+0x88>
 306:	8b 32       	cpi	r24, 0x2B	; 43
 308:	69 f0       	breq	.+26     	; 0x324 <vfprintf+0x7e>
 30a:	30 f4       	brcc	.+12     	; 0x318 <vfprintf+0x72>
 30c:	80 32       	cpi	r24, 0x20	; 32
 30e:	59 f0       	breq	.+22     	; 0x326 <vfprintf+0x80>
 310:	83 32       	cpi	r24, 0x23	; 35
 312:	69 f4       	brne	.+26     	; 0x32e <vfprintf+0x88>
 314:	20 61       	ori	r18, 0x10	; 16
 316:	2c c0       	rjmp	.+88     	; 0x370 <vfprintf+0xca>
 318:	8d 32       	cpi	r24, 0x2D	; 45
 31a:	39 f0       	breq	.+14     	; 0x32a <vfprintf+0x84>
 31c:	80 33       	cpi	r24, 0x30	; 48
 31e:	39 f4       	brne	.+14     	; 0x32e <vfprintf+0x88>
 320:	21 60       	ori	r18, 0x01	; 1
 322:	26 c0       	rjmp	.+76     	; 0x370 <vfprintf+0xca>
 324:	22 60       	ori	r18, 0x02	; 2
 326:	24 60       	ori	r18, 0x04	; 4
 328:	23 c0       	rjmp	.+70     	; 0x370 <vfprintf+0xca>
 32a:	28 60       	ori	r18, 0x08	; 8
 32c:	21 c0       	rjmp	.+66     	; 0x370 <vfprintf+0xca>
 32e:	27 fd       	sbrc	r18, 7
 330:	27 c0       	rjmp	.+78     	; 0x380 <vfprintf+0xda>
 332:	30 ed       	ldi	r19, 0xD0	; 208
 334:	38 0f       	add	r19, r24
 336:	3a 30       	cpi	r19, 0x0A	; 10
 338:	78 f4       	brcc	.+30     	; 0x358 <vfprintf+0xb2>
 33a:	26 ff       	sbrs	r18, 6
 33c:	06 c0       	rjmp	.+12     	; 0x34a <vfprintf+0xa4>
 33e:	fa e0       	ldi	r31, 0x0A	; 10
 340:	5f 9e       	mul	r5, r31
 342:	30 0d       	add	r19, r0
 344:	11 24       	eor	r1, r1
 346:	53 2e       	mov	r5, r19
 348:	13 c0       	rjmp	.+38     	; 0x370 <vfprintf+0xca>
 34a:	8a e0       	ldi	r24, 0x0A	; 10
 34c:	38 9e       	mul	r3, r24
 34e:	30 0d       	add	r19, r0
 350:	11 24       	eor	r1, r1
 352:	33 2e       	mov	r3, r19
 354:	20 62       	ori	r18, 0x20	; 32
 356:	0c c0       	rjmp	.+24     	; 0x370 <vfprintf+0xca>
 358:	8e 32       	cpi	r24, 0x2E	; 46
 35a:	21 f4       	brne	.+8      	; 0x364 <vfprintf+0xbe>
 35c:	26 fd       	sbrc	r18, 6
 35e:	6b c1       	rjmp	.+726    	; 0x636 <vfprintf+0x390>
 360:	20 64       	ori	r18, 0x40	; 64
 362:	06 c0       	rjmp	.+12     	; 0x370 <vfprintf+0xca>
 364:	8c 36       	cpi	r24, 0x6C	; 108
 366:	11 f4       	brne	.+4      	; 0x36c <vfprintf+0xc6>
 368:	20 68       	ori	r18, 0x80	; 128
 36a:	02 c0       	rjmp	.+4      	; 0x370 <vfprintf+0xca>
 36c:	88 36       	cpi	r24, 0x68	; 104
 36e:	41 f4       	brne	.+16     	; 0x380 <vfprintf+0xda>
 370:	f6 01       	movw	r30, r12
 372:	93 fd       	sbrc	r25, 3
 374:	85 91       	lpm	r24, Z+
 376:	93 ff       	sbrs	r25, 3
 378:	81 91       	ld	r24, Z+
 37a:	6f 01       	movw	r12, r30
 37c:	81 11       	cpse	r24, r1
 37e:	c1 cf       	rjmp	.-126    	; 0x302 <vfprintf+0x5c>
 380:	98 2f       	mov	r25, r24
 382:	9f 7d       	andi	r25, 0xDF	; 223
 384:	95 54       	subi	r25, 0x45	; 69
 386:	93 30       	cpi	r25, 0x03	; 3
 388:	28 f4       	brcc	.+10     	; 0x394 <vfprintf+0xee>
 38a:	0c 5f       	subi	r16, 0xFC	; 252
 38c:	1f 4f       	sbci	r17, 0xFF	; 255
 38e:	ff e3       	ldi	r31, 0x3F	; 63
 390:	f9 83       	std	Y+1, r31	; 0x01
 392:	0d c0       	rjmp	.+26     	; 0x3ae <vfprintf+0x108>
 394:	83 36       	cpi	r24, 0x63	; 99
 396:	31 f0       	breq	.+12     	; 0x3a4 <vfprintf+0xfe>
 398:	83 37       	cpi	r24, 0x73	; 115
 39a:	71 f0       	breq	.+28     	; 0x3b8 <vfprintf+0x112>
 39c:	83 35       	cpi	r24, 0x53	; 83
 39e:	09 f0       	breq	.+2      	; 0x3a2 <vfprintf+0xfc>
 3a0:	5b c0       	rjmp	.+182    	; 0x458 <vfprintf+0x1b2>
 3a2:	22 c0       	rjmp	.+68     	; 0x3e8 <vfprintf+0x142>
 3a4:	f8 01       	movw	r30, r16
 3a6:	80 81       	ld	r24, Z
 3a8:	89 83       	std	Y+1, r24	; 0x01
 3aa:	0e 5f       	subi	r16, 0xFE	; 254
 3ac:	1f 4f       	sbci	r17, 0xFF	; 255
 3ae:	44 24       	eor	r4, r4
 3b0:	43 94       	inc	r4
 3b2:	51 2c       	mov	r5, r1
 3b4:	54 01       	movw	r10, r8
 3b6:	15 c0       	rjmp	.+42     	; 0x3e2 <vfprintf+0x13c>
 3b8:	38 01       	movw	r6, r16
 3ba:	f2 e0       	ldi	r31, 0x02	; 2
 3bc:	6f 0e       	add	r6, r31
 3be:	71 1c       	adc	r7, r1
 3c0:	f8 01       	movw	r30, r16
 3c2:	a0 80       	ld	r10, Z
 3c4:	b1 80       	ldd	r11, Z+1	; 0x01
 3c6:	26 ff       	sbrs	r18, 6
 3c8:	03 c0       	rjmp	.+6      	; 0x3d0 <vfprintf+0x12a>
 3ca:	65 2d       	mov	r22, r5
 3cc:	70 e0       	ldi	r23, 0x00	; 0
 3ce:	02 c0       	rjmp	.+4      	; 0x3d4 <vfprintf+0x12e>
 3d0:	6f ef       	ldi	r22, 0xFF	; 255
 3d2:	7f ef       	ldi	r23, 0xFF	; 255
 3d4:	c5 01       	movw	r24, r10
 3d6:	2c 87       	std	Y+12, r18	; 0x0c
 3d8:	0e 94 80 04 	call	0x900	; 0x900 <strnlen>
 3dc:	2c 01       	movw	r4, r24
 3de:	83 01       	movw	r16, r6
 3e0:	2c 85       	ldd	r18, Y+12	; 0x0c
 3e2:	2f 77       	andi	r18, 0x7F	; 127
 3e4:	22 2e       	mov	r2, r18
 3e6:	17 c0       	rjmp	.+46     	; 0x416 <vfprintf+0x170>
 3e8:	38 01       	movw	r6, r16
 3ea:	f2 e0       	ldi	r31, 0x02	; 2
 3ec:	6f 0e       	add	r6, r31
 3ee:	71 1c       	adc	r7, r1
 3f0:	f8 01       	movw	r30, r16
 3f2:	a0 80       	ld	r10, Z
 3f4:	b1 80       	ldd	r11, Z+1	; 0x01
 3f6:	26 ff       	sbrs	r18, 6
 3f8:	03 c0       	rjmp	.+6      	; 0x400 <vfprintf+0x15a>
 3fa:	65 2d       	mov	r22, r5
 3fc:	70 e0       	ldi	r23, 0x00	; 0
 3fe:	02 c0       	rjmp	.+4      	; 0x404 <vfprintf+0x15e>
 400:	6f ef       	ldi	r22, 0xFF	; 255
 402:	7f ef       	ldi	r23, 0xFF	; 255
 404:	c5 01       	movw	r24, r10
 406:	2c 87       	std	Y+12, r18	; 0x0c
 408:	0e 94 6e 04 	call	0x8dc	; 0x8dc <strnlen_P>
 40c:	2c 01       	movw	r4, r24
 40e:	2c 85       	ldd	r18, Y+12	; 0x0c
 410:	20 68       	ori	r18, 0x80	; 128
 412:	22 2e       	mov	r2, r18
 414:	83 01       	movw	r16, r6
 416:	23 fc       	sbrc	r2, 3
 418:	1b c0       	rjmp	.+54     	; 0x450 <vfprintf+0x1aa>
 41a:	83 2d       	mov	r24, r3
 41c:	90 e0       	ldi	r25, 0x00	; 0
 41e:	48 16       	cp	r4, r24
 420:	59 06       	cpc	r5, r25
 422:	b0 f4       	brcc	.+44     	; 0x450 <vfprintf+0x1aa>
 424:	b7 01       	movw	r22, r14
 426:	80 e2       	ldi	r24, 0x20	; 32
 428:	90 e0       	ldi	r25, 0x00	; 0
 42a:	0e 94 8b 04 	call	0x916	; 0x916 <fputc>
 42e:	3a 94       	dec	r3
 430:	f4 cf       	rjmp	.-24     	; 0x41a <vfprintf+0x174>
 432:	f5 01       	movw	r30, r10
 434:	27 fc       	sbrc	r2, 7
 436:	85 91       	lpm	r24, Z+
 438:	27 fe       	sbrs	r2, 7
 43a:	81 91       	ld	r24, Z+
 43c:	5f 01       	movw	r10, r30
 43e:	b7 01       	movw	r22, r14
 440:	90 e0       	ldi	r25, 0x00	; 0
 442:	0e 94 8b 04 	call	0x916	; 0x916 <fputc>
 446:	31 10       	cpse	r3, r1
 448:	3a 94       	dec	r3
 44a:	f1 e0       	ldi	r31, 0x01	; 1
 44c:	4f 1a       	sub	r4, r31
 44e:	51 08       	sbc	r5, r1
 450:	41 14       	cp	r4, r1
 452:	51 04       	cpc	r5, r1
 454:	71 f7       	brne	.-36     	; 0x432 <vfprintf+0x18c>
 456:	e5 c0       	rjmp	.+458    	; 0x622 <vfprintf+0x37c>
 458:	84 36       	cpi	r24, 0x64	; 100
 45a:	11 f0       	breq	.+4      	; 0x460 <vfprintf+0x1ba>
 45c:	89 36       	cpi	r24, 0x69	; 105
 45e:	39 f5       	brne	.+78     	; 0x4ae <vfprintf+0x208>
 460:	f8 01       	movw	r30, r16
 462:	27 ff       	sbrs	r18, 7
 464:	07 c0       	rjmp	.+14     	; 0x474 <vfprintf+0x1ce>
 466:	60 81       	ld	r22, Z
 468:	71 81       	ldd	r23, Z+1	; 0x01
 46a:	82 81       	ldd	r24, Z+2	; 0x02
 46c:	93 81       	ldd	r25, Z+3	; 0x03
 46e:	0c 5f       	subi	r16, 0xFC	; 252
 470:	1f 4f       	sbci	r17, 0xFF	; 255
 472:	08 c0       	rjmp	.+16     	; 0x484 <vfprintf+0x1de>
 474:	60 81       	ld	r22, Z
 476:	71 81       	ldd	r23, Z+1	; 0x01
 478:	07 2e       	mov	r0, r23
 47a:	00 0c       	add	r0, r0
 47c:	88 0b       	sbc	r24, r24
 47e:	99 0b       	sbc	r25, r25
 480:	0e 5f       	subi	r16, 0xFE	; 254
 482:	1f 4f       	sbci	r17, 0xFF	; 255
 484:	2f 76       	andi	r18, 0x6F	; 111
 486:	72 2e       	mov	r7, r18
 488:	97 ff       	sbrs	r25, 7
 48a:	09 c0       	rjmp	.+18     	; 0x49e <vfprintf+0x1f8>
 48c:	90 95       	com	r25
 48e:	80 95       	com	r24
 490:	70 95       	com	r23
 492:	61 95       	neg	r22
 494:	7f 4f       	sbci	r23, 0xFF	; 255
 496:	8f 4f       	sbci	r24, 0xFF	; 255
 498:	9f 4f       	sbci	r25, 0xFF	; 255
 49a:	20 68       	ori	r18, 0x80	; 128
 49c:	72 2e       	mov	r7, r18
 49e:	2a e0       	ldi	r18, 0x0A	; 10
 4a0:	30 e0       	ldi	r19, 0x00	; 0
 4a2:	a4 01       	movw	r20, r8
 4a4:	0e 94 c3 04 	call	0x986	; 0x986 <__ultoa_invert>
 4a8:	a8 2e       	mov	r10, r24
 4aa:	a8 18       	sub	r10, r8
 4ac:	44 c0       	rjmp	.+136    	; 0x536 <vfprintf+0x290>
 4ae:	85 37       	cpi	r24, 0x75	; 117
 4b0:	29 f4       	brne	.+10     	; 0x4bc <vfprintf+0x216>
 4b2:	2f 7e       	andi	r18, 0xEF	; 239
 4b4:	b2 2e       	mov	r11, r18
 4b6:	2a e0       	ldi	r18, 0x0A	; 10
 4b8:	30 e0       	ldi	r19, 0x00	; 0
 4ba:	25 c0       	rjmp	.+74     	; 0x506 <vfprintf+0x260>
 4bc:	f2 2f       	mov	r31, r18
 4be:	f9 7f       	andi	r31, 0xF9	; 249
 4c0:	bf 2e       	mov	r11, r31
 4c2:	8f 36       	cpi	r24, 0x6F	; 111
 4c4:	c1 f0       	breq	.+48     	; 0x4f6 <vfprintf+0x250>
 4c6:	18 f4       	brcc	.+6      	; 0x4ce <vfprintf+0x228>
 4c8:	88 35       	cpi	r24, 0x58	; 88
 4ca:	79 f0       	breq	.+30     	; 0x4ea <vfprintf+0x244>
 4cc:	b4 c0       	rjmp	.+360    	; 0x636 <vfprintf+0x390>
 4ce:	80 37       	cpi	r24, 0x70	; 112
 4d0:	19 f0       	breq	.+6      	; 0x4d8 <vfprintf+0x232>
 4d2:	88 37       	cpi	r24, 0x78	; 120
 4d4:	21 f0       	breq	.+8      	; 0x4de <vfprintf+0x238>
 4d6:	af c0       	rjmp	.+350    	; 0x636 <vfprintf+0x390>
 4d8:	2f 2f       	mov	r18, r31
 4da:	20 61       	ori	r18, 0x10	; 16
 4dc:	b2 2e       	mov	r11, r18
 4de:	b4 fe       	sbrs	r11, 4
 4e0:	0d c0       	rjmp	.+26     	; 0x4fc <vfprintf+0x256>
 4e2:	8b 2d       	mov	r24, r11
 4e4:	84 60       	ori	r24, 0x04	; 4
 4e6:	b8 2e       	mov	r11, r24
 4e8:	09 c0       	rjmp	.+18     	; 0x4fc <vfprintf+0x256>
 4ea:	24 ff       	sbrs	r18, 4
 4ec:	0a c0       	rjmp	.+20     	; 0x502 <vfprintf+0x25c>
 4ee:	9f 2f       	mov	r25, r31
 4f0:	96 60       	ori	r25, 0x06	; 6
 4f2:	b9 2e       	mov	r11, r25
 4f4:	06 c0       	rjmp	.+12     	; 0x502 <vfprintf+0x25c>
 4f6:	28 e0       	ldi	r18, 0x08	; 8
 4f8:	30 e0       	ldi	r19, 0x00	; 0
 4fa:	05 c0       	rjmp	.+10     	; 0x506 <vfprintf+0x260>
 4fc:	20 e1       	ldi	r18, 0x10	; 16
 4fe:	30 e0       	ldi	r19, 0x00	; 0
 500:	02 c0       	rjmp	.+4      	; 0x506 <vfprintf+0x260>
 502:	20 e1       	ldi	r18, 0x10	; 16
 504:	32 e0       	ldi	r19, 0x02	; 2
 506:	f8 01       	movw	r30, r16
 508:	b7 fe       	sbrs	r11, 7
 50a:	07 c0       	rjmp	.+14     	; 0x51a <vfprintf+0x274>
 50c:	60 81       	ld	r22, Z
 50e:	71 81       	ldd	r23, Z+1	; 0x01
 510:	82 81       	ldd	r24, Z+2	; 0x02
 512:	93 81       	ldd	r25, Z+3	; 0x03
 514:	0c 5f       	subi	r16, 0xFC	; 252
 516:	1f 4f       	sbci	r17, 0xFF	; 255
 518:	06 c0       	rjmp	.+12     	; 0x526 <vfprintf+0x280>
 51a:	60 81       	ld	r22, Z
 51c:	71 81       	ldd	r23, Z+1	; 0x01
 51e:	80 e0       	ldi	r24, 0x00	; 0
 520:	90 e0       	ldi	r25, 0x00	; 0
 522:	0e 5f       	subi	r16, 0xFE	; 254
 524:	1f 4f       	sbci	r17, 0xFF	; 255
 526:	a4 01       	movw	r20, r8
 528:	0e 94 c3 04 	call	0x986	; 0x986 <__ultoa_invert>
 52c:	a8 2e       	mov	r10, r24
 52e:	a8 18       	sub	r10, r8
 530:	fb 2d       	mov	r31, r11
 532:	ff 77       	andi	r31, 0x7F	; 127
 534:	7f 2e       	mov	r7, r31
 536:	76 fe       	sbrs	r7, 6
 538:	0b c0       	rjmp	.+22     	; 0x550 <vfprintf+0x2aa>
 53a:	37 2d       	mov	r19, r7
 53c:	3e 7f       	andi	r19, 0xFE	; 254
 53e:	a5 14       	cp	r10, r5
 540:	50 f4       	brcc	.+20     	; 0x556 <vfprintf+0x2b0>
 542:	74 fe       	sbrs	r7, 4
 544:	0a c0       	rjmp	.+20     	; 0x55a <vfprintf+0x2b4>
 546:	72 fc       	sbrc	r7, 2
 548:	08 c0       	rjmp	.+16     	; 0x55a <vfprintf+0x2b4>
 54a:	37 2d       	mov	r19, r7
 54c:	3e 7e       	andi	r19, 0xEE	; 238
 54e:	05 c0       	rjmp	.+10     	; 0x55a <vfprintf+0x2b4>
 550:	ba 2c       	mov	r11, r10
 552:	37 2d       	mov	r19, r7
 554:	03 c0       	rjmp	.+6      	; 0x55c <vfprintf+0x2b6>
 556:	ba 2c       	mov	r11, r10
 558:	01 c0       	rjmp	.+2      	; 0x55c <vfprintf+0x2b6>
 55a:	b5 2c       	mov	r11, r5
 55c:	34 ff       	sbrs	r19, 4
 55e:	0d c0       	rjmp	.+26     	; 0x57a <vfprintf+0x2d4>
 560:	fe 01       	movw	r30, r28
 562:	ea 0d       	add	r30, r10
 564:	f1 1d       	adc	r31, r1
 566:	80 81       	ld	r24, Z
 568:	80 33       	cpi	r24, 0x30	; 48
 56a:	11 f4       	brne	.+4      	; 0x570 <vfprintf+0x2ca>
 56c:	39 7e       	andi	r19, 0xE9	; 233
 56e:	09 c0       	rjmp	.+18     	; 0x582 <vfprintf+0x2dc>
 570:	32 ff       	sbrs	r19, 2
 572:	06 c0       	rjmp	.+12     	; 0x580 <vfprintf+0x2da>
 574:	b3 94       	inc	r11
 576:	b3 94       	inc	r11
 578:	04 c0       	rjmp	.+8      	; 0x582 <vfprintf+0x2dc>
 57a:	83 2f       	mov	r24, r19
 57c:	86 78       	andi	r24, 0x86	; 134
 57e:	09 f0       	breq	.+2      	; 0x582 <vfprintf+0x2dc>
 580:	b3 94       	inc	r11
 582:	33 fd       	sbrc	r19, 3
 584:	13 c0       	rjmp	.+38     	; 0x5ac <vfprintf+0x306>
 586:	30 ff       	sbrs	r19, 0
 588:	06 c0       	rjmp	.+12     	; 0x596 <vfprintf+0x2f0>
 58a:	5a 2c       	mov	r5, r10
 58c:	b3 14       	cp	r11, r3
 58e:	18 f4       	brcc	.+6      	; 0x596 <vfprintf+0x2f0>
 590:	53 0c       	add	r5, r3
 592:	5b 18       	sub	r5, r11
 594:	b3 2c       	mov	r11, r3
 596:	b3 14       	cp	r11, r3
 598:	68 f4       	brcc	.+26     	; 0x5b4 <vfprintf+0x30e>
 59a:	b7 01       	movw	r22, r14
 59c:	80 e2       	ldi	r24, 0x20	; 32
 59e:	90 e0       	ldi	r25, 0x00	; 0
 5a0:	3c 87       	std	Y+12, r19	; 0x0c
 5a2:	0e 94 8b 04 	call	0x916	; 0x916 <fputc>
 5a6:	b3 94       	inc	r11
 5a8:	3c 85       	ldd	r19, Y+12	; 0x0c
 5aa:	f5 cf       	rjmp	.-22     	; 0x596 <vfprintf+0x2f0>
 5ac:	b3 14       	cp	r11, r3
 5ae:	10 f4       	brcc	.+4      	; 0x5b4 <vfprintf+0x30e>
 5b0:	3b 18       	sub	r3, r11
 5b2:	01 c0       	rjmp	.+2      	; 0x5b6 <vfprintf+0x310>
 5b4:	31 2c       	mov	r3, r1
 5b6:	34 ff       	sbrs	r19, 4
 5b8:	12 c0       	rjmp	.+36     	; 0x5de <vfprintf+0x338>
 5ba:	b7 01       	movw	r22, r14
 5bc:	80 e3       	ldi	r24, 0x30	; 48
 5be:	90 e0       	ldi	r25, 0x00	; 0
 5c0:	3c 87       	std	Y+12, r19	; 0x0c
 5c2:	0e 94 8b 04 	call	0x916	; 0x916 <fputc>
 5c6:	3c 85       	ldd	r19, Y+12	; 0x0c
 5c8:	32 ff       	sbrs	r19, 2
 5ca:	17 c0       	rjmp	.+46     	; 0x5fa <vfprintf+0x354>
 5cc:	31 fd       	sbrc	r19, 1
 5ce:	03 c0       	rjmp	.+6      	; 0x5d6 <vfprintf+0x330>
 5d0:	88 e7       	ldi	r24, 0x78	; 120
 5d2:	90 e0       	ldi	r25, 0x00	; 0
 5d4:	02 c0       	rjmp	.+4      	; 0x5da <vfprintf+0x334>
 5d6:	88 e5       	ldi	r24, 0x58	; 88
 5d8:	90 e0       	ldi	r25, 0x00	; 0
 5da:	b7 01       	movw	r22, r14
 5dc:	0c c0       	rjmp	.+24     	; 0x5f6 <vfprintf+0x350>
 5de:	83 2f       	mov	r24, r19
 5e0:	86 78       	andi	r24, 0x86	; 134
 5e2:	59 f0       	breq	.+22     	; 0x5fa <vfprintf+0x354>
 5e4:	31 ff       	sbrs	r19, 1
 5e6:	02 c0       	rjmp	.+4      	; 0x5ec <vfprintf+0x346>
 5e8:	8b e2       	ldi	r24, 0x2B	; 43
 5ea:	01 c0       	rjmp	.+2      	; 0x5ee <vfprintf+0x348>
 5ec:	80 e2       	ldi	r24, 0x20	; 32
 5ee:	37 fd       	sbrc	r19, 7
 5f0:	8d e2       	ldi	r24, 0x2D	; 45
 5f2:	b7 01       	movw	r22, r14
 5f4:	90 e0       	ldi	r25, 0x00	; 0
 5f6:	0e 94 8b 04 	call	0x916	; 0x916 <fputc>
 5fa:	a5 14       	cp	r10, r5
 5fc:	38 f4       	brcc	.+14     	; 0x60c <vfprintf+0x366>
 5fe:	b7 01       	movw	r22, r14
 600:	80 e3       	ldi	r24, 0x30	; 48
 602:	90 e0       	ldi	r25, 0x00	; 0
 604:	0e 94 8b 04 	call	0x916	; 0x916 <fputc>
 608:	5a 94       	dec	r5
 60a:	f7 cf       	rjmp	.-18     	; 0x5fa <vfprintf+0x354>
 60c:	aa 94       	dec	r10
 60e:	f4 01       	movw	r30, r8
 610:	ea 0d       	add	r30, r10
 612:	f1 1d       	adc	r31, r1
 614:	80 81       	ld	r24, Z
 616:	b7 01       	movw	r22, r14
 618:	90 e0       	ldi	r25, 0x00	; 0
 61a:	0e 94 8b 04 	call	0x916	; 0x916 <fputc>
 61e:	a1 10       	cpse	r10, r1
 620:	f5 cf       	rjmp	.-22     	; 0x60c <vfprintf+0x366>
 622:	33 20       	and	r3, r3
 624:	09 f4       	brne	.+2      	; 0x628 <vfprintf+0x382>
 626:	51 ce       	rjmp	.-862    	; 0x2ca <vfprintf+0x24>
 628:	b7 01       	movw	r22, r14
 62a:	80 e2       	ldi	r24, 0x20	; 32
 62c:	90 e0       	ldi	r25, 0x00	; 0
 62e:	0e 94 8b 04 	call	0x916	; 0x916 <fputc>
 632:	3a 94       	dec	r3
 634:	f6 cf       	rjmp	.-20     	; 0x622 <vfprintf+0x37c>
 636:	f7 01       	movw	r30, r14
 638:	86 81       	ldd	r24, Z+6	; 0x06
 63a:	97 81       	ldd	r25, Z+7	; 0x07
 63c:	02 c0       	rjmp	.+4      	; 0x642 <vfprintf+0x39c>
 63e:	8f ef       	ldi	r24, 0xFF	; 255
 640:	9f ef       	ldi	r25, 0xFF	; 255
 642:	2c 96       	adiw	r28, 0x0c	; 12
 644:	e2 e1       	ldi	r30, 0x12	; 18
 646:	0c 94 3d 05 	jmp	0xa7a	; 0xa7a <__epilogue_restores__>

0000064a <calloc>:
 64a:	0f 93       	push	r16
 64c:	1f 93       	push	r17
 64e:	cf 93       	push	r28
 650:	df 93       	push	r29
 652:	86 9f       	mul	r24, r22
 654:	80 01       	movw	r16, r0
 656:	87 9f       	mul	r24, r23
 658:	10 0d       	add	r17, r0
 65a:	96 9f       	mul	r25, r22
 65c:	10 0d       	add	r17, r0
 65e:	11 24       	eor	r1, r1
 660:	c8 01       	movw	r24, r16
 662:	0e 94 41 03 	call	0x682	; 0x682 <malloc>
 666:	ec 01       	movw	r28, r24
 668:	00 97       	sbiw	r24, 0x00	; 0
 66a:	29 f0       	breq	.+10     	; 0x676 <calloc+0x2c>
 66c:	a8 01       	movw	r20, r16
 66e:	60 e0       	ldi	r22, 0x00	; 0
 670:	70 e0       	ldi	r23, 0x00	; 0
 672:	0e 94 79 04 	call	0x8f2	; 0x8f2 <memset>
 676:	ce 01       	movw	r24, r28
 678:	df 91       	pop	r29
 67a:	cf 91       	pop	r28
 67c:	1f 91       	pop	r17
 67e:	0f 91       	pop	r16
 680:	08 95       	ret

00000682 <malloc>:
 682:	cf 93       	push	r28
 684:	df 93       	push	r29
 686:	82 30       	cpi	r24, 0x02	; 2
 688:	91 05       	cpc	r25, r1
 68a:	10 f4       	brcc	.+4      	; 0x690 <malloc+0xe>
 68c:	82 e0       	ldi	r24, 0x02	; 2
 68e:	90 e0       	ldi	r25, 0x00	; 0
 690:	e0 91 50 01 	lds	r30, 0x0150
 694:	f0 91 51 01 	lds	r31, 0x0151
 698:	20 e0       	ldi	r18, 0x00	; 0
 69a:	30 e0       	ldi	r19, 0x00	; 0
 69c:	c0 e0       	ldi	r28, 0x00	; 0
 69e:	d0 e0       	ldi	r29, 0x00	; 0
 6a0:	30 97       	sbiw	r30, 0x00	; 0
 6a2:	11 f1       	breq	.+68     	; 0x6e8 <malloc+0x66>
 6a4:	40 81       	ld	r20, Z
 6a6:	51 81       	ldd	r21, Z+1	; 0x01
 6a8:	48 17       	cp	r20, r24
 6aa:	59 07       	cpc	r21, r25
 6ac:	c0 f0       	brcs	.+48     	; 0x6de <malloc+0x5c>
 6ae:	48 17       	cp	r20, r24
 6b0:	59 07       	cpc	r21, r25
 6b2:	61 f4       	brne	.+24     	; 0x6cc <malloc+0x4a>
 6b4:	82 81       	ldd	r24, Z+2	; 0x02
 6b6:	93 81       	ldd	r25, Z+3	; 0x03
 6b8:	20 97       	sbiw	r28, 0x00	; 0
 6ba:	19 f0       	breq	.+6      	; 0x6c2 <malloc+0x40>
 6bc:	9b 83       	std	Y+3, r25	; 0x03
 6be:	8a 83       	std	Y+2, r24	; 0x02
 6c0:	2b c0       	rjmp	.+86     	; 0x718 <malloc+0x96>
 6c2:	90 93 51 01 	sts	0x0151, r25
 6c6:	80 93 50 01 	sts	0x0150, r24
 6ca:	26 c0       	rjmp	.+76     	; 0x718 <malloc+0x96>
 6cc:	21 15       	cp	r18, r1
 6ce:	31 05       	cpc	r19, r1
 6d0:	19 f0       	breq	.+6      	; 0x6d8 <malloc+0x56>
 6d2:	42 17       	cp	r20, r18
 6d4:	53 07       	cpc	r21, r19
 6d6:	18 f4       	brcc	.+6      	; 0x6de <malloc+0x5c>
 6d8:	9a 01       	movw	r18, r20
 6da:	be 01       	movw	r22, r28
 6dc:	df 01       	movw	r26, r30
 6de:	ef 01       	movw	r28, r30
 6e0:	02 80       	ldd	r0, Z+2	; 0x02
 6e2:	f3 81       	ldd	r31, Z+3	; 0x03
 6e4:	e0 2d       	mov	r30, r0
 6e6:	dc cf       	rjmp	.-72     	; 0x6a0 <malloc+0x1e>
 6e8:	21 15       	cp	r18, r1
 6ea:	31 05       	cpc	r19, r1
 6ec:	09 f1       	breq	.+66     	; 0x730 <malloc+0xae>
 6ee:	28 1b       	sub	r18, r24
 6f0:	39 0b       	sbc	r19, r25
 6f2:	24 30       	cpi	r18, 0x04	; 4
 6f4:	31 05       	cpc	r19, r1
 6f6:	90 f4       	brcc	.+36     	; 0x71c <malloc+0x9a>
 6f8:	12 96       	adiw	r26, 0x02	; 2
 6fa:	8d 91       	ld	r24, X+
 6fc:	9c 91       	ld	r25, X
 6fe:	13 97       	sbiw	r26, 0x03	; 3
 700:	61 15       	cp	r22, r1
 702:	71 05       	cpc	r23, r1
 704:	21 f0       	breq	.+8      	; 0x70e <malloc+0x8c>
 706:	fb 01       	movw	r30, r22
 708:	93 83       	std	Z+3, r25	; 0x03
 70a:	82 83       	std	Z+2, r24	; 0x02
 70c:	04 c0       	rjmp	.+8      	; 0x716 <malloc+0x94>
 70e:	90 93 51 01 	sts	0x0151, r25
 712:	80 93 50 01 	sts	0x0150, r24
 716:	fd 01       	movw	r30, r26
 718:	32 96       	adiw	r30, 0x02	; 2
 71a:	44 c0       	rjmp	.+136    	; 0x7a4 <malloc+0x122>
 71c:	fd 01       	movw	r30, r26
 71e:	e2 0f       	add	r30, r18
 720:	f3 1f       	adc	r31, r19
 722:	81 93       	st	Z+, r24
 724:	91 93       	st	Z+, r25
 726:	22 50       	subi	r18, 0x02	; 2
 728:	31 09       	sbc	r19, r1
 72a:	2d 93       	st	X+, r18
 72c:	3c 93       	st	X, r19
 72e:	3a c0       	rjmp	.+116    	; 0x7a4 <malloc+0x122>
 730:	20 91 4e 01 	lds	r18, 0x014E
 734:	30 91 4f 01 	lds	r19, 0x014F
 738:	23 2b       	or	r18, r19
 73a:	41 f4       	brne	.+16     	; 0x74c <malloc+0xca>
 73c:	20 91 02 01 	lds	r18, 0x0102
 740:	30 91 03 01 	lds	r19, 0x0103
 744:	30 93 4f 01 	sts	0x014F, r19
 748:	20 93 4e 01 	sts	0x014E, r18
 74c:	20 91 00 01 	lds	r18, 0x0100
 750:	30 91 01 01 	lds	r19, 0x0101
 754:	21 15       	cp	r18, r1
 756:	31 05       	cpc	r19, r1
 758:	41 f4       	brne	.+16     	; 0x76a <malloc+0xe8>
 75a:	2d b7       	in	r18, 0x3d	; 61
 75c:	3e b7       	in	r19, 0x3e	; 62
 75e:	40 91 04 01 	lds	r20, 0x0104
 762:	50 91 05 01 	lds	r21, 0x0105
 766:	24 1b       	sub	r18, r20
 768:	35 0b       	sbc	r19, r21
 76a:	e0 91 4e 01 	lds	r30, 0x014E
 76e:	f0 91 4f 01 	lds	r31, 0x014F
 772:	e2 17       	cp	r30, r18
 774:	f3 07       	cpc	r31, r19
 776:	a0 f4       	brcc	.+40     	; 0x7a0 <malloc+0x11e>
 778:	2e 1b       	sub	r18, r30
 77a:	3f 0b       	sbc	r19, r31
 77c:	28 17       	cp	r18, r24
 77e:	39 07       	cpc	r19, r25
 780:	78 f0       	brcs	.+30     	; 0x7a0 <malloc+0x11e>
 782:	ac 01       	movw	r20, r24
 784:	4e 5f       	subi	r20, 0xFE	; 254
 786:	5f 4f       	sbci	r21, 0xFF	; 255
 788:	24 17       	cp	r18, r20
 78a:	35 07       	cpc	r19, r21
 78c:	48 f0       	brcs	.+18     	; 0x7a0 <malloc+0x11e>
 78e:	4e 0f       	add	r20, r30
 790:	5f 1f       	adc	r21, r31
 792:	50 93 4f 01 	sts	0x014F, r21
 796:	40 93 4e 01 	sts	0x014E, r20
 79a:	81 93       	st	Z+, r24
 79c:	91 93       	st	Z+, r25
 79e:	02 c0       	rjmp	.+4      	; 0x7a4 <malloc+0x122>
 7a0:	e0 e0       	ldi	r30, 0x00	; 0
 7a2:	f0 e0       	ldi	r31, 0x00	; 0
 7a4:	cf 01       	movw	r24, r30
 7a6:	df 91       	pop	r29
 7a8:	cf 91       	pop	r28
 7aa:	08 95       	ret

000007ac <free>:
 7ac:	0f 93       	push	r16
 7ae:	1f 93       	push	r17
 7b0:	cf 93       	push	r28
 7b2:	df 93       	push	r29
 7b4:	00 97       	sbiw	r24, 0x00	; 0
 7b6:	09 f4       	brne	.+2      	; 0x7ba <free+0xe>
 7b8:	8c c0       	rjmp	.+280    	; 0x8d2 <free+0x126>
 7ba:	fc 01       	movw	r30, r24
 7bc:	32 97       	sbiw	r30, 0x02	; 2
 7be:	13 82       	std	Z+3, r1	; 0x03
 7c0:	12 82       	std	Z+2, r1	; 0x02
 7c2:	00 91 50 01 	lds	r16, 0x0150
 7c6:	10 91 51 01 	lds	r17, 0x0151
 7ca:	01 15       	cp	r16, r1
 7cc:	11 05       	cpc	r17, r1
 7ce:	81 f4       	brne	.+32     	; 0x7f0 <free+0x44>
 7d0:	20 81       	ld	r18, Z
 7d2:	31 81       	ldd	r19, Z+1	; 0x01
 7d4:	82 0f       	add	r24, r18
 7d6:	93 1f       	adc	r25, r19
 7d8:	20 91 4e 01 	lds	r18, 0x014E
 7dc:	30 91 4f 01 	lds	r19, 0x014F
 7e0:	28 17       	cp	r18, r24
 7e2:	39 07       	cpc	r19, r25
 7e4:	79 f5       	brne	.+94     	; 0x844 <free+0x98>
 7e6:	f0 93 4f 01 	sts	0x014F, r31
 7ea:	e0 93 4e 01 	sts	0x014E, r30
 7ee:	71 c0       	rjmp	.+226    	; 0x8d2 <free+0x126>
 7f0:	d8 01       	movw	r26, r16
 7f2:	40 e0       	ldi	r20, 0x00	; 0
 7f4:	50 e0       	ldi	r21, 0x00	; 0
 7f6:	ae 17       	cp	r26, r30
 7f8:	bf 07       	cpc	r27, r31
 7fa:	50 f4       	brcc	.+20     	; 0x810 <free+0x64>
 7fc:	12 96       	adiw	r26, 0x02	; 2
 7fe:	2d 91       	ld	r18, X+
 800:	3c 91       	ld	r19, X
 802:	13 97       	sbiw	r26, 0x03	; 3
 804:	ad 01       	movw	r20, r26
 806:	21 15       	cp	r18, r1
 808:	31 05       	cpc	r19, r1
 80a:	09 f1       	breq	.+66     	; 0x84e <free+0xa2>
 80c:	d9 01       	movw	r26, r18
 80e:	f3 cf       	rjmp	.-26     	; 0x7f6 <free+0x4a>
 810:	9d 01       	movw	r18, r26
 812:	da 01       	movw	r26, r20
 814:	33 83       	std	Z+3, r19	; 0x03
 816:	22 83       	std	Z+2, r18	; 0x02
 818:	60 81       	ld	r22, Z
 81a:	71 81       	ldd	r23, Z+1	; 0x01
 81c:	86 0f       	add	r24, r22
 81e:	97 1f       	adc	r25, r23
 820:	82 17       	cp	r24, r18
 822:	93 07       	cpc	r25, r19
 824:	69 f4       	brne	.+26     	; 0x840 <free+0x94>
 826:	ec 01       	movw	r28, r24
 828:	28 81       	ld	r18, Y
 82a:	39 81       	ldd	r19, Y+1	; 0x01
 82c:	26 0f       	add	r18, r22
 82e:	37 1f       	adc	r19, r23
 830:	2e 5f       	subi	r18, 0xFE	; 254
 832:	3f 4f       	sbci	r19, 0xFF	; 255
 834:	31 83       	std	Z+1, r19	; 0x01
 836:	20 83       	st	Z, r18
 838:	8a 81       	ldd	r24, Y+2	; 0x02
 83a:	9b 81       	ldd	r25, Y+3	; 0x03
 83c:	93 83       	std	Z+3, r25	; 0x03
 83e:	82 83       	std	Z+2, r24	; 0x02
 840:	45 2b       	or	r20, r21
 842:	29 f4       	brne	.+10     	; 0x84e <free+0xa2>
 844:	f0 93 51 01 	sts	0x0151, r31
 848:	e0 93 50 01 	sts	0x0150, r30
 84c:	42 c0       	rjmp	.+132    	; 0x8d2 <free+0x126>
 84e:	13 96       	adiw	r26, 0x03	; 3
 850:	fc 93       	st	X, r31
 852:	ee 93       	st	-X, r30
 854:	12 97       	sbiw	r26, 0x02	; 2
 856:	ed 01       	movw	r28, r26
 858:	49 91       	ld	r20, Y+
 85a:	59 91       	ld	r21, Y+
 85c:	9e 01       	movw	r18, r28
 85e:	24 0f       	add	r18, r20
 860:	35 1f       	adc	r19, r21
 862:	e2 17       	cp	r30, r18
 864:	f3 07       	cpc	r31, r19
 866:	71 f4       	brne	.+28     	; 0x884 <free+0xd8>
 868:	80 81       	ld	r24, Z
 86a:	91 81       	ldd	r25, Z+1	; 0x01
 86c:	84 0f       	add	r24, r20
 86e:	95 1f       	adc	r25, r21
 870:	02 96       	adiw	r24, 0x02	; 2
 872:	11 96       	adiw	r26, 0x01	; 1
 874:	9c 93       	st	X, r25
 876:	8e 93       	st	-X, r24
 878:	82 81       	ldd	r24, Z+2	; 0x02
 87a:	93 81       	ldd	r25, Z+3	; 0x03
 87c:	13 96       	adiw	r26, 0x03	; 3
 87e:	9c 93       	st	X, r25
 880:	8e 93       	st	-X, r24
 882:	12 97       	sbiw	r26, 0x02	; 2
 884:	e0 e0       	ldi	r30, 0x00	; 0
 886:	f0 e0       	ldi	r31, 0x00	; 0
 888:	d8 01       	movw	r26, r16
 88a:	12 96       	adiw	r26, 0x02	; 2
 88c:	8d 91       	ld	r24, X+
 88e:	9c 91       	ld	r25, X
 890:	13 97       	sbiw	r26, 0x03	; 3
 892:	00 97       	sbiw	r24, 0x00	; 0
 894:	19 f0       	breq	.+6      	; 0x89c <free+0xf0>
 896:	f8 01       	movw	r30, r16
 898:	8c 01       	movw	r16, r24
 89a:	f6 cf       	rjmp	.-20     	; 0x888 <free+0xdc>
 89c:	8d 91       	ld	r24, X+
 89e:	9c 91       	ld	r25, X
 8a0:	98 01       	movw	r18, r16
 8a2:	2e 5f       	subi	r18, 0xFE	; 254
 8a4:	3f 4f       	sbci	r19, 0xFF	; 255
 8a6:	82 0f       	add	r24, r18
 8a8:	93 1f       	adc	r25, r19
 8aa:	20 91 4e 01 	lds	r18, 0x014E
 8ae:	30 91 4f 01 	lds	r19, 0x014F
 8b2:	28 17       	cp	r18, r24
 8b4:	39 07       	cpc	r19, r25
 8b6:	69 f4       	brne	.+26     	; 0x8d2 <free+0x126>
 8b8:	30 97       	sbiw	r30, 0x00	; 0
 8ba:	29 f4       	brne	.+10     	; 0x8c6 <free+0x11a>
 8bc:	10 92 51 01 	sts	0x0151, r1
 8c0:	10 92 50 01 	sts	0x0150, r1
 8c4:	02 c0       	rjmp	.+4      	; 0x8ca <free+0x11e>
 8c6:	13 82       	std	Z+3, r1	; 0x03
 8c8:	12 82       	std	Z+2, r1	; 0x02
 8ca:	10 93 4f 01 	sts	0x014F, r17
 8ce:	00 93 4e 01 	sts	0x014E, r16
 8d2:	df 91       	pop	r29
 8d4:	cf 91       	pop	r28
 8d6:	1f 91       	pop	r17
 8d8:	0f 91       	pop	r16
 8da:	08 95       	ret

000008dc <strnlen_P>:
 8dc:	fc 01       	movw	r30, r24
 8de:	05 90       	lpm	r0, Z+
 8e0:	61 50       	subi	r22, 0x01	; 1
 8e2:	70 40       	sbci	r23, 0x00	; 0
 8e4:	01 10       	cpse	r0, r1
 8e6:	d8 f7       	brcc	.-10     	; 0x8de <strnlen_P+0x2>
 8e8:	80 95       	com	r24
 8ea:	90 95       	com	r25
 8ec:	8e 0f       	add	r24, r30
 8ee:	9f 1f       	adc	r25, r31
 8f0:	08 95       	ret

000008f2 <memset>:
 8f2:	dc 01       	movw	r26, r24
 8f4:	01 c0       	rjmp	.+2      	; 0x8f8 <memset+0x6>
 8f6:	6d 93       	st	X+, r22
 8f8:	41 50       	subi	r20, 0x01	; 1
 8fa:	50 40       	sbci	r21, 0x00	; 0
 8fc:	e0 f7       	brcc	.-8      	; 0x8f6 <memset+0x4>
 8fe:	08 95       	ret

00000900 <strnlen>:
 900:	fc 01       	movw	r30, r24
 902:	61 50       	subi	r22, 0x01	; 1
 904:	70 40       	sbci	r23, 0x00	; 0
 906:	01 90       	ld	r0, Z+
 908:	01 10       	cpse	r0, r1
 90a:	d8 f7       	brcc	.-10     	; 0x902 <strnlen+0x2>
 90c:	80 95       	com	r24
 90e:	90 95       	com	r25
 910:	8e 0f       	add	r24, r30
 912:	9f 1f       	adc	r25, r31
 914:	08 95       	ret

00000916 <fputc>:
 916:	0f 93       	push	r16
 918:	1f 93       	push	r17
 91a:	cf 93       	push	r28
 91c:	df 93       	push	r29
 91e:	fb 01       	movw	r30, r22
 920:	23 81       	ldd	r18, Z+3	; 0x03
 922:	21 fd       	sbrc	r18, 1
 924:	03 c0       	rjmp	.+6      	; 0x92c <fputc+0x16>
 926:	8f ef       	ldi	r24, 0xFF	; 255
 928:	9f ef       	ldi	r25, 0xFF	; 255
 92a:	28 c0       	rjmp	.+80     	; 0x97c <fputc+0x66>
 92c:	22 ff       	sbrs	r18, 2
 92e:	16 c0       	rjmp	.+44     	; 0x95c <fputc+0x46>
 930:	46 81       	ldd	r20, Z+6	; 0x06
 932:	57 81       	ldd	r21, Z+7	; 0x07
 934:	24 81       	ldd	r18, Z+4	; 0x04
 936:	35 81       	ldd	r19, Z+5	; 0x05
 938:	42 17       	cp	r20, r18
 93a:	53 07       	cpc	r21, r19
 93c:	44 f4       	brge	.+16     	; 0x94e <fputc+0x38>
 93e:	a0 81       	ld	r26, Z
 940:	b1 81       	ldd	r27, Z+1	; 0x01
 942:	9d 01       	movw	r18, r26
 944:	2f 5f       	subi	r18, 0xFF	; 255
 946:	3f 4f       	sbci	r19, 0xFF	; 255
 948:	31 83       	std	Z+1, r19	; 0x01
 94a:	20 83       	st	Z, r18
 94c:	8c 93       	st	X, r24
 94e:	26 81       	ldd	r18, Z+6	; 0x06
 950:	37 81       	ldd	r19, Z+7	; 0x07
 952:	2f 5f       	subi	r18, 0xFF	; 255
 954:	3f 4f       	sbci	r19, 0xFF	; 255
 956:	37 83       	std	Z+7, r19	; 0x07
 958:	26 83       	std	Z+6, r18	; 0x06
 95a:	10 c0       	rjmp	.+32     	; 0x97c <fputc+0x66>
 95c:	eb 01       	movw	r28, r22
 95e:	09 2f       	mov	r16, r25
 960:	18 2f       	mov	r17, r24
 962:	00 84       	ldd	r0, Z+8	; 0x08
 964:	f1 85       	ldd	r31, Z+9	; 0x09
 966:	e0 2d       	mov	r30, r0
 968:	09 95       	icall
 96a:	89 2b       	or	r24, r25
 96c:	e1 f6       	brne	.-72     	; 0x926 <fputc+0x10>
 96e:	8e 81       	ldd	r24, Y+6	; 0x06
 970:	9f 81       	ldd	r25, Y+7	; 0x07
 972:	01 96       	adiw	r24, 0x01	; 1
 974:	9f 83       	std	Y+7, r25	; 0x07
 976:	8e 83       	std	Y+6, r24	; 0x06
 978:	81 2f       	mov	r24, r17
 97a:	90 2f       	mov	r25, r16
 97c:	df 91       	pop	r29
 97e:	cf 91       	pop	r28
 980:	1f 91       	pop	r17
 982:	0f 91       	pop	r16
 984:	08 95       	ret

00000986 <__ultoa_invert>:
 986:	fa 01       	movw	r30, r20
 988:	aa 27       	eor	r26, r26
 98a:	28 30       	cpi	r18, 0x08	; 8
 98c:	51 f1       	breq	.+84     	; 0x9e2 <__ultoa_invert+0x5c>
 98e:	20 31       	cpi	r18, 0x10	; 16
 990:	81 f1       	breq	.+96     	; 0x9f2 <__ultoa_invert+0x6c>
 992:	e8 94       	clt
 994:	6f 93       	push	r22
 996:	6e 7f       	andi	r22, 0xFE	; 254
 998:	6e 5f       	subi	r22, 0xFE	; 254
 99a:	7f 4f       	sbci	r23, 0xFF	; 255
 99c:	8f 4f       	sbci	r24, 0xFF	; 255
 99e:	9f 4f       	sbci	r25, 0xFF	; 255
 9a0:	af 4f       	sbci	r26, 0xFF	; 255
 9a2:	b1 e0       	ldi	r27, 0x01	; 1
 9a4:	3e d0       	rcall	.+124    	; 0xa22 <__ultoa_invert+0x9c>
 9a6:	b4 e0       	ldi	r27, 0x04	; 4
 9a8:	3c d0       	rcall	.+120    	; 0xa22 <__ultoa_invert+0x9c>
 9aa:	67 0f       	add	r22, r23
 9ac:	78 1f       	adc	r23, r24
 9ae:	89 1f       	adc	r24, r25
 9b0:	9a 1f       	adc	r25, r26
 9b2:	a1 1d       	adc	r26, r1
 9b4:	68 0f       	add	r22, r24
 9b6:	79 1f       	adc	r23, r25
 9b8:	8a 1f       	adc	r24, r26
 9ba:	91 1d       	adc	r25, r1
 9bc:	a1 1d       	adc	r26, r1
 9be:	6a 0f       	add	r22, r26
 9c0:	71 1d       	adc	r23, r1
 9c2:	81 1d       	adc	r24, r1
 9c4:	91 1d       	adc	r25, r1
 9c6:	a1 1d       	adc	r26, r1
 9c8:	20 d0       	rcall	.+64     	; 0xa0a <__ultoa_invert+0x84>
 9ca:	09 f4       	brne	.+2      	; 0x9ce <__ultoa_invert+0x48>
 9cc:	68 94       	set
 9ce:	3f 91       	pop	r19
 9d0:	2a e0       	ldi	r18, 0x0A	; 10
 9d2:	26 9f       	mul	r18, r22
 9d4:	11 24       	eor	r1, r1
 9d6:	30 19       	sub	r19, r0
 9d8:	30 5d       	subi	r19, 0xD0	; 208
 9da:	31 93       	st	Z+, r19
 9dc:	de f6       	brtc	.-74     	; 0x994 <__ultoa_invert+0xe>
 9de:	cf 01       	movw	r24, r30
 9e0:	08 95       	ret
 9e2:	46 2f       	mov	r20, r22
 9e4:	47 70       	andi	r20, 0x07	; 7
 9e6:	40 5d       	subi	r20, 0xD0	; 208
 9e8:	41 93       	st	Z+, r20
 9ea:	b3 e0       	ldi	r27, 0x03	; 3
 9ec:	0f d0       	rcall	.+30     	; 0xa0c <__ultoa_invert+0x86>
 9ee:	c9 f7       	brne	.-14     	; 0x9e2 <__ultoa_invert+0x5c>
 9f0:	f6 cf       	rjmp	.-20     	; 0x9de <__ultoa_invert+0x58>
 9f2:	46 2f       	mov	r20, r22
 9f4:	4f 70       	andi	r20, 0x0F	; 15
 9f6:	40 5d       	subi	r20, 0xD0	; 208
 9f8:	4a 33       	cpi	r20, 0x3A	; 58
 9fa:	18 f0       	brcs	.+6      	; 0xa02 <__ultoa_invert+0x7c>
 9fc:	49 5d       	subi	r20, 0xD9	; 217
 9fe:	31 fd       	sbrc	r19, 1
 a00:	40 52       	subi	r20, 0x20	; 32
 a02:	41 93       	st	Z+, r20
 a04:	02 d0       	rcall	.+4      	; 0xa0a <__ultoa_invert+0x84>
 a06:	a9 f7       	brne	.-22     	; 0x9f2 <__ultoa_invert+0x6c>
 a08:	ea cf       	rjmp	.-44     	; 0x9de <__ultoa_invert+0x58>
 a0a:	b4 e0       	ldi	r27, 0x04	; 4
 a0c:	a6 95       	lsr	r26
 a0e:	97 95       	ror	r25
 a10:	87 95       	ror	r24
 a12:	77 95       	ror	r23
 a14:	67 95       	ror	r22
 a16:	ba 95       	dec	r27
 a18:	c9 f7       	brne	.-14     	; 0xa0c <__ultoa_invert+0x86>
 a1a:	00 97       	sbiw	r24, 0x00	; 0
 a1c:	61 05       	cpc	r22, r1
 a1e:	71 05       	cpc	r23, r1
 a20:	08 95       	ret
 a22:	9b 01       	movw	r18, r22
 a24:	ac 01       	movw	r20, r24
 a26:	0a 2e       	mov	r0, r26
 a28:	06 94       	lsr	r0
 a2a:	57 95       	ror	r21
 a2c:	47 95       	ror	r20
 a2e:	37 95       	ror	r19
 a30:	27 95       	ror	r18
 a32:	ba 95       	dec	r27
 a34:	c9 f7       	brne	.-14     	; 0xa28 <__ultoa_invert+0xa2>
 a36:	62 0f       	add	r22, r18
 a38:	73 1f       	adc	r23, r19
 a3a:	84 1f       	adc	r24, r20
 a3c:	95 1f       	adc	r25, r21
 a3e:	a0 1d       	adc	r26, r0
 a40:	08 95       	ret

00000a42 <__prologue_saves__>:
 a42:	2f 92       	push	r2
 a44:	3f 92       	push	r3
 a46:	4f 92       	push	r4
 a48:	5f 92       	push	r5
 a4a:	6f 92       	push	r6
 a4c:	7f 92       	push	r7
 a4e:	8f 92       	push	r8
 a50:	9f 92       	push	r9
 a52:	af 92       	push	r10
 a54:	bf 92       	push	r11
 a56:	cf 92       	push	r12
 a58:	df 92       	push	r13
 a5a:	ef 92       	push	r14
 a5c:	ff 92       	push	r15
 a5e:	0f 93       	push	r16
 a60:	1f 93       	push	r17
 a62:	cf 93       	push	r28
 a64:	df 93       	push	r29
 a66:	cd b7       	in	r28, 0x3d	; 61
 a68:	de b7       	in	r29, 0x3e	; 62
 a6a:	ca 1b       	sub	r28, r26
 a6c:	db 0b       	sbc	r29, r27
 a6e:	0f b6       	in	r0, 0x3f	; 63
 a70:	f8 94       	cli
 a72:	de bf       	out	0x3e, r29	; 62
 a74:	0f be       	out	0x3f, r0	; 63
 a76:	cd bf       	out	0x3d, r28	; 61
 a78:	09 94       	ijmp

00000a7a <__epilogue_restores__>:
 a7a:	2a 88       	ldd	r2, Y+18	; 0x12
 a7c:	39 88       	ldd	r3, Y+17	; 0x11
 a7e:	48 88       	ldd	r4, Y+16	; 0x10
 a80:	5f 84       	ldd	r5, Y+15	; 0x0f
 a82:	6e 84       	ldd	r6, Y+14	; 0x0e
 a84:	7d 84       	ldd	r7, Y+13	; 0x0d
 a86:	8c 84       	ldd	r8, Y+12	; 0x0c
 a88:	9b 84       	ldd	r9, Y+11	; 0x0b
 a8a:	aa 84       	ldd	r10, Y+10	; 0x0a
 a8c:	b9 84       	ldd	r11, Y+9	; 0x09
 a8e:	c8 84       	ldd	r12, Y+8	; 0x08
 a90:	df 80       	ldd	r13, Y+7	; 0x07
 a92:	ee 80       	ldd	r14, Y+6	; 0x06
 a94:	fd 80       	ldd	r15, Y+5	; 0x05
 a96:	0c 81       	ldd	r16, Y+4	; 0x04
 a98:	1b 81       	ldd	r17, Y+3	; 0x03
 a9a:	aa 81       	ldd	r26, Y+2	; 0x02
 a9c:	b9 81       	ldd	r27, Y+1	; 0x01
 a9e:	ce 0f       	add	r28, r30
 aa0:	d1 1d       	adc	r29, r1
 aa2:	0f b6       	in	r0, 0x3f	; 63
 aa4:	f8 94       	cli
 aa6:	de bf       	out	0x3e, r29	; 62
 aa8:	0f be       	out	0x3f, r0	; 63
 aaa:	cd bf       	out	0x3d, r28	; 61
 aac:	ed 01       	movw	r28, r26
 aae:	08 95       	ret

00000ab0 <_exit>:
 ab0:	f8 94       	cli

00000ab2 <__stop_program>:
 ab2:	ff cf       	rjmp	.-2      	; 0xab2 <__stop_program>
